[0.457s] DEBUG:colcon:Command line arguments: ['/usr/bin/colcon', 'build']
[0.457s] DEBUG:colcon:Parsed command line arguments: Namespace(log_base=None, log_level=None, verb_name='build', build_base='build', install_base='install', merge_install=False, symlink_install=False, test_result_base=None, continue_on_error=False, executor='parallel', parallel_workers=12, event_handlers=None, ignore_user_meta=False, metas=['./colcon.meta'], base_paths=['.'], packages_ignore=None, packages_ignore_regex=None, paths=None, packages_up_to=None, packages_up_to_regex=None, packages_above=None, packages_above_and_dependencies=None, packages_above_depth=None, packages_select_by_dep=None, packages_skip_by_dep=None, packages_skip_up_to=None, packages_select_build_failed=False, packages_skip_build_finished=False, packages_select_test_failures=False, packages_skip_test_passed=False, packages_select=None, packages_skip=None, packages_select_regex=None, packages_skip_regex=None, packages_start=None, packages_end=None, allow_overriding=[], cmake_args=None, cmake_target=None, cmake_target_skip_unavailable=False, cmake_clean_cache=False, cmake_clean_first=False, cmake_force_configure=False, ament_cmake_args=None, catkin_cmake_args=None, catkin_skip_building_tests=False, verb_parser=<colcon_defaults.argument_parser.defaults.DefaultArgumentsDecorator object at 0x7f92578d9a80>, verb_extension=<colcon_core.verb.build.BuildVerb object at 0x7f92578d9510>, main=<bound method BuildVerb.main of <colcon_core.verb.build.BuildVerb object at 0x7f92578d9510>>)
[0.487s] Level 1:colcon.colcon_core.package_discovery:discover_packages(colcon_meta) check parameters
[0.488s] Level 1:colcon.colcon_core.package_discovery:discover_packages(recursive) check parameters
[0.488s] Level 1:colcon.colcon_core.package_discovery:discover_packages(ignore) check parameters
[0.488s] Level 1:colcon.colcon_core.package_discovery:discover_packages(path) check parameters
[0.488s] Level 1:colcon.colcon_core.package_discovery:discover_packages(colcon_meta) discover
[0.488s] Level 1:colcon.colcon_core.package_discovery:discover_packages(recursive) discover
[0.488s] INFO:colcon.colcon_core.package_discovery:Crawling recursively for packages in '/home/beyza/ros2_ws'
[0.488s] Level 1:colcon.colcon_core.package_identification:_identify(.) by extensions ['ignore', 'ignore_ament_install']
[0.488s] Level 1:colcon.colcon_core.package_identification:_identify(.) by extension 'ignore'
[0.488s] Level 1:colcon.colcon_core.package_identification:_identify(.) by extension 'ignore_ament_install'
[0.489s] Level 1:colcon.colcon_core.package_identification:_identify(.) by extensions ['colcon_pkg']
[0.489s] Level 1:colcon.colcon_core.package_identification:_identify(.) by extension 'colcon_pkg'
[0.489s] Level 1:colcon.colcon_core.package_identification:_identify(.) by extensions ['colcon_meta']
[0.489s] Level 1:colcon.colcon_core.package_identification:_identify(.) by extension 'colcon_meta'
[0.489s] Level 1:colcon.colcon_core.package_identification:_identify(.) by extensions ['ros']
[0.489s] Level 1:colcon.colcon_core.package_identification:_identify(.) by extension 'ros'
[0.504s] Level 1:colcon.colcon_core.package_identification:_identify(.) by extensions ['cmake', 'python']
[0.504s] Level 1:colcon.colcon_core.package_identification:_identify(.) by extension 'cmake'
[0.504s] Level 1:colcon.colcon_core.package_identification:_identify(.) by extension 'python'
[0.504s] Level 1:colcon.colcon_core.package_identification:_identify(.) by extensions ['python_setup_py']
[0.504s] Level 1:colcon.colcon_core.package_identification:_identify(.) by extension 'python_setup_py'
[0.504s] Level 1:colcon.colcon_core.package_identification:_identify(build) by extensions ['ignore', 'ignore_ament_install']
[0.504s] Level 1:colcon.colcon_core.package_identification:_identify(build) by extension 'ignore'
[0.504s] Level 1:colcon.colcon_core.package_identification:_identify(build) ignored
[0.505s] Level 1:colcon.colcon_core.package_identification:_identify(install) by extensions ['ignore', 'ignore_ament_install']
[0.505s] Level 1:colcon.colcon_core.package_identification:_identify(install) by extension 'ignore'
[0.505s] Level 1:colcon.colcon_core.package_identification:_identify(install) ignored
[0.505s] Level 1:colcon.colcon_core.package_identification:_identify(log) by extensions ['ignore', 'ignore_ament_install']
[0.505s] Level 1:colcon.colcon_core.package_identification:_identify(log) by extension 'ignore'
[0.505s] Level 1:colcon.colcon_core.package_identification:_identify(log) ignored
[0.506s] Level 1:colcon.colcon_core.package_identification:_identify(src) by extensions ['ignore', 'ignore_ament_install']
[0.506s] Level 1:colcon.colcon_core.package_identification:_identify(src) by extension 'ignore'
[0.506s] Level 1:colcon.colcon_core.package_identification:_identify(src) by extension 'ignore_ament_install'
[0.506s] Level 1:colcon.colcon_core.package_identification:_identify(src) by extensions ['colcon_pkg']
[0.506s] Level 1:colcon.colcon_core.package_identification:_identify(src) by extension 'colcon_pkg'
[0.506s] Level 1:colcon.colcon_core.package_identification:_identify(src) by extensions ['colcon_meta']
[0.506s] Level 1:colcon.colcon_core.package_identification:_identify(src) by extension 'colcon_meta'
[0.506s] Level 1:colcon.colcon_core.package_identification:_identify(src) by extensions ['ros']
[0.506s] Level 1:colcon.colcon_core.package_identification:_identify(src) by extension 'ros'
[0.506s] Level 1:colcon.colcon_core.package_identification:_identify(src) by extensions ['cmake', 'python']
[0.507s] Level 1:colcon.colcon_core.package_identification:_identify(src) by extension 'cmake'
[0.507s] Level 1:colcon.colcon_core.package_identification:_identify(src) by extension 'python'
[0.507s] Level 1:colcon.colcon_core.package_identification:_identify(src) by extensions ['python_setup_py']
[0.507s] Level 1:colcon.colcon_core.package_identification:_identify(src) by extension 'python_setup_py'
[0.507s] Level 1:colcon.colcon_core.package_identification:_identify(src/my_py_pkg) by extensions ['ignore', 'ignore_ament_install']
[0.507s] Level 1:colcon.colcon_core.package_identification:_identify(src/my_py_pkg) by extension 'ignore'
[0.507s] Level 1:colcon.colcon_core.package_identification:_identify(src/my_py_pkg) by extension 'ignore_ament_install'
[0.507s] Level 1:colcon.colcon_core.package_identification:_identify(src/my_py_pkg) by extensions ['colcon_pkg']
[0.507s] Level 1:colcon.colcon_core.package_identification:_identify(src/my_py_pkg) by extension 'colcon_pkg'
[0.508s] Level 1:colcon.colcon_core.package_identification:_identify(src/my_py_pkg) by extensions ['colcon_meta']
[0.508s] Level 1:colcon.colcon_core.package_identification:_identify(src/my_py_pkg) by extension 'colcon_meta'
[0.508s] Level 1:colcon.colcon_core.package_identification:_identify(src/my_py_pkg) by extensions ['ros']
[0.508s] Level 1:colcon.colcon_core.package_identification:_identify(src/my_py_pkg) by extension 'ros'
[0.511s] DEBUG:colcon.colcon_core.package_identification:Package 'src/my_py_pkg' with type 'ros.ament_python' and name 'my_py_pkg'
[0.511s] Level 1:colcon.colcon_core.package_identification:_identify(src/my_robot_bringup) by extensions ['ignore', 'ignore_ament_install']
[0.511s] Level 1:colcon.colcon_core.package_identification:_identify(src/my_robot_bringup) by extension 'ignore'
[0.511s] Level 1:colcon.colcon_core.package_identification:_identify(src/my_robot_bringup) by extension 'ignore_ament_install'
[0.512s] Level 1:colcon.colcon_core.package_identification:_identify(src/my_robot_bringup) by extensions ['colcon_pkg']
[0.512s] Level 1:colcon.colcon_core.package_identification:_identify(src/my_robot_bringup) by extension 'colcon_pkg'
[0.512s] Level 1:colcon.colcon_core.package_identification:_identify(src/my_robot_bringup) by extensions ['colcon_meta']
[0.512s] Level 1:colcon.colcon_core.package_identification:_identify(src/my_robot_bringup) by extension 'colcon_meta'
[0.512s] Level 1:colcon.colcon_core.package_identification:_identify(src/my_robot_bringup) by extensions ['ros']
[0.512s] Level 1:colcon.colcon_core.package_identification:_identify(src/my_robot_bringup) by extension 'ros'
[0.513s] DEBUG:colcon.colcon_core.package_identification:Package 'src/my_robot_bringup' with type 'ros.ament_cmake' and name 'my_robot_bringup'
[0.513s] Level 1:colcon.colcon_core.package_identification:_identify(src/my_robot_interfaces) by extensions ['ignore', 'ignore_ament_install']
[0.513s] Level 1:colcon.colcon_core.package_identification:_identify(src/my_robot_interfaces) by extension 'ignore'
[0.513s] Level 1:colcon.colcon_core.package_identification:_identify(src/my_robot_interfaces) by extension 'ignore_ament_install'
[0.513s] Level 1:colcon.colcon_core.package_identification:_identify(src/my_robot_interfaces) by extensions ['colcon_pkg']
[0.513s] Level 1:colcon.colcon_core.package_identification:_identify(src/my_robot_interfaces) by extension 'colcon_pkg'
[0.513s] Level 1:colcon.colcon_core.package_identification:_identify(src/my_robot_interfaces) by extensions ['colcon_meta']
[0.513s] Level 1:colcon.colcon_core.package_identification:_identify(src/my_robot_interfaces) by extension 'colcon_meta'
[0.514s] Level 1:colcon.colcon_core.package_identification:_identify(src/my_robot_interfaces) by extensions ['ros']
[0.514s] Level 1:colcon.colcon_core.package_identification:_identify(src/my_robot_interfaces) by extension 'ros'
[0.514s] DEBUG:colcon.colcon_core.package_identification:Package 'src/my_robot_interfaces' with type 'ros.ament_cmake' and name 'my_robot_interfaces'
[0.514s] Level 1:colcon.colcon_core.package_discovery:discover_packages(recursive) using defaults
[0.514s] Level 1:colcon.colcon_core.package_discovery:discover_packages(ignore) discover
[0.514s] Level 1:colcon.colcon_core.package_discovery:discover_packages(ignore) using defaults
[0.515s] Level 1:colcon.colcon_core.package_discovery:discover_packages(path) discover
[0.515s] Level 1:colcon.colcon_core.package_discovery:discover_packages(path) using defaults
[0.544s] Level 1:colcon.colcon_core.package_discovery:discover_packages(prefix_path) check parameters
[0.545s] Level 1:colcon.colcon_core.package_discovery:discover_packages(prefix_path) discover
[0.548s] DEBUG:colcon.colcon_installed_package_information.package_discovery:Found 1 installed packages in /home/beyza/nav_ws/install
[0.549s] DEBUG:colcon.colcon_installed_package_information.package_discovery:Found 3 installed packages in /home/beyza/turtlebot3_ws/install
[0.551s] DEBUG:colcon.colcon_installed_package_information.package_discovery:Found 3 installed packages in /home/beyza/ros2_ws/install
[0.553s] DEBUG:colcon.colcon_installed_package_information.package_discovery:Found 342 installed packages in /opt/ros/humble
[0.557s] Level 1:colcon.colcon_core.package_discovery:discover_packages(prefix_path) using defaults
[0.647s] Level 5:colcon.colcon_core.verb:set package 'my_robot_interfaces' build argument 'cmake_args' from command line to 'None'
[0.647s] Level 5:colcon.colcon_core.verb:set package 'my_robot_interfaces' build argument 'cmake_target' from command line to 'None'
[0.647s] Level 5:colcon.colcon_core.verb:set package 'my_robot_interfaces' build argument 'cmake_target_skip_unavailable' from command line to 'False'
[0.647s] Level 5:colcon.colcon_core.verb:set package 'my_robot_interfaces' build argument 'cmake_clean_cache' from command line to 'False'
[0.647s] Level 5:colcon.colcon_core.verb:set package 'my_robot_interfaces' build argument 'cmake_clean_first' from command line to 'False'
[0.647s] Level 5:colcon.colcon_core.verb:set package 'my_robot_interfaces' build argument 'cmake_force_configure' from command line to 'False'
[0.648s] Level 5:colcon.colcon_core.verb:set package 'my_robot_interfaces' build argument 'ament_cmake_args' from command line to 'None'
[0.648s] Level 5:colcon.colcon_core.verb:set package 'my_robot_interfaces' build argument 'catkin_cmake_args' from command line to 'None'
[0.648s] Level 5:colcon.colcon_core.verb:set package 'my_robot_interfaces' build argument 'catkin_skip_building_tests' from command line to 'False'
[0.648s] DEBUG:colcon.colcon_core.verb:Building package 'my_robot_interfaces' with the following arguments: {'ament_cmake_args': None, 'build_base': '/home/beyza/ros2_ws/build/my_robot_interfaces', 'catkin_cmake_args': None, 'catkin_skip_building_tests': False, 'cmake_args': None, 'cmake_clean_cache': False, 'cmake_clean_first': False, 'cmake_force_configure': False, 'cmake_target': None, 'cmake_target_skip_unavailable': False, 'install_base': '/home/beyza/ros2_ws/install/my_robot_interfaces', 'merge_install': False, 'path': '/home/beyza/ros2_ws/src/my_robot_interfaces', 'symlink_install': False, 'test_result_base': None}
[0.649s] Level 5:colcon.colcon_core.verb:set package 'my_py_pkg' build argument 'cmake_args' from command line to 'None'
[0.649s] Level 5:colcon.colcon_core.verb:set package 'my_py_pkg' build argument 'cmake_target' from command line to 'None'
[0.649s] Level 5:colcon.colcon_core.verb:set package 'my_py_pkg' build argument 'cmake_target_skip_unavailable' from command line to 'False'
[0.649s] Level 5:colcon.colcon_core.verb:set package 'my_py_pkg' build argument 'cmake_clean_cache' from command line to 'False'
[0.649s] Level 5:colcon.colcon_core.verb:set package 'my_py_pkg' build argument 'cmake_clean_first' from command line to 'False'
[0.649s] Level 5:colcon.colcon_core.verb:set package 'my_py_pkg' build argument 'cmake_force_configure' from command line to 'False'
[0.649s] Level 5:colcon.colcon_core.verb:set package 'my_py_pkg' build argument 'ament_cmake_args' from command line to 'None'
[0.650s] Level 5:colcon.colcon_core.verb:set package 'my_py_pkg' build argument 'catkin_cmake_args' from command line to 'None'
[0.650s] Level 5:colcon.colcon_core.verb:set package 'my_py_pkg' build argument 'catkin_skip_building_tests' from command line to 'False'
[0.650s] DEBUG:colcon.colcon_core.verb:Building package 'my_py_pkg' with the following arguments: {'ament_cmake_args': None, 'build_base': '/home/beyza/ros2_ws/build/my_py_pkg', 'catkin_cmake_args': None, 'catkin_skip_building_tests': False, 'cmake_args': None, 'cmake_clean_cache': False, 'cmake_clean_first': False, 'cmake_force_configure': False, 'cmake_target': None, 'cmake_target_skip_unavailable': False, 'install_base': '/home/beyza/ros2_ws/install/my_py_pkg', 'merge_install': False, 'path': '/home/beyza/ros2_ws/src/my_py_pkg', 'symlink_install': False, 'test_result_base': None}
[0.651s] Level 5:colcon.colcon_core.verb:set package 'my_robot_bringup' build argument 'cmake_args' from command line to 'None'
[0.651s] Level 5:colcon.colcon_core.verb:set package 'my_robot_bringup' build argument 'cmake_target' from command line to 'None'
[0.651s] Level 5:colcon.colcon_core.verb:set package 'my_robot_bringup' build argument 'cmake_target_skip_unavailable' from command line to 'False'
[0.651s] Level 5:colcon.colcon_core.verb:set package 'my_robot_bringup' build argument 'cmake_clean_cache' from command line to 'False'
[0.651s] Level 5:colcon.colcon_core.verb:set package 'my_robot_bringup' build argument 'cmake_clean_first' from command line to 'False'
[0.651s] Level 5:colcon.colcon_core.verb:set package 'my_robot_bringup' build argument 'cmake_force_configure' from command line to 'False'
[0.651s] Level 5:colcon.colcon_core.verb:set package 'my_robot_bringup' build argument 'ament_cmake_args' from command line to 'None'
[0.651s] Level 5:colcon.colcon_core.verb:set package 'my_robot_bringup' build argument 'catkin_cmake_args' from command line to 'None'
[0.652s] Level 5:colcon.colcon_core.verb:set package 'my_robot_bringup' build argument 'catkin_skip_building_tests' from command line to 'False'
[0.652s] DEBUG:colcon.colcon_core.verb:Building package 'my_robot_bringup' with the following arguments: {'ament_cmake_args': None, 'build_base': '/home/beyza/ros2_ws/build/my_robot_bringup', 'catkin_cmake_args': None, 'catkin_skip_building_tests': False, 'cmake_args': None, 'cmake_clean_cache': False, 'cmake_clean_first': False, 'cmake_force_configure': False, 'cmake_target': None, 'cmake_target_skip_unavailable': False, 'install_base': '/home/beyza/ros2_ws/install/my_robot_bringup', 'merge_install': False, 'path': '/home/beyza/ros2_ws/src/my_robot_bringup', 'symlink_install': False, 'test_result_base': None}
[0.653s] INFO:colcon.colcon_core.executor:Executing jobs using 'parallel' executor
[0.657s] DEBUG:colcon.colcon_parallel_executor.executor.parallel:run_until_complete
[0.657s] INFO:colcon.colcon_ros.task.ament_cmake.build:Building ROS package in '/home/beyza/ros2_ws/src/my_robot_interfaces' with build type 'ament_cmake'
[0.657s] INFO:colcon.colcon_cmake.task.cmake.build:Building CMake package in '/home/beyza/ros2_ws/src/my_robot_interfaces'
[0.663s] INFO:colcon.colcon_core.plugin_system:Skipping extension 'colcon_core.shell.bat': Not used on non-Windows systems
[0.663s] INFO:colcon.colcon_core.shell:Skip shell extension 'powershell' for command environment: Not usable outside of PowerShell
[0.663s] DEBUG:colcon.colcon_core.shell:Skip shell extension 'dsv' for command environment
[0.678s] DEBUG:colcon.colcon_core.event_handler.log_command:Invoking command in '/home/beyza/ros2_ws/build/my_robot_interfaces': CMAKE_PREFIX_PATH=${CMAKE_PREFIX_PATH}:/home/beyza/ros2_ws/install/my_py_pkg:/home/beyza/nav_ws/install/a_star:/opt/ros/humble /usr/bin/cmake --build /home/beyza/ros2_ws/build/my_robot_interfaces -- -j12 -l12
[1.073s] DEBUG:colcon.colcon_core.event_handler.log_command:Invoked command in '/home/beyza/ros2_ws/build/my_robot_interfaces' returned '0': CMAKE_PREFIX_PATH=${CMAKE_PREFIX_PATH}:/home/beyza/ros2_ws/install/my_py_pkg:/home/beyza/nav_ws/install/a_star:/opt/ros/humble /usr/bin/cmake --build /home/beyza/ros2_ws/build/my_robot_interfaces -- -j12 -l12
[1.178s] DEBUG:colcon.colcon_core.event_handler.log_command:Invoking command in '/home/beyza/ros2_ws/build/my_robot_interfaces': CMAKE_PREFIX_PATH=${CMAKE_PREFIX_PATH}:/home/beyza/ros2_ws/install/my_py_pkg:/home/beyza/nav_ws/install/a_star:/opt/ros/humble /usr/bin/cmake --install /home/beyza/ros2_ws/build/my_robot_interfaces
[1.228s] Level 1:colcon.colcon_core.environment:create_environment_scripts_only(my_robot_interfaces)
[1.229s] DEBUG:colcon.colcon_core.event_handler.log_command:Invoked command in '/home/beyza/ros2_ws/build/my_robot_interfaces' returned '0': CMAKE_PREFIX_PATH=${CMAKE_PREFIX_PATH}:/home/beyza/ros2_ws/install/my_py_pkg:/home/beyza/nav_ws/install/a_star:/opt/ros/humble /usr/bin/cmake --install /home/beyza/ros2_ws/build/my_robot_interfaces
[1.234s] Level 1:colcon.colcon_core.environment:checking '/home/beyza/ros2_ws/install/my_robot_interfaces' for CMake module files
[1.235s] Level 1:colcon.colcon_core.environment:checking '/home/beyza/ros2_ws/install/my_robot_interfaces' for CMake config files
[1.236s] Level 1:colcon.colcon_core.shell:create_environment_hook('my_robot_interfaces', 'cmake_prefix_path')
[1.244s] INFO:colcon.colcon_core.shell:Creating environment hook '/home/beyza/ros2_ws/install/my_robot_interfaces/share/my_robot_interfaces/hook/cmake_prefix_path.ps1'
[1.247s] INFO:colcon.colcon_core.shell:Creating environment descriptor '/home/beyza/ros2_ws/install/my_robot_interfaces/share/my_robot_interfaces/hook/cmake_prefix_path.dsv'
[1.249s] INFO:colcon.colcon_core.shell:Creating environment hook '/home/beyza/ros2_ws/install/my_robot_interfaces/share/my_robot_interfaces/hook/cmake_prefix_path.sh'
[1.252s] Level 1:colcon.colcon_core.environment:checking '/home/beyza/ros2_ws/install/my_robot_interfaces/lib'
[1.252s] Level 1:colcon.colcon_core.shell:create_environment_hook('my_robot_interfaces', 'ld_library_path_lib')
[1.256s] INFO:colcon.colcon_core.shell:Creating environment hook '/home/beyza/ros2_ws/install/my_robot_interfaces/share/my_robot_interfaces/hook/ld_library_path_lib.ps1'
[1.257s] INFO:colcon.colcon_core.shell:Creating environment descriptor '/home/beyza/ros2_ws/install/my_robot_interfaces/share/my_robot_interfaces/hook/ld_library_path_lib.dsv'
[1.258s] INFO:colcon.colcon_core.shell:Creating environment hook '/home/beyza/ros2_ws/install/my_robot_interfaces/share/my_robot_interfaces/hook/ld_library_path_lib.sh'
[1.259s] Level 1:colcon.colcon_core.environment:checking '/home/beyza/ros2_ws/install/my_robot_interfaces/bin'
[1.259s] Level 1:colcon.colcon_core.environment:checking '/home/beyza/ros2_ws/install/my_robot_interfaces/lib/pkgconfig/my_robot_interfaces.pc'
[1.260s] Level 1:colcon.colcon_core.environment:checking '/home/beyza/ros2_ws/install/my_robot_interfaces/lib/python3.10/site-packages'
[1.260s] Level 1:colcon.colcon_core.environment:checking '/home/beyza/ros2_ws/install/my_robot_interfaces/bin'
[1.263s] INFO:colcon.colcon_core.shell:Creating package script '/home/beyza/ros2_ws/install/my_robot_interfaces/share/my_robot_interfaces/package.ps1'
[1.265s] INFO:colcon.colcon_core.shell:Creating package descriptor '/home/beyza/ros2_ws/install/my_robot_interfaces/share/my_robot_interfaces/package.dsv'
[1.266s] INFO:colcon.colcon_core.shell:Creating package script '/home/beyza/ros2_ws/install/my_robot_interfaces/share/my_robot_interfaces/package.sh'
[1.267s] INFO:colcon.colcon_core.shell:Creating package script '/home/beyza/ros2_ws/install/my_robot_interfaces/share/my_robot_interfaces/package.bash'
[1.269s] INFO:colcon.colcon_core.shell:Creating package script '/home/beyza/ros2_ws/install/my_robot_interfaces/share/my_robot_interfaces/package.zsh'
[1.270s] Level 1:colcon.colcon_core.environment:create_file_with_runtime_dependencies(/home/beyza/ros2_ws/install/my_robot_interfaces/share/colcon-core/packages/my_robot_interfaces)
[1.396s] Level 1:colcon.colcon_core.environment:create_environment_scripts_only(my_robot_interfaces)
[1.399s] Level 1:colcon.colcon_core.environment:checking '/home/beyza/ros2_ws/install/my_robot_interfaces' for CMake module files
[1.400s] Level 1:colcon.colcon_core.environment:checking '/home/beyza/ros2_ws/install/my_robot_interfaces' for CMake config files
[1.400s] Level 1:colcon.colcon_core.shell:create_environment_hook('my_robot_interfaces', 'cmake_prefix_path')
[1.401s] INFO:colcon.colcon_core.shell:Creating environment hook '/home/beyza/ros2_ws/install/my_robot_interfaces/share/my_robot_interfaces/hook/cmake_prefix_path.ps1'
[1.402s] INFO:colcon.colcon_core.shell:Creating environment descriptor '/home/beyza/ros2_ws/install/my_robot_interfaces/share/my_robot_interfaces/hook/cmake_prefix_path.dsv'
[1.402s] INFO:colcon.colcon_core.shell:Creating environment hook '/home/beyza/ros2_ws/install/my_robot_interfaces/share/my_robot_interfaces/hook/cmake_prefix_path.sh'
[1.402s] Level 1:colcon.colcon_core.environment:checking '/home/beyza/ros2_ws/install/my_robot_interfaces/lib'
[1.402s] Level 1:colcon.colcon_core.shell:create_environment_hook('my_robot_interfaces', 'ld_library_path_lib')
[1.403s] INFO:colcon.colcon_core.shell:Creating environment hook '/home/beyza/ros2_ws/install/my_robot_interfaces/share/my_robot_interfaces/hook/ld_library_path_lib.ps1'
[1.404s] INFO:colcon.colcon_core.shell:Creating environment descriptor '/home/beyza/ros2_ws/install/my_robot_interfaces/share/my_robot_interfaces/hook/ld_library_path_lib.dsv'
[1.404s] INFO:colcon.colcon_core.shell:Creating environment hook '/home/beyza/ros2_ws/install/my_robot_interfaces/share/my_robot_interfaces/hook/ld_library_path_lib.sh'
[1.404s] Level 1:colcon.colcon_core.environment:checking '/home/beyza/ros2_ws/install/my_robot_interfaces/bin'
[1.404s] Level 1:colcon.colcon_core.environment:checking '/home/beyza/ros2_ws/install/my_robot_interfaces/lib/pkgconfig/my_robot_interfaces.pc'
[1.404s] Level 1:colcon.colcon_core.environment:checking '/home/beyza/ros2_ws/install/my_robot_interfaces/lib/python3.10/site-packages'
[1.405s] Level 1:colcon.colcon_core.environment:checking '/home/beyza/ros2_ws/install/my_robot_interfaces/bin'
[1.407s] INFO:colcon.colcon_core.shell:Creating package script '/home/beyza/ros2_ws/install/my_robot_interfaces/share/my_robot_interfaces/package.ps1'
[1.407s] INFO:colcon.colcon_core.shell:Creating package descriptor '/home/beyza/ros2_ws/install/my_robot_interfaces/share/my_robot_interfaces/package.dsv'
[1.408s] INFO:colcon.colcon_core.shell:Creating package script '/home/beyza/ros2_ws/install/my_robot_interfaces/share/my_robot_interfaces/package.sh'
[1.408s] INFO:colcon.colcon_core.shell:Creating package script '/home/beyza/ros2_ws/install/my_robot_interfaces/share/my_robot_interfaces/package.bash'
[1.408s] INFO:colcon.colcon_core.shell:Creating package script '/home/beyza/ros2_ws/install/my_robot_interfaces/share/my_robot_interfaces/package.zsh'
[1.409s] Level 1:colcon.colcon_core.environment:create_file_with_runtime_dependencies(/home/beyza/ros2_ws/install/my_robot_interfaces/share/colcon-core/packages/my_robot_interfaces)
[1.409s] INFO:colcon.colcon_ros.task.ament_python.build:Building ROS package in '/home/beyza/ros2_ws/src/my_py_pkg' with build type 'ament_python'
[1.409s] Level 1:colcon.colcon_core.shell:create_environment_hook('my_py_pkg', 'ament_prefix_path')
[1.411s] INFO:colcon.colcon_core.shell:Creating environment hook '/home/beyza/ros2_ws/install/my_py_pkg/share/my_py_pkg/hook/ament_prefix_path.ps1'
[1.412s] INFO:colcon.colcon_core.shell:Creating environment descriptor '/home/beyza/ros2_ws/install/my_py_pkg/share/my_py_pkg/hook/ament_prefix_path.dsv'
[1.412s] INFO:colcon.colcon_core.shell:Creating environment hook '/home/beyza/ros2_ws/install/my_py_pkg/share/my_py_pkg/hook/ament_prefix_path.sh'
[1.414s] INFO:colcon.colcon_core.shell:Skip shell extension 'powershell' for command environment: Not usable outside of PowerShell
[1.414s] DEBUG:colcon.colcon_core.shell:Skip shell extension 'dsv' for command environment
[1.743s] INFO:colcon.colcon_core.task.python.build:Building Python package in '/home/beyza/ros2_ws/src/my_py_pkg'
[1.745s] INFO:colcon.colcon_core.shell:Skip shell extension 'powershell' for command environment: Not usable outside of PowerShell
[1.745s] DEBUG:colcon.colcon_core.shell:Skip shell extension 'dsv' for command environment
[2.325s] DEBUG:colcon.colcon_core.event_handler.log_command:Invoking command in '/home/beyza/ros2_ws/build/my_py_pkg': PYTHONPATH=/home/beyza/ros2_ws/build/my_py_pkg/prefix_override:/home/beyza/ros2_ws/install/my_py_pkg/lib/python3.10/site-packages:${PYTHONPATH} /usr/bin/python3 setup.py develop --uninstall --editable --build-directory /home/beyza/ros2_ws/build/my_py_pkg/build
[2.994s] DEBUG:colcon.colcon_core.event_handler.log_command:Invoked command in '/home/beyza/ros2_ws/build/my_py_pkg' returned '0': PYTHONPATH=/home/beyza/ros2_ws/build/my_py_pkg/prefix_override:/home/beyza/ros2_ws/install/my_py_pkg/lib/python3.10/site-packages:${PYTHONPATH} /usr/bin/python3 setup.py develop --uninstall --editable --build-directory /home/beyza/ros2_ws/build/my_py_pkg/build
[2.996s] DEBUG:colcon.colcon_core.event_handler.log_command:Invoking command in '/home/beyza/ros2_ws/src/my_py_pkg': PYTHONPATH=/home/beyza/ros2_ws/build/my_py_pkg/prefix_override:/home/beyza/ros2_ws/install/my_py_pkg/lib/python3.10/site-packages:${PYTHONPATH} /usr/bin/python3 setup.py egg_info --egg-base ../../build/my_py_pkg build --build-base /home/beyza/ros2_ws/build/my_py_pkg/build install --record /home/beyza/ros2_ws/build/my_py_pkg/install.log --single-version-externally-managed
[3.468s] Level 1:colcon.colcon_core.environment:checking '/home/beyza/ros2_ws/install/my_py_pkg' for CMake module files
[3.469s] DEBUG:colcon.colcon_core.event_handler.log_command:Invoked command in '/home/beyza/ros2_ws/src/my_py_pkg' returned '0': PYTHONPATH=/home/beyza/ros2_ws/build/my_py_pkg/prefix_override:/home/beyza/ros2_ws/install/my_py_pkg/lib/python3.10/site-packages:${PYTHONPATH} /usr/bin/python3 setup.py egg_info --egg-base ../../build/my_py_pkg build --build-base /home/beyza/ros2_ws/build/my_py_pkg/build install --record /home/beyza/ros2_ws/build/my_py_pkg/install.log --single-version-externally-managed
[3.469s] Level 1:colcon.colcon_core.environment:checking '/home/beyza/ros2_ws/install/my_py_pkg' for CMake config files
[3.470s] Level 1:colcon.colcon_core.environment:checking '/home/beyza/ros2_ws/install/my_py_pkg/lib'
[3.471s] Level 1:colcon.colcon_core.environment:checking '/home/beyza/ros2_ws/install/my_py_pkg/bin'
[3.471s] Level 1:colcon.colcon_core.environment:checking '/home/beyza/ros2_ws/install/my_py_pkg/lib/pkgconfig/my_py_pkg.pc'
[3.471s] Level 1:colcon.colcon_core.environment:checking '/home/beyza/ros2_ws/install/my_py_pkg/lib/python3.10/site-packages'
[3.471s] Level 1:colcon.colcon_core.shell:create_environment_hook('my_py_pkg', 'pythonpath')
[3.473s] INFO:colcon.colcon_core.shell:Creating environment hook '/home/beyza/ros2_ws/install/my_py_pkg/share/my_py_pkg/hook/pythonpath.ps1'
[3.474s] INFO:colcon.colcon_core.shell:Creating environment descriptor '/home/beyza/ros2_ws/install/my_py_pkg/share/my_py_pkg/hook/pythonpath.dsv'
[3.474s] INFO:colcon.colcon_core.shell:Creating environment hook '/home/beyza/ros2_ws/install/my_py_pkg/share/my_py_pkg/hook/pythonpath.sh'
[3.475s] Level 1:colcon.colcon_core.environment:checking '/home/beyza/ros2_ws/install/my_py_pkg/bin'
[3.475s] Level 1:colcon.colcon_core.environment:create_environment_scripts_only(my_py_pkg)
[3.477s] INFO:colcon.colcon_core.shell:Creating package script '/home/beyza/ros2_ws/install/my_py_pkg/share/my_py_pkg/package.ps1'
[3.477s] INFO:colcon.colcon_core.shell:Creating package descriptor '/home/beyza/ros2_ws/install/my_py_pkg/share/my_py_pkg/package.dsv'
[3.478s] INFO:colcon.colcon_core.shell:Creating package script '/home/beyza/ros2_ws/install/my_py_pkg/share/my_py_pkg/package.sh'
[3.479s] INFO:colcon.colcon_core.shell:Creating package script '/home/beyza/ros2_ws/install/my_py_pkg/share/my_py_pkg/package.bash'
[3.479s] INFO:colcon.colcon_core.shell:Creating package script '/home/beyza/ros2_ws/install/my_py_pkg/share/my_py_pkg/package.zsh'
[3.480s] Level 1:colcon.colcon_core.environment:create_file_with_runtime_dependencies(/home/beyza/ros2_ws/install/my_py_pkg/share/colcon-core/packages/my_py_pkg)
[3.480s] INFO:colcon.colcon_ros.task.ament_cmake.build:Building ROS package in '/home/beyza/ros2_ws/src/my_robot_bringup' with build type 'ament_cmake'
[3.480s] INFO:colcon.colcon_cmake.task.cmake.build:Building CMake package in '/home/beyza/ros2_ws/src/my_robot_bringup'
[3.482s] INFO:colcon.colcon_core.shell:Skip shell extension 'powershell' for command environment: Not usable outside of PowerShell
[3.482s] DEBUG:colcon.colcon_core.shell:Skip shell extension 'dsv' for command environment
[3.504s] DEBUG:colcon.colcon_core.event_handler.log_command:Invoking command in '/home/beyza/ros2_ws/build/my_robot_bringup': CMAKE_PREFIX_PATH=${CMAKE_PREFIX_PATH}:/home/beyza/ros2_ws/install/my_py_pkg:/home/beyza/nav_ws/install/a_star:/opt/ros/humble /usr/bin/cmake --build /home/beyza/ros2_ws/build/my_robot_bringup -- -j12 -l12
[3.848s] DEBUG:colcon.colcon_core.event_handler.log_command:Invoked command in '/home/beyza/ros2_ws/build/my_robot_bringup' returned '0': CMAKE_PREFIX_PATH=${CMAKE_PREFIX_PATH}:/home/beyza/ros2_ws/install/my_py_pkg:/home/beyza/nav_ws/install/a_star:/opt/ros/humble /usr/bin/cmake --build /home/beyza/ros2_ws/build/my_robot_bringup -- -j12 -l12
[3.878s] DEBUG:colcon.colcon_core.event_handler.log_command:Invoking command in '/home/beyza/ros2_ws/build/my_robot_bringup': CMAKE_PREFIX_PATH=${CMAKE_PREFIX_PATH}:/home/beyza/ros2_ws/install/my_py_pkg:/home/beyza/nav_ws/install/a_star:/opt/ros/humble /usr/bin/cmake --install /home/beyza/ros2_ws/build/my_robot_bringup
[3.892s] Level 1:colcon.colcon_core.environment:create_environment_scripts_only(my_robot_bringup)
[3.895s] Level 1:colcon.colcon_core.environment:checking '/home/beyza/ros2_ws/install/my_robot_bringup' for CMake module files
[3.896s] DEBUG:colcon.colcon_core.event_handler.log_command:Invoked command in '/home/beyza/ros2_ws/build/my_robot_bringup' returned '0': CMAKE_PREFIX_PATH=${CMAKE_PREFIX_PATH}:/home/beyza/ros2_ws/install/my_py_pkg:/home/beyza/nav_ws/install/a_star:/opt/ros/humble /usr/bin/cmake --install /home/beyza/ros2_ws/build/my_robot_bringup
[3.896s] Level 1:colcon.colcon_core.environment:checking '/home/beyza/ros2_ws/install/my_robot_bringup' for CMake config files
[3.896s] Level 1:colcon.colcon_core.shell:create_environment_hook('my_robot_bringup', 'cmake_prefix_path')
[3.898s] INFO:colcon.colcon_core.shell:Creating environment hook '/home/beyza/ros2_ws/install/my_robot_bringup/share/my_robot_bringup/hook/cmake_prefix_path.ps1'
[3.899s] INFO:colcon.colcon_core.shell:Creating environment descriptor '/home/beyza/ros2_ws/install/my_robot_bringup/share/my_robot_bringup/hook/cmake_prefix_path.dsv'
[3.899s] INFO:colcon.colcon_core.shell:Creating environment hook '/home/beyza/ros2_ws/install/my_robot_bringup/share/my_robot_bringup/hook/cmake_prefix_path.sh'
[3.900s] Level 1:colcon.colcon_core.environment:checking '/home/beyza/ros2_ws/install/my_robot_bringup/bin'
[3.900s] Level 1:colcon.colcon_core.environment:checking '/home/beyza/ros2_ws/install/my_robot_bringup/lib/pkgconfig/my_robot_bringup.pc'
[3.900s] Level 1:colcon.colcon_core.environment:checking '/home/beyza/ros2_ws/install/my_robot_bringup/lib/python3.10/site-packages'
[3.900s] Level 1:colcon.colcon_core.environment:checking '/home/beyza/ros2_ws/install/my_robot_bringup/bin'
[3.903s] INFO:colcon.colcon_core.shell:Creating package script '/home/beyza/ros2_ws/install/my_robot_bringup/share/my_robot_bringup/package.ps1'
[3.904s] INFO:colcon.colcon_core.shell:Creating package descriptor '/home/beyza/ros2_ws/install/my_robot_bringup/share/my_robot_bringup/package.dsv'
[3.905s] INFO:colcon.colcon_core.shell:Creating package script '/home/beyza/ros2_ws/install/my_robot_bringup/share/my_robot_bringup/package.sh'
[3.906s] INFO:colcon.colcon_core.shell:Creating package script '/home/beyza/ros2_ws/install/my_robot_bringup/share/my_robot_bringup/package.bash'
[3.906s] INFO:colcon.colcon_core.shell:Creating package script '/home/beyza/ros2_ws/install/my_robot_bringup/share/my_robot_bringup/package.zsh'
[3.907s] Level 1:colcon.colcon_core.environment:create_file_with_runtime_dependencies(/home/beyza/ros2_ws/install/my_robot_bringup/share/colcon-core/packages/my_robot_bringup)
[3.938s] Level 1:colcon.colcon_core.environment:create_environment_scripts_only(my_robot_bringup)
[3.941s] Level 1:colcon.colcon_core.environment:checking '/home/beyza/ros2_ws/install/my_robot_bringup' for CMake module files
[3.942s] Level 1:colcon.colcon_core.environment:checking '/home/beyza/ros2_ws/install/my_robot_bringup' for CMake config files
[3.942s] Level 1:colcon.colcon_core.shell:create_environment_hook('my_robot_bringup', 'cmake_prefix_path')
[3.944s] INFO:colcon.colcon_core.shell:Creating environment hook '/home/beyza/ros2_ws/install/my_robot_bringup/share/my_robot_bringup/hook/cmake_prefix_path.ps1'
[3.945s] INFO:colcon.colcon_core.shell:Creating environment descriptor '/home/beyza/ros2_ws/install/my_robot_bringup/share/my_robot_bringup/hook/cmake_prefix_path.dsv'
[3.945s] INFO:colcon.colcon_core.shell:Creating environment hook '/home/beyza/ros2_ws/install/my_robot_bringup/share/my_robot_bringup/hook/cmake_prefix_path.sh'
[3.945s] Level 1:colcon.colcon_core.environment:checking '/home/beyza/ros2_ws/install/my_robot_bringup/bin'
[3.946s] Level 1:colcon.colcon_core.environment:checking '/home/beyza/ros2_ws/install/my_robot_bringup/lib/pkgconfig/my_robot_bringup.pc'
[3.946s] Level 1:colcon.colcon_core.environment:checking '/home/beyza/ros2_ws/install/my_robot_bringup/lib/python3.10/site-packages'
[3.946s] Level 1:colcon.colcon_core.environment:checking '/home/beyza/ros2_ws/install/my_robot_bringup/bin'
[3.949s] INFO:colcon.colcon_core.shell:Creating package script '/home/beyza/ros2_ws/install/my_robot_bringup/share/my_robot_bringup/package.ps1'
[3.950s] INFO:colcon.colcon_core.shell:Creating package descriptor '/home/beyza/ros2_ws/install/my_robot_bringup/share/my_robot_bringup/package.dsv'
[3.951s] INFO:colcon.colcon_core.shell:Creating package script '/home/beyza/ros2_ws/install/my_robot_bringup/share/my_robot_bringup/package.sh'
[3.951s] INFO:colcon.colcon_core.shell:Creating package script '/home/beyza/ros2_ws/install/my_robot_bringup/share/my_robot_bringup/package.bash'
[3.952s] INFO:colcon.colcon_core.shell:Creating package script '/home/beyza/ros2_ws/install/my_robot_bringup/share/my_robot_bringup/package.zsh'
[3.953s] Level 1:colcon.colcon_core.environment:create_file_with_runtime_dependencies(/home/beyza/ros2_ws/install/my_robot_bringup/share/colcon-core/packages/my_robot_bringup)
[3.953s] DEBUG:colcon.colcon_parallel_executor.executor.parallel:closing loop
[3.954s] DEBUG:colcon.colcon_parallel_executor.executor.parallel:loop closed
[3.954s] DEBUG:colcon.colcon_parallel_executor.executor.parallel:run_until_complete finished with '0'
[3.954s] DEBUG:colcon.colcon_core.event_reactor:joining thread
[3.961s] INFO:colcon.colcon_core.plugin_system:Skipping extension 'colcon_notification.desktop_notification.terminal_notifier': Not used on non-Darwin systems
[3.962s] INFO:colcon.colcon_core.plugin_system:Skipping extension 'colcon_notification.desktop_notification.win32': Not used on non-Windows systems
[3.962s] INFO:colcon.colcon_notification.desktop_notification:Sending desktop notification using 'notify2'
[3.980s] DEBUG:colcon.colcon_core.event_reactor:joined thread
[3.982s] INFO:colcon.colcon_core.shell:Creating prefix script '/home/beyza/ros2_ws/install/local_setup.ps1'
[3.983s] INFO:colcon.colcon_core.shell:Creating prefix util module '/home/beyza/ros2_ws/install/_local_setup_util_ps1.py'
[3.985s] INFO:colcon.colcon_core.shell:Creating prefix chain script '/home/beyza/ros2_ws/install/setup.ps1'
[3.989s] INFO:colcon.colcon_core.shell:Creating prefix script '/home/beyza/ros2_ws/install/local_setup.sh'
[3.989s] INFO:colcon.colcon_core.shell:Creating prefix util module '/home/beyza/ros2_ws/install/_local_setup_util_sh.py'
[3.990s] INFO:colcon.colcon_core.shell:Creating prefix chain script '/home/beyza/ros2_ws/install/setup.sh'
[3.992s] INFO:colcon.colcon_core.shell:Creating prefix script '/home/beyza/ros2_ws/install/local_setup.bash'
[3.993s] INFO:colcon.colcon_core.shell:Creating prefix chain script '/home/beyza/ros2_ws/install/setup.bash'
[3.996s] INFO:colcon.colcon_core.shell:Creating prefix script '/home/beyza/ros2_ws/install/local_setup.zsh'
[3.997s] INFO:colcon.colcon_core.shell:Creating prefix chain script '/home/beyza/ros2_ws/install/setup.zsh'
