[1.269s] Invoking command in '/home/beyza/ros2_ws/build/my_py_pkg': CMAKE_PREFIX_PATH=/home/beyza/ros2_ws/install/my_robot_interfaces:/home/beyza/ros2_ws/install/my_robot_bringup:/home/beyza/turtlebot3_ws/install/turtlebot3_simulations:/home/beyza/turtlebot3_ws/install/turtlebot3_gazebo:/home/beyza/turtlebot3_ws/install/turtlebot3_fake_node PYTHONPATH=/home/beyza/ros2_ws/build/my_py_pkg/prefix_override:/home/beyza/ros2_ws/install/my_py_pkg/lib/python3.10/site-packages:${PYTHONPATH} /usr/bin/python3 setup.py develop --uninstall --editable --build-directory /home/beyza/ros2_ws/build/my_py_pkg/build
[1.648s] running develop
[1.945s] Invoked command in '/home/beyza/ros2_ws/build/my_py_pkg' returned '0': CMAKE_PREFIX_PATH=/home/beyza/ros2_ws/install/my_robot_interfaces:/home/beyza/ros2_ws/install/my_robot_bringup:/home/beyza/turtlebot3_ws/install/turtlebot3_simulations:/home/beyza/turtlebot3_ws/install/turtlebot3_gazebo:/home/beyza/turtlebot3_ws/install/turtlebot3_fake_node PYTHONPATH=/home/beyza/ros2_ws/build/my_py_pkg/prefix_override:/home/beyza/ros2_ws/install/my_py_pkg/lib/python3.10/site-packages:${PYTHONPATH} /usr/bin/python3 setup.py develop --uninstall --editable --build-directory /home/beyza/ros2_ws/build/my_py_pkg/build
[1.946s] Invoking command in '/home/beyza/ros2_ws/src/my_py_pkg': CMAKE_PREFIX_PATH=/home/beyza/ros2_ws/install/my_robot_interfaces:/home/beyza/ros2_ws/install/my_robot_bringup:/home/beyza/turtlebot3_ws/install/turtlebot3_simulations:/home/beyza/turtlebot3_ws/install/turtlebot3_gazebo:/home/beyza/turtlebot3_ws/install/turtlebot3_fake_node PYTHONPATH=/home/beyza/ros2_ws/build/my_py_pkg/prefix_override:/home/beyza/ros2_ws/install/my_py_pkg/lib/python3.10/site-packages:${PYTHONPATH} /usr/bin/python3 setup.py egg_info --egg-base ../../build/my_py_pkg build --build-base /home/beyza/ros2_ws/build/my_py_pkg/build install --record /home/beyza/ros2_ws/build/my_py_pkg/install.log --single-version-externally-managed
[2.301s] running egg_info
[2.302s] writing ../../build/my_py_pkg/my_py_pkg.egg-info/PKG-INFO
[2.302s] writing dependency_links to ../../build/my_py_pkg/my_py_pkg.egg-info/dependency_links.txt
[2.303s] writing entry points to ../../build/my_py_pkg/my_py_pkg.egg-info/entry_points.txt
[2.303s] writing requirements to ../../build/my_py_pkg/my_py_pkg.egg-info/requires.txt
[2.303s] writing top-level names to ../../build/my_py_pkg/my_py_pkg.egg-info/top_level.txt
[2.305s] reading manifest file '../../build/my_py_pkg/my_py_pkg.egg-info/SOURCES.txt'
[2.306s] writing manifest file '../../build/my_py_pkg/my_py_pkg.egg-info/SOURCES.txt'
[2.307s] running build
[2.307s] running build_py
[2.308s] running install
[2.308s] running install_lib
[2.310s] running install_data
[2.311s] running install_egg_info
[2.313s] removing '/home/beyza/ros2_ws/install/my_py_pkg/lib/python3.10/site-packages/my_py_pkg-0.0.0-py3.10.egg-info' (and everything under it)
[2.313s] Copying ../../build/my_py_pkg/my_py_pkg.egg-info to /home/beyza/ros2_ws/install/my_py_pkg/lib/python3.10/site-packages/my_py_pkg-0.0.0-py3.10.egg-info
[2.314s] running install_scripts
[2.340s] Installing add_two_ints_client script to /home/beyza/ros2_ws/install/my_py_pkg/lib/my_py_pkg
[2.340s] Installing add_two_ints_client_no_oop script to /home/beyza/ros2_ws/install/my_py_pkg/lib/my_py_pkg
[2.340s] Installing add_two_ints_server script to /home/beyza/ros2_ws/install/my_py_pkg/lib/my_py_pkg
[2.341s] Installing battery script to /home/beyza/ros2_ws/install/my_py_pkg/lib/my_py_pkg
[2.341s] Installing hw_status_publisher script to /home/beyza/ros2_ws/install/my_py_pkg/lib/my_py_pkg
[2.341s] Installing led_panel script to /home/beyza/ros2_ws/install/my_py_pkg/lib/my_py_pkg
[2.341s] Installing number_counter script to /home/beyza/ros2_ws/install/my_py_pkg/lib/my_py_pkg
[2.341s] Installing number_publisher script to /home/beyza/ros2_ws/install/my_py_pkg/lib/my_py_pkg
[2.341s] Installing py_node script to /home/beyza/ros2_ws/install/my_py_pkg/lib/my_py_pkg
[2.342s] Installing robot_news_station script to /home/beyza/ros2_ws/install/my_py_pkg/lib/my_py_pkg
[2.342s] Installing smartphone script to /home/beyza/ros2_ws/install/my_py_pkg/lib/my_py_pkg
[2.342s] writing list of installed files to '/home/beyza/ros2_ws/build/my_py_pkg/install.log'
[2.375s] Invoked command in '/home/beyza/ros2_ws/src/my_py_pkg' returned '0': CMAKE_PREFIX_PATH=/home/beyza/ros2_ws/install/my_robot_interfaces:/home/beyza/ros2_ws/install/my_robot_bringup:/home/beyza/turtlebot3_ws/install/turtlebot3_simulations:/home/beyza/turtlebot3_ws/install/turtlebot3_gazebo:/home/beyza/turtlebot3_ws/install/turtlebot3_fake_node PYTHONPATH=/home/beyza/ros2_ws/build/my_py_pkg/prefix_override:/home/beyza/ros2_ws/install/my_py_pkg/lib/python3.10/site-packages:${PYTHONPATH} /usr/bin/python3 setup.py egg_info --egg-base ../../build/my_py_pkg build --build-base /home/beyza/ros2_ws/build/my_py_pkg/build install --record /home/beyza/ros2_ws/build/my_py_pkg/install.log --single-version-externally-managed
