[0.389s] Invoking command in '/home/beyza/ros2_ws/build/my_robot_interfaces': CMAKE_PREFIX_PATH=${CMAKE_PREFIX_PATH}:/home/beyza/ros2_ws/install/my_py_pkg:/home/beyza/nav_ws/install/a_star:/opt/ros/humble /usr/bin/cmake --build /home/beyza/ros2_ws/build/my_robot_interfaces -- -j12 -l12
[0.417s] -- Found ament_cmake: 1.3.3 (/opt/ros/humble/share/ament_cmake/cmake)
[0.603s] -- Found rosidl_default_generators: 1.2.0 (/opt/ros/humble/share/rosidl_default_generators/cmake)
[0.606s] -- Using all available rosidl_typesupport_c: rosidl_typesupport_fastrtps_c;rosidl_typesupport_introspection_c
[0.609s] -- Found rosidl_adapter: 3.1.4 (/opt/ros/humble/share/rosidl_adapter/cmake)
[0.653s] -- Using all available rosidl_typesupport_cpp: rosidl_typesupport_fastrtps_cpp;rosidl_typesupport_introspection_cpp
[0.998s] -- Found ament_cmake_ros: 0.10.0 (/opt/ros/humble/share/ament_cmake_ros/cmake)
[1.229s] -- Using all available rosidl_typesupport_c: rosidl_typesupport_fastrtps_c;rosidl_typesupport_introspection_c
[1.533s] -- Using all available rosidl_typesupport_cpp: rosidl_typesupport_fastrtps_cpp;rosidl_typesupport_introspection_cpp
[1.562s] -- Found python_cmake_module: 0.10.0 (/opt/ros/humble/share/python_cmake_module/cmake)
[1.592s] -- Using PYTHON_EXECUTABLE: /usr/bin/python3
[1.592s] -- Using PYTHON_INCLUDE_DIRS: /usr/include/python3.10
[1.592s] -- Using PYTHON_LIBRARIES: /usr/lib/x86_64-linux-gnu/libpython3.10.so
[1.615s] -- Configuring done
[1.652s] -- Generating done
[1.656s] -- Build files have been written to: /home/beyza/ros2_ws/build/my_robot_interfaces
[1.685s] [  3%] [34m[1mGenerating C code for ROS interfaces[0m
[1.697s] [  6%] [34m[1mGenerating C++ code for ROS interfaces[0m
[1.708s] [  6%] Built target ament_cmake_python_copy_my_robot_interfaces
[2.003s] [35m[1mConsolidate compiler generated dependencies of target my_robot_interfaces__rosidl_generator_c[0m
[2.007s] [  6%] Built target my_robot_interfaces__cpp
[2.017s] [  9%] [32mBuilding C object CMakeFiles/my_robot_interfaces__rosidl_generator_c.dir/rosidl_generator_c/my_robot_interfaces/msg/detail/hardware_status__functions.c.o[0m
[2.020s] [ 12%] [34m[1mGenerating C++ introspection for ROS interfaces[0m
[2.020s] [ 16%] [34m[1mGenerating C++ type support dispatch for ROS interfaces[0m
[2.021s] [ 19%] [34m[1mGenerating C++ type support for eProsima Fast-RTPS[0m
[2.077s] [ 22%] [32m[1mLinking C shared library libmy_robot_interfaces__rosidl_generator_c.so[0m
[2.085s] running egg_info
[2.086s] writing my_robot_interfaces.egg-info/PKG-INFO
[2.086s] writing dependency_links to my_robot_interfaces.egg-info/dependency_links.txt
[2.086s] writing top-level names to my_robot_interfaces.egg-info/top_level.txt
[2.089s] reading manifest file 'my_robot_interfaces.egg-info/SOURCES.txt'
[2.090s] writing manifest file 'my_robot_interfaces.egg-info/SOURCES.txt'
[2.123s] [ 22%] Built target my_robot_interfaces__rosidl_generator_c
[2.124s] [ 22%] Built target ament_cmake_python_build_my_robot_interfaces_egg
[2.135s] [ 29%] [34m[1mGenerating C type support dispatch for ROS interfaces[0m
[2.135s] [ 29%] [34m[1mGenerating C type support for eProsima Fast-RTPS[0m
[2.136s] [ 32%] [34m[1mGenerating C introspection for ROS interfaces[0m
[2.287s] [35m[1mConsolidate compiler generated dependencies of target my_robot_interfaces__rosidl_typesupport_cpp[0m
[2.303s] [ 35%] [32mBuilding CXX object CMakeFiles/my_robot_interfaces__rosidl_typesupport_cpp.dir/rosidl_typesupport_cpp/my_robot_interfaces/msg/hardware_status__type_support.cpp.o[0m
[2.305s] [35m[1mConsolidate compiler generated dependencies of target my_robot_interfaces__rosidl_typesupport_introspection_cpp[0m
[2.315s] [35m[1mConsolidate compiler generated dependencies of target my_robot_interfaces__rosidl_typesupport_fastrtps_cpp[0m
[2.321s] [ 38%] [32mBuilding CXX object CMakeFiles/my_robot_interfaces__rosidl_typesupport_introspection_cpp.dir/rosidl_typesupport_introspection_cpp/my_robot_interfaces/msg/detail/hardware_status__type_support.cpp.o[0m
[2.331s] [ 41%] [32mBuilding CXX object CMakeFiles/my_robot_interfaces__rosidl_typesupport_fastrtps_cpp.dir/rosidl_typesupport_fastrtps_cpp/my_robot_interfaces/msg/detail/dds_fastrtps/hardware_status__type_support.cpp.o[0m
[2.402s] [35m[1mConsolidate compiler generated dependencies of target my_robot_interfaces__rosidl_typesupport_c[0m
[2.416s] [ 45%] [32mBuilding CXX object CMakeFiles/my_robot_interfaces__rosidl_typesupport_c.dir/rosidl_typesupport_c/my_robot_interfaces/msg/hardware_status__type_support.cpp.o[0m
[2.434s] [35m[1mConsolidate compiler generated dependencies of target my_robot_interfaces__rosidl_typesupport_introspection_c[0m
[2.436s] [35m[1mConsolidate compiler generated dependencies of target my_robot_interfaces__rosidl_typesupport_fastrtps_c[0m
[2.447s] [ 48%] [32mBuilding C object CMakeFiles/my_robot_interfaces__rosidl_typesupport_introspection_c.dir/rosidl_typesupport_introspection_c/my_robot_interfaces/msg/detail/hardware_status__type_support.c.o[0m
[2.452s] [ 51%] [32mBuilding CXX object CMakeFiles/my_robot_interfaces__rosidl_typesupport_fastrtps_c.dir/rosidl_typesupport_fastrtps_c/my_robot_interfaces/msg/detail/hardware_status__type_support_c.cpp.o[0m
[2.454s] [ 54%] [32m[1mLinking CXX shared library libmy_robot_interfaces__rosidl_typesupport_c.so[0m
[2.490s] [ 58%] [32m[1mLinking C shared library libmy_robot_interfaces__rosidl_typesupport_introspection_c.so[0m
[2.507s] [ 58%] Built target my_robot_interfaces__rosidl_typesupport_c
[2.528s] [ 58%] Built target my_robot_interfaces__rosidl_typesupport_introspection_c
[2.645s] [ 61%] [32m[1mLinking CXX shared library libmy_robot_interfaces__rosidl_typesupport_cpp.so[0m
[2.697s] [ 61%] Built target my_robot_interfaces__rosidl_typesupport_cpp
[2.791s] [ 64%] [32m[1mLinking CXX shared library libmy_robot_interfaces__rosidl_typesupport_introspection_cpp.so[0m
[2.828s] [ 67%] [32m[1mLinking CXX shared library libmy_robot_interfaces__rosidl_typesupport_fastrtps_cpp.so[0m
[2.870s] [ 67%] Built target my_robot_interfaces__rosidl_typesupport_introspection_cpp
[2.891s] [ 70%] [32m[1mLinking CXX shared library libmy_robot_interfaces__rosidl_typesupport_fastrtps_c.so[0m
[2.920s] [ 70%] Built target my_robot_interfaces__rosidl_typesupport_fastrtps_cpp
[2.980s] [ 70%] Built target my_robot_interfaces__rosidl_typesupport_fastrtps_c
[3.003s] [ 70%] Built target my_robot_interfaces
[3.027s] [ 74%] [34m[1mGenerating Python code for ROS interfaces[0m
[3.386s] [ 74%] Built target my_robot_interfaces__py
[3.398s] [35m[1mConsolidate compiler generated dependencies of target my_robot_interfaces__rosidl_generator_py[0m
[3.414s] [ 77%] [32mBuilding C object CMakeFiles/my_robot_interfaces__rosidl_generator_py.dir/rosidl_generator_py/my_robot_interfaces/msg/_hardware_status_s.c.o[0m
[3.542s] [ 80%] [32m[1mLinking C shared library rosidl_generator_py/my_robot_interfaces/libmy_robot_interfaces__rosidl_generator_py.so[0m
[3.589s] [ 80%] Built target my_robot_interfaces__rosidl_generator_py
[3.601s] [35m[1mConsolidate compiler generated dependencies of target my_robot_interfaces__rosidl_typesupport_fastrtps_c__pyext[0m
[3.601s] [35m[1mConsolidate compiler generated dependencies of target my_robot_interfaces__rosidl_typesupport_introspection_c__pyext[0m
[3.601s] [35m[1mConsolidate compiler generated dependencies of target my_robot_interfaces__rosidl_typesupport_c__pyext[0m
[3.617s] [ 87%] [32mBuilding C object CMakeFiles/my_robot_interfaces__rosidl_typesupport_fastrtps_c__pyext.dir/rosidl_generator_py/my_robot_interfaces/_my_robot_interfaces_s.ep.rosidl_typesupport_fastrtps_c.c.o[0m
[3.617s] [ 87%] [32mBuilding C object CMakeFiles/my_robot_interfaces__rosidl_typesupport_introspection_c__pyext.dir/rosidl_generator_py/my_robot_interfaces/_my_robot_interfaces_s.ep.rosidl_typesupport_introspection_c.c.o[0m
[3.617s] [ 90%] [32mBuilding C object CMakeFiles/my_robot_interfaces__rosidl_typesupport_c__pyext.dir/rosidl_generator_py/my_robot_interfaces/_my_robot_interfaces_s.ep.rosidl_typesupport_c.c.o[0m
[3.733s] [ 93%] [32m[1mLinking C shared library rosidl_generator_py/my_robot_interfaces/my_robot_interfaces_s__rosidl_typesupport_c.cpython-310-x86_64-linux-gnu.so[0m
[3.734s] [ 96%] [32m[1mLinking C shared library rosidl_generator_py/my_robot_interfaces/my_robot_interfaces_s__rosidl_typesupport_introspection_c.cpython-310-x86_64-linux-gnu.so[0m
[3.740s] [100%] [32m[1mLinking C shared library rosidl_generator_py/my_robot_interfaces/my_robot_interfaces_s__rosidl_typesupport_fastrtps_c.cpython-310-x86_64-linux-gnu.so[0m
[3.773s] [100%] Built target my_robot_interfaces__rosidl_typesupport_c__pyext
[3.775s] [100%] Built target my_robot_interfaces__rosidl_typesupport_introspection_c__pyext
[3.783s] [100%] Built target my_robot_interfaces__rosidl_typesupport_fastrtps_c__pyext
[3.796s] Invoked command in '/home/beyza/ros2_ws/build/my_robot_interfaces' returned '0': CMAKE_PREFIX_PATH=${CMAKE_PREFIX_PATH}:/home/beyza/ros2_ws/install/my_py_pkg:/home/beyza/nav_ws/install/a_star:/opt/ros/humble /usr/bin/cmake --build /home/beyza/ros2_ws/build/my_robot_interfaces -- -j12 -l12
[3.884s] Invoking command in '/home/beyza/ros2_ws/build/my_robot_interfaces': CMAKE_PREFIX_PATH=${CMAKE_PREFIX_PATH}:/home/beyza/ros2_ws/install/my_py_pkg:/home/beyza/nav_ws/install/a_star:/opt/ros/humble /usr/bin/cmake --install /home/beyza/ros2_ws/build/my_robot_interfaces
[3.893s] -- Install configuration: ""
[3.893s] -- Up-to-date: /home/beyza/ros2_ws/install/my_robot_interfaces/share/ament_index/resource_index/rosidl_interfaces/my_robot_interfaces
[3.893s] -- Up-to-date: /home/beyza/ros2_ws/install/my_robot_interfaces/include/my_robot_interfaces/my_robot_interfaces
[3.893s] -- Up-to-date: /home/beyza/ros2_ws/install/my_robot_interfaces/include/my_robot_interfaces/my_robot_interfaces/msg
[3.893s] -- Up-to-date: /home/beyza/ros2_ws/install/my_robot_interfaces/include/my_robot_interfaces/my_robot_interfaces/msg/rosidl_generator_c__visibility_control.h
[3.894s] -- Installing: /home/beyza/ros2_ws/install/my_robot_interfaces/include/my_robot_interfaces/my_robot_interfaces/msg/hardware_status.h
[3.894s] -- Up-to-date: /home/beyza/ros2_ws/install/my_robot_interfaces/include/my_robot_interfaces/my_robot_interfaces/msg/detail
[3.894s] -- Installing: /home/beyza/ros2_ws/install/my_robot_interfaces/include/my_robot_interfaces/my_robot_interfaces/msg/detail/hardware_status__type_support.h
[3.894s] -- Installing: /home/beyza/ros2_ws/install/my_robot_interfaces/include/my_robot_interfaces/my_robot_interfaces/msg/detail/hardware_status__struct.h
[3.894s] -- Installing: /home/beyza/ros2_ws/install/my_robot_interfaces/include/my_robot_interfaces/my_robot_interfaces/msg/detail/hardware_status__functions.c
[3.894s] -- Installing: /home/beyza/ros2_ws/install/my_robot_interfaces/include/my_robot_interfaces/my_robot_interfaces/msg/detail/hardware_status__functions.h
[3.894s] -- Up-to-date: /home/beyza/ros2_ws/install/my_robot_interfaces/share/my_robot_interfaces/environment/library_path.sh
[3.894s] -- Installing: /home/beyza/ros2_ws/install/my_robot_interfaces/share/my_robot_interfaces/environment/library_path.dsv
[3.895s] -- Installing: /home/beyza/ros2_ws/install/my_robot_interfaces/lib/libmy_robot_interfaces__rosidl_generator_c.so
[3.895s] -- Set runtime path of "/home/beyza/ros2_ws/install/my_robot_interfaces/lib/libmy_robot_interfaces__rosidl_generator_c.so" to ""
[3.895s] -- Up-to-date: /home/beyza/ros2_ws/install/my_robot_interfaces/include/my_robot_interfaces/my_robot_interfaces
[3.896s] -- Up-to-date: /home/beyza/ros2_ws/install/my_robot_interfaces/include/my_robot_interfaces/my_robot_interfaces/msg
[3.896s] -- Up-to-date: /home/beyza/ros2_ws/install/my_robot_interfaces/include/my_robot_interfaces/my_robot_interfaces/msg/detail
[3.896s] -- Installing: /home/beyza/ros2_ws/install/my_robot_interfaces/include/my_robot_interfaces/my_robot_interfaces/msg/detail/hardware_status__rosidl_typesupport_fastrtps_c.h
[3.896s] -- Up-to-date: /home/beyza/ros2_ws/install/my_robot_interfaces/include/my_robot_interfaces/my_robot_interfaces/msg/rosidl_typesupport_fastrtps_c__visibility_control.h
[3.896s] -- Installing: /home/beyza/ros2_ws/install/my_robot_interfaces/lib/libmy_robot_interfaces__rosidl_typesupport_fastrtps_c.so
[3.897s] -- Set runtime path of "/home/beyza/ros2_ws/install/my_robot_interfaces/lib/libmy_robot_interfaces__rosidl_typesupport_fastrtps_c.so" to ""
[3.897s] -- Up-to-date: /home/beyza/ros2_ws/install/my_robot_interfaces/include/my_robot_interfaces/my_robot_interfaces
[3.897s] -- Up-to-date: /home/beyza/ros2_ws/install/my_robot_interfaces/include/my_robot_interfaces/my_robot_interfaces/msg
[3.897s] -- Up-to-date: /home/beyza/ros2_ws/install/my_robot_interfaces/include/my_robot_interfaces/my_robot_interfaces/msg/rosidl_typesupport_introspection_c__visibility_control.h
[3.897s] -- Up-to-date: /home/beyza/ros2_ws/install/my_robot_interfaces/include/my_robot_interfaces/my_robot_interfaces/msg/detail
[3.897s] -- Installing: /home/beyza/ros2_ws/install/my_robot_interfaces/include/my_robot_interfaces/my_robot_interfaces/msg/detail/hardware_status__rosidl_typesupport_introspection_c.h
[3.897s] -- Installing: /home/beyza/ros2_ws/install/my_robot_interfaces/include/my_robot_interfaces/my_robot_interfaces/msg/detail/hardware_status__type_support.c
[3.898s] -- Installing: /home/beyza/ros2_ws/install/my_robot_interfaces/lib/libmy_robot_interfaces__rosidl_typesupport_introspection_c.so
[3.898s] -- Set runtime path of "/home/beyza/ros2_ws/install/my_robot_interfaces/lib/libmy_robot_interfaces__rosidl_typesupport_introspection_c.so" to ""
[3.898s] -- Installing: /home/beyza/ros2_ws/install/my_robot_interfaces/lib/libmy_robot_interfaces__rosidl_typesupport_c.so
[3.899s] -- Set runtime path of "/home/beyza/ros2_ws/install/my_robot_interfaces/lib/libmy_robot_interfaces__rosidl_typesupport_c.so" to ""
[3.899s] -- Up-to-date: /home/beyza/ros2_ws/install/my_robot_interfaces/include/my_robot_interfaces/my_robot_interfaces
[3.899s] -- Up-to-date: /home/beyza/ros2_ws/install/my_robot_interfaces/include/my_robot_interfaces/my_robot_interfaces/msg
[3.900s] -- Up-to-date: /home/beyza/ros2_ws/install/my_robot_interfaces/include/my_robot_interfaces/my_robot_interfaces/msg/detail
[3.900s] -- Installing: /home/beyza/ros2_ws/install/my_robot_interfaces/include/my_robot_interfaces/my_robot_interfaces/msg/detail/hardware_status__traits.hpp
[3.900s] -- Installing: /home/beyza/ros2_ws/install/my_robot_interfaces/include/my_robot_interfaces/my_robot_interfaces/msg/detail/hardware_status__struct.hpp
[3.900s] -- Installing: /home/beyza/ros2_ws/install/my_robot_interfaces/include/my_robot_interfaces/my_robot_interfaces/msg/detail/hardware_status__builder.hpp
[3.900s] -- Installing: /home/beyza/ros2_ws/install/my_robot_interfaces/include/my_robot_interfaces/my_robot_interfaces/msg/hardware_status.hpp
[3.900s] -- Up-to-date: /home/beyza/ros2_ws/install/my_robot_interfaces/include/my_robot_interfaces/my_robot_interfaces
[3.901s] -- Up-to-date: /home/beyza/ros2_ws/install/my_robot_interfaces/include/my_robot_interfaces/my_robot_interfaces/msg
[3.901s] -- Up-to-date: /home/beyza/ros2_ws/install/my_robot_interfaces/include/my_robot_interfaces/my_robot_interfaces/msg/detail
[3.901s] -- Up-to-date: /home/beyza/ros2_ws/install/my_robot_interfaces/include/my_robot_interfaces/my_robot_interfaces/msg/detail/dds_fastrtps
[3.901s] -- Installing: /home/beyza/ros2_ws/install/my_robot_interfaces/include/my_robot_interfaces/my_robot_interfaces/msg/detail/hardware_status__rosidl_typesupport_fastrtps_cpp.hpp
[3.901s] -- Up-to-date: /home/beyza/ros2_ws/install/my_robot_interfaces/include/my_robot_interfaces/my_robot_interfaces/msg/rosidl_typesupport_fastrtps_cpp__visibility_control.h
[3.901s] -- Installing: /home/beyza/ros2_ws/install/my_robot_interfaces/lib/libmy_robot_interfaces__rosidl_typesupport_fastrtps_cpp.so
[3.901s] -- Set runtime path of "/home/beyza/ros2_ws/install/my_robot_interfaces/lib/libmy_robot_interfaces__rosidl_typesupport_fastrtps_cpp.so" to ""
[3.902s] -- Up-to-date: /home/beyza/ros2_ws/install/my_robot_interfaces/include/my_robot_interfaces/my_robot_interfaces
[3.902s] -- Up-to-date: /home/beyza/ros2_ws/install/my_robot_interfaces/include/my_robot_interfaces/my_robot_interfaces/msg
[3.902s] -- Up-to-date: /home/beyza/ros2_ws/install/my_robot_interfaces/include/my_robot_interfaces/my_robot_interfaces/msg/detail
[3.902s] -- Installing: /home/beyza/ros2_ws/install/my_robot_interfaces/include/my_robot_interfaces/my_robot_interfaces/msg/detail/hardware_status__type_support.cpp
[3.902s] -- Installing: /home/beyza/ros2_ws/install/my_robot_interfaces/include/my_robot_interfaces/my_robot_interfaces/msg/detail/hardware_status__rosidl_typesupport_introspection_cpp.hpp
[3.902s] -- Installing: /home/beyza/ros2_ws/install/my_robot_interfaces/lib/libmy_robot_interfaces__rosidl_typesupport_introspection_cpp.so
[3.903s] -- Set runtime path of "/home/beyza/ros2_ws/install/my_robot_interfaces/lib/libmy_robot_interfaces__rosidl_typesupport_introspection_cpp.so" to ""
[3.903s] -- Installing: /home/beyza/ros2_ws/install/my_robot_interfaces/lib/libmy_robot_interfaces__rosidl_typesupport_cpp.so
[3.904s] -- Set runtime path of "/home/beyza/ros2_ws/install/my_robot_interfaces/lib/libmy_robot_interfaces__rosidl_typesupport_cpp.so" to ""
[3.904s] -- Up-to-date: /home/beyza/ros2_ws/install/my_robot_interfaces/share/my_robot_interfaces/environment/pythonpath.sh
[3.904s] -- Installing: /home/beyza/ros2_ws/install/my_robot_interfaces/share/my_robot_interfaces/environment/pythonpath.dsv
[3.904s] -- Up-to-date: /home/beyza/ros2_ws/install/my_robot_interfaces/local/lib/python3.10/dist-packages/my_robot_interfaces-0.0.0-py3.10.egg-info
[3.904s] -- Installing: /home/beyza/ros2_ws/install/my_robot_interfaces/local/lib/python3.10/dist-packages/my_robot_interfaces-0.0.0-py3.10.egg-info/top_level.txt
[3.904s] -- Installing: /home/beyza/ros2_ws/install/my_robot_interfaces/local/lib/python3.10/dist-packages/my_robot_interfaces-0.0.0-py3.10.egg-info/dependency_links.txt
[3.905s] -- Installing: /home/beyza/ros2_ws/install/my_robot_interfaces/local/lib/python3.10/dist-packages/my_robot_interfaces-0.0.0-py3.10.egg-info/SOURCES.txt
[3.905s] -- Installing: /home/beyza/ros2_ws/install/my_robot_interfaces/local/lib/python3.10/dist-packages/my_robot_interfaces-0.0.0-py3.10.egg-info/PKG-INFO
[3.905s] -- Up-to-date: /home/beyza/ros2_ws/install/my_robot_interfaces/local/lib/python3.10/dist-packages/my_robot_interfaces
[3.905s] -- Installing: /home/beyza/ros2_ws/install/my_robot_interfaces/local/lib/python3.10/dist-packages/my_robot_interfaces/_my_robot_interfaces_s.ep.rosidl_typesupport_introspection_c.c
[3.905s] -- Installing: /home/beyza/ros2_ws/install/my_robot_interfaces/local/lib/python3.10/dist-packages/my_robot_interfaces/my_robot_interfaces_s__rosidl_typesupport_c.cpython-310-x86_64-linux-gnu.so
[3.905s] -- Installing: /home/beyza/ros2_ws/install/my_robot_interfaces/local/lib/python3.10/dist-packages/my_robot_interfaces/libmy_robot_interfaces__rosidl_generator_py.so
[3.906s] -- Up-to-date: /home/beyza/ros2_ws/install/my_robot_interfaces/local/lib/python3.10/dist-packages/my_robot_interfaces/msg
[3.906s] -- Installing: /home/beyza/ros2_ws/install/my_robot_interfaces/local/lib/python3.10/dist-packages/my_robot_interfaces/msg/_hardware_status_s.c
[3.906s] -- Installing: /home/beyza/ros2_ws/install/my_robot_interfaces/local/lib/python3.10/dist-packages/my_robot_interfaces/msg/__init__.py
[3.906s] -- Installing: /home/beyza/ros2_ws/install/my_robot_interfaces/local/lib/python3.10/dist-packages/my_robot_interfaces/msg/_hardware_status.py
[3.906s] -- Installing: /home/beyza/ros2_ws/install/my_robot_interfaces/local/lib/python3.10/dist-packages/my_robot_interfaces/my_robot_interfaces_s__rosidl_typesupport_fastrtps_c.cpython-310-x86_64-linux-gnu.so
[3.906s] -- Installing: /home/beyza/ros2_ws/install/my_robot_interfaces/local/lib/python3.10/dist-packages/my_robot_interfaces/_my_robot_interfaces_s.ep.rosidl_typesupport_fastrtps_c.c
[3.906s] -- Installing: /home/beyza/ros2_ws/install/my_robot_interfaces/local/lib/python3.10/dist-packages/my_robot_interfaces/__init__.py
[3.907s] -- Installing: /home/beyza/ros2_ws/install/my_robot_interfaces/local/lib/python3.10/dist-packages/my_robot_interfaces/_my_robot_interfaces_s.ep.rosidl_typesupport_c.c
[3.907s] -- Installing: /home/beyza/ros2_ws/install/my_robot_interfaces/local/lib/python3.10/dist-packages/my_robot_interfaces/my_robot_interfaces_s__rosidl_typesupport_introspection_c.cpython-310-x86_64-linux-gnu.so
[3.953s] Listing '/home/beyza/ros2_ws/install/my_robot_interfaces/local/lib/python3.10/dist-packages/my_robot_interfaces'...
[3.953s] Compiling '/home/beyza/ros2_ws/install/my_robot_interfaces/local/lib/python3.10/dist-packages/my_robot_interfaces/__init__.py'...
[3.953s] Listing '/home/beyza/ros2_ws/install/my_robot_interfaces/local/lib/python3.10/dist-packages/my_robot_interfaces/msg'...
[3.953s] Compiling '/home/beyza/ros2_ws/install/my_robot_interfaces/local/lib/python3.10/dist-packages/my_robot_interfaces/msg/__init__.py'...
[3.953s] Compiling '/home/beyza/ros2_ws/install/my_robot_interfaces/local/lib/python3.10/dist-packages/my_robot_interfaces/msg/_hardware_status.py'...
[3.958s] -- Installing: /home/beyza/ros2_ws/install/my_robot_interfaces/local/lib/python3.10/dist-packages/my_robot_interfaces/my_robot_interfaces_s__rosidl_typesupport_fastrtps_c.cpython-310-x86_64-linux-gnu.so
[3.959s] -- Set runtime path of "/home/beyza/ros2_ws/install/my_robot_interfaces/local/lib/python3.10/dist-packages/my_robot_interfaces/my_robot_interfaces_s__rosidl_typesupport_fastrtps_c.cpython-310-x86_64-linux-gnu.so" to ""
[3.959s] -- Installing: /home/beyza/ros2_ws/install/my_robot_interfaces/local/lib/python3.10/dist-packages/my_robot_interfaces/my_robot_interfaces_s__rosidl_typesupport_introspection_c.cpython-310-x86_64-linux-gnu.so
[3.960s] -- Set runtime path of "/home/beyza/ros2_ws/install/my_robot_interfaces/local/lib/python3.10/dist-packages/my_robot_interfaces/my_robot_interfaces_s__rosidl_typesupport_introspection_c.cpython-310-x86_64-linux-gnu.so" to ""
[3.960s] -- Installing: /home/beyza/ros2_ws/install/my_robot_interfaces/local/lib/python3.10/dist-packages/my_robot_interfaces/my_robot_interfaces_s__rosidl_typesupport_c.cpython-310-x86_64-linux-gnu.so
[3.960s] -- Set runtime path of "/home/beyza/ros2_ws/install/my_robot_interfaces/local/lib/python3.10/dist-packages/my_robot_interfaces/my_robot_interfaces_s__rosidl_typesupport_c.cpython-310-x86_64-linux-gnu.so" to ""
[3.961s] -- Installing: /home/beyza/ros2_ws/install/my_robot_interfaces/lib/libmy_robot_interfaces__rosidl_generator_py.so
[3.961s] -- Set runtime path of "/home/beyza/ros2_ws/install/my_robot_interfaces/lib/libmy_robot_interfaces__rosidl_generator_py.so" to ""
[3.961s] -- Installing: /home/beyza/ros2_ws/install/my_robot_interfaces/share/my_robot_interfaces/msg/HardwareStatus.idl
[3.962s] -- Installing: /home/beyza/ros2_ws/install/my_robot_interfaces/share/my_robot_interfaces/msg/HardwareStatus.msg
[3.962s] -- Up-to-date: /home/beyza/ros2_ws/install/my_robot_interfaces/share/ament_index/resource_index/package_run_dependencies/my_robot_interfaces
[3.962s] -- Installing: /home/beyza/ros2_ws/install/my_robot_interfaces/share/ament_index/resource_index/parent_prefix_path/my_robot_interfaces
[3.962s] -- Up-to-date: /home/beyza/ros2_ws/install/my_robot_interfaces/share/my_robot_interfaces/environment/ament_prefix_path.sh
[3.962s] -- Installing: /home/beyza/ros2_ws/install/my_robot_interfaces/share/my_robot_interfaces/environment/ament_prefix_path.dsv
[3.962s] -- Up-to-date: /home/beyza/ros2_ws/install/my_robot_interfaces/share/my_robot_interfaces/environment/path.sh
[3.963s] -- Installing: /home/beyza/ros2_ws/install/my_robot_interfaces/share/my_robot_interfaces/environment/path.dsv
[3.963s] -- Up-to-date: /home/beyza/ros2_ws/install/my_robot_interfaces/share/my_robot_interfaces/local_setup.bash
[3.963s] -- Up-to-date: /home/beyza/ros2_ws/install/my_robot_interfaces/share/my_robot_interfaces/local_setup.sh
[3.963s] -- Up-to-date: /home/beyza/ros2_ws/install/my_robot_interfaces/share/my_robot_interfaces/local_setup.zsh
[3.963s] -- Installing: /home/beyza/ros2_ws/install/my_robot_interfaces/share/my_robot_interfaces/local_setup.dsv
[3.963s] -- Installing: /home/beyza/ros2_ws/install/my_robot_interfaces/share/my_robot_interfaces/package.dsv
[3.963s] -- Up-to-date: /home/beyza/ros2_ws/install/my_robot_interfaces/share/ament_index/resource_index/packages/my_robot_interfaces
[3.963s] -- Up-to-date: /home/beyza/ros2_ws/install/my_robot_interfaces/share/my_robot_interfaces/cmake/export_my_robot_interfaces__rosidl_generator_cExport.cmake
[3.963s] -- Up-to-date: /home/beyza/ros2_ws/install/my_robot_interfaces/share/my_robot_interfaces/cmake/export_my_robot_interfaces__rosidl_generator_cExport-noconfig.cmake
[3.964s] -- Up-to-date: /home/beyza/ros2_ws/install/my_robot_interfaces/share/my_robot_interfaces/cmake/export_my_robot_interfaces__rosidl_typesupport_fastrtps_cExport.cmake
[3.964s] -- Up-to-date: /home/beyza/ros2_ws/install/my_robot_interfaces/share/my_robot_interfaces/cmake/export_my_robot_interfaces__rosidl_typesupport_fastrtps_cExport-noconfig.cmake
[3.964s] -- Up-to-date: /home/beyza/ros2_ws/install/my_robot_interfaces/share/my_robot_interfaces/cmake/my_robot_interfaces__rosidl_typesupport_introspection_cExport.cmake
[3.964s] -- Up-to-date: /home/beyza/ros2_ws/install/my_robot_interfaces/share/my_robot_interfaces/cmake/my_robot_interfaces__rosidl_typesupport_introspection_cExport-noconfig.cmake
[3.964s] -- Up-to-date: /home/beyza/ros2_ws/install/my_robot_interfaces/share/my_robot_interfaces/cmake/my_robot_interfaces__rosidl_typesupport_cExport.cmake
[3.964s] -- Up-to-date: /home/beyza/ros2_ws/install/my_robot_interfaces/share/my_robot_interfaces/cmake/my_robot_interfaces__rosidl_typesupport_cExport-noconfig.cmake
[3.964s] -- Up-to-date: /home/beyza/ros2_ws/install/my_robot_interfaces/share/my_robot_interfaces/cmake/export_my_robot_interfaces__rosidl_generator_cppExport.cmake
[3.964s] -- Up-to-date: /home/beyza/ros2_ws/install/my_robot_interfaces/share/my_robot_interfaces/cmake/export_my_robot_interfaces__rosidl_typesupport_fastrtps_cppExport.cmake
[3.965s] -- Up-to-date: /home/beyza/ros2_ws/install/my_robot_interfaces/share/my_robot_interfaces/cmake/export_my_robot_interfaces__rosidl_typesupport_fastrtps_cppExport-noconfig.cmake
[3.965s] -- Up-to-date: /home/beyza/ros2_ws/install/my_robot_interfaces/share/my_robot_interfaces/cmake/my_robot_interfaces__rosidl_typesupport_introspection_cppExport.cmake
[3.965s] -- Up-to-date: /home/beyza/ros2_ws/install/my_robot_interfaces/share/my_robot_interfaces/cmake/my_robot_interfaces__rosidl_typesupport_introspection_cppExport-noconfig.cmake
[3.965s] -- Up-to-date: /home/beyza/ros2_ws/install/my_robot_interfaces/share/my_robot_interfaces/cmake/my_robot_interfaces__rosidl_typesupport_cppExport.cmake
[3.965s] -- Up-to-date: /home/beyza/ros2_ws/install/my_robot_interfaces/share/my_robot_interfaces/cmake/my_robot_interfaces__rosidl_typesupport_cppExport-noconfig.cmake
[3.965s] -- Up-to-date: /home/beyza/ros2_ws/install/my_robot_interfaces/share/my_robot_interfaces/cmake/export_my_robot_interfaces__rosidl_generator_pyExport.cmake
[3.965s] -- Up-to-date: /home/beyza/ros2_ws/install/my_robot_interfaces/share/my_robot_interfaces/cmake/export_my_robot_interfaces__rosidl_generator_pyExport-noconfig.cmake
[3.965s] -- Up-to-date: /home/beyza/ros2_ws/install/my_robot_interfaces/share/my_robot_interfaces/cmake/rosidl_cmake-extras.cmake
[3.965s] -- Up-to-date: /home/beyza/ros2_ws/install/my_robot_interfaces/share/my_robot_interfaces/cmake/ament_cmake_export_include_directories-extras.cmake
[3.965s] -- Up-to-date: /home/beyza/ros2_ws/install/my_robot_interfaces/share/my_robot_interfaces/cmake/ament_cmake_export_libraries-extras.cmake
[3.966s] -- Up-to-date: /home/beyza/ros2_ws/install/my_robot_interfaces/share/my_robot_interfaces/cmake/ament_cmake_export_targets-extras.cmake
[3.966s] -- Up-to-date: /home/beyza/ros2_ws/install/my_robot_interfaces/share/my_robot_interfaces/cmake/rosidl_cmake_export_typesupport_targets-extras.cmake
[3.966s] -- Up-to-date: /home/beyza/ros2_ws/install/my_robot_interfaces/share/my_robot_interfaces/cmake/ament_cmake_export_dependencies-extras.cmake
[3.966s] -- Up-to-date: /home/beyza/ros2_ws/install/my_robot_interfaces/share/my_robot_interfaces/cmake/rosidl_cmake_export_typesupport_libraries-extras.cmake
[3.966s] -- Up-to-date: /home/beyza/ros2_ws/install/my_robot_interfaces/share/my_robot_interfaces/cmake/my_robot_interfacesConfig.cmake
[3.966s] -- Up-to-date: /home/beyza/ros2_ws/install/my_robot_interfaces/share/my_robot_interfaces/cmake/my_robot_interfacesConfig-version.cmake
[3.966s] -- Up-to-date: /home/beyza/ros2_ws/install/my_robot_interfaces/share/my_robot_interfaces/package.xml
[3.968s] Invoked command in '/home/beyza/ros2_ws/build/my_robot_interfaces' returned '0': CMAKE_PREFIX_PATH=${CMAKE_PREFIX_PATH}:/home/beyza/ros2_ws/install/my_py_pkg:/home/beyza/nav_ws/install/a_star:/opt/ros/humble /usr/bin/cmake --install /home/beyza/ros2_ws/build/my_robot_interfaces
