[1.229s] Invoking command in '/home/beyza/ros2_ws/src/turtlesim_catch_them_all': CMAKE_PREFIX_PATH=/home/beyza/ros2_ws/install/my_robot_interfaces:/home/beyza/ros2_ws/install/my_robot_bringup:/home/beyza/turtlebot3_ws/install/turtlebot3_simulations:/home/beyza/turtlebot3_ws/install/turtlebot3_gazebo:/home/beyza/turtlebot3_ws/install/turtlebot3_fake_node PYTHONPATH=/home/beyza/ros2_ws/build/turtlesim_catch_them_all/prefix_override:/home/beyza/ros2_ws/install/turtlesim_catch_them_all/lib/python3.10/site-packages:${PYTHONPATH} /usr/bin/python3 setup.py egg_info --egg-base ../../build/turtlesim_catch_them_all build --build-base /home/beyza/ros2_ws/build/turtlesim_catch_them_all/build install --record /home/beyza/ros2_ws/build/turtlesim_catch_them_all/install.log --single-version-externally-managed
[1.576s] running egg_info
[1.577s] writing ../../build/turtlesim_catch_them_all/turtlesim_catch_them_all.egg-info/PKG-INFO
[1.577s] writing dependency_links to ../../build/turtlesim_catch_them_all/turtlesim_catch_them_all.egg-info/dependency_links.txt
[1.577s] writing entry points to ../../build/turtlesim_catch_them_all/turtlesim_catch_them_all.egg-info/entry_points.txt
[1.577s] writing requirements to ../../build/turtlesim_catch_them_all/turtlesim_catch_them_all.egg-info/requires.txt
[1.577s] writing top-level names to ../../build/turtlesim_catch_them_all/turtlesim_catch_them_all.egg-info/top_level.txt
[1.579s] reading manifest file '../../build/turtlesim_catch_them_all/turtlesim_catch_them_all.egg-info/SOURCES.txt'
[1.580s] writing manifest file '../../build/turtlesim_catch_them_all/turtlesim_catch_them_all.egg-info/SOURCES.txt'
[1.581s] running build
[1.581s] running build_py
[1.581s] running install
[1.581s] running install_lib
[1.583s] running install_data
[1.583s] running install_egg_info
[1.585s] removing '/home/beyza/ros2_ws/install/turtlesim_catch_them_all/lib/python3.10/site-packages/turtlesim_catch_them_all-0.0.0-py3.10.egg-info' (and everything under it)
[1.586s] Copying ../../build/turtlesim_catch_them_all/turtlesim_catch_them_all.egg-info to /home/beyza/ros2_ws/install/turtlesim_catch_them_all/lib/python3.10/site-packages/turtlesim_catch_them_all-0.0.0-py3.10.egg-info
[1.587s] running install_scripts
[1.612s] Installing turtle_spawner script to /home/beyza/ros2_ws/install/turtlesim_catch_them_all/lib/turtlesim_catch_them_all
[1.612s] Installing turtlesim_controller script to /home/beyza/ros2_ws/install/turtlesim_catch_them_all/lib/turtlesim_catch_them_all
[1.612s] writing list of installed files to '/home/beyza/ros2_ws/build/turtlesim_catch_them_all/install.log'
[1.640s] Invoked command in '/home/beyza/ros2_ws/src/turtlesim_catch_them_all' returned '0': CMAKE_PREFIX_PATH=/home/beyza/ros2_ws/install/my_robot_interfaces:/home/beyza/ros2_ws/install/my_robot_bringup:/home/beyza/turtlebot3_ws/install/turtlebot3_simulations:/home/beyza/turtlebot3_ws/install/turtlebot3_gazebo:/home/beyza/turtlebot3_ws/install/turtlebot3_fake_node PYTHONPATH=/home/beyza/ros2_ws/build/turtlesim_catch_them_all/prefix_override:/home/beyza/ros2_ws/install/turtlesim_catch_them_all/lib/python3.10/site-packages:${PYTHONPATH} /usr/bin/python3 setup.py egg_info --egg-base ../../build/turtlesim_catch_them_all build --build-base /home/beyza/ros2_ws/build/turtlesim_catch_them_all/build install --record /home/beyza/ros2_ws/build/turtlesim_catch_them_all/install.log --single-version-externally-managed
