[0.811s] Invoking command in '/home/beyza/ros2_ws/src/turtlesim_catch_them_all': PYTHONPATH=/home/beyza/ros2_ws/build/turtlesim_catch_them_all/prefix_override:/home/beyza/ros2_ws/install/turtlesim_catch_them_all/lib/python3.10/site-packages:${PYTHONPATH} /usr/bin/python3 setup.py egg_info --egg-base ../../build/turtlesim_catch_them_all build --build-base /home/beyza/ros2_ws/build/turtlesim_catch_them_all/build install --record /home/beyza/ros2_ws/build/turtlesim_catch_them_all/install.log --single-version-externally-managed
[1.141s] running egg_info
[1.142s] creating ../../build/turtlesim_catch_them_all/turtlesim_catch_them_all.egg-info
[1.142s] writing ../../build/turtlesim_catch_them_all/turtlesim_catch_them_all.egg-info/PKG-INFO
[1.142s] writing dependency_links to ../../build/turtlesim_catch_them_all/turtlesim_catch_them_all.egg-info/dependency_links.txt
[1.143s] writing entry points to ../../build/turtlesim_catch_them_all/turtlesim_catch_them_all.egg-info/entry_points.txt
[1.143s] writing requirements to ../../build/turtlesim_catch_them_all/turtlesim_catch_them_all.egg-info/requires.txt
[1.143s] writing top-level names to ../../build/turtlesim_catch_them_all/turtlesim_catch_them_all.egg-info/top_level.txt
[1.143s] writing manifest file '../../build/turtlesim_catch_them_all/turtlesim_catch_them_all.egg-info/SOURCES.txt'
[1.145s] reading manifest file '../../build/turtlesim_catch_them_all/turtlesim_catch_them_all.egg-info/SOURCES.txt'
[1.146s] writing manifest file '../../build/turtlesim_catch_them_all/turtlesim_catch_them_all.egg-info/SOURCES.txt'
[1.146s] running build
[1.146s] running build_py
[1.146s] creating /home/beyza/ros2_ws/build/turtlesim_catch_them_all/build
[1.146s] creating /home/beyza/ros2_ws/build/turtlesim_catch_them_all/build/lib
[1.147s] creating /home/beyza/ros2_ws/build/turtlesim_catch_them_all/build/lib/turtlesim_catch_them_all
[1.147s] copying turtlesim_catch_them_all/turtle_controller.py -> /home/beyza/ros2_ws/build/turtlesim_catch_them_all/build/lib/turtlesim_catch_them_all
[1.147s] copying turtlesim_catch_them_all/__init__.py -> /home/beyza/ros2_ws/build/turtlesim_catch_them_all/build/lib/turtlesim_catch_them_all
[1.147s] running install
[1.147s] running install_lib
[1.148s] creating /home/beyza/ros2_ws/install/turtlesim_catch_them_all/lib/python3.10/site-packages/turtlesim_catch_them_all
[1.148s] copying /home/beyza/ros2_ws/build/turtlesim_catch_them_all/build/lib/turtlesim_catch_them_all/turtle_controller.py -> /home/beyza/ros2_ws/install/turtlesim_catch_them_all/lib/python3.10/site-packages/turtlesim_catch_them_all
[1.148s] copying /home/beyza/ros2_ws/build/turtlesim_catch_them_all/build/lib/turtlesim_catch_them_all/__init__.py -> /home/beyza/ros2_ws/install/turtlesim_catch_them_all/lib/python3.10/site-packages/turtlesim_catch_them_all
[1.149s] byte-compiling /home/beyza/ros2_ws/install/turtlesim_catch_them_all/lib/python3.10/site-packages/turtlesim_catch_them_all/turtle_controller.py to turtle_controller.cpython-310.pyc
[1.150s] byte-compiling /home/beyza/ros2_ws/install/turtlesim_catch_them_all/lib/python3.10/site-packages/turtlesim_catch_them_all/__init__.py to __init__.cpython-310.pyc
[1.150s] running install_data
[1.150s] creating /home/beyza/ros2_ws/install/turtlesim_catch_them_all/share/ament_index
[1.151s] creating /home/beyza/ros2_ws/install/turtlesim_catch_them_all/share/ament_index/resource_index
[1.151s] creating /home/beyza/ros2_ws/install/turtlesim_catch_them_all/share/ament_index/resource_index/packages
[1.151s] copying resource/turtlesim_catch_them_all -> /home/beyza/ros2_ws/install/turtlesim_catch_them_all/share/ament_index/resource_index/packages
[1.151s] copying package.xml -> /home/beyza/ros2_ws/install/turtlesim_catch_them_all/share/turtlesim_catch_them_all
[1.151s] running install_egg_info
[1.153s] Copying ../../build/turtlesim_catch_them_all/turtlesim_catch_them_all.egg-info to /home/beyza/ros2_ws/install/turtlesim_catch_them_all/lib/python3.10/site-packages/turtlesim_catch_them_all-0.0.0-py3.10.egg-info
[1.154s] running install_scripts
[1.179s] Installing turtlesim_controller script to /home/beyza/ros2_ws/install/turtlesim_catch_them_all/lib/turtlesim_catch_them_all
[1.179s] writing list of installed files to '/home/beyza/ros2_ws/build/turtlesim_catch_them_all/install.log'
[1.225s] Invoked command in '/home/beyza/ros2_ws/src/turtlesim_catch_them_all' returned '0': PYTHONPATH=/home/beyza/ros2_ws/build/turtlesim_catch_them_all/prefix_override:/home/beyza/ros2_ws/install/turtlesim_catch_them_all/lib/python3.10/site-packages:${PYTHONPATH} /usr/bin/python3 setup.py egg_info --egg-base ../../build/turtlesim_catch_them_all build --build-base /home/beyza/ros2_ws/build/turtlesim_catch_them_all/build install --record /home/beyza/ros2_ws/build/turtlesim_catch_them_all/install.log --single-version-externally-managed
