[0.019s] Invoking command in '/home/beyza/ros2_ws/build/my_robot_bringup': CMAKE_PREFIX_PATH=${CMAKE_PREFIX_PATH}:/home/beyza/ros2_ws/install/my_py_pkg:/home/beyza/nav_ws/install/a_star:/opt/ros/humble /usr/bin/cmake --build /home/beyza/ros2_ws/build/my_robot_bringup -- -j12 -l12
[0.047s] -- Found ament_cmake: 1.3.3 (/opt/ros/humble/share/ament_cmake/cmake)
[0.332s] -- Configuring done
[0.336s] -- Generating done
[0.337s] -- Build files have been written to: /home/beyza/ros2_ws/build/my_robot_bringup
[0.364s] Invoked command in '/home/beyza/ros2_ws/build/my_robot_bringup' returned '0': CMAKE_PREFIX_PATH=${CMAKE_PREFIX_PATH}:/home/beyza/ros2_ws/install/my_py_pkg:/home/beyza/nav_ws/install/a_star:/opt/ros/humble /usr/bin/cmake --build /home/beyza/ros2_ws/build/my_robot_bringup -- -j12 -l12
[0.393s] Invoking command in '/home/beyza/ros2_ws/build/my_robot_bringup': CMAKE_PREFIX_PATH=${CMAKE_PREFIX_PATH}:/home/beyza/ros2_ws/install/my_py_pkg:/home/beyza/nav_ws/install/a_star:/opt/ros/humble /usr/bin/cmake --install /home/beyza/ros2_ws/build/my_robot_bringup
[0.404s] -- Install configuration: ""
[0.404s] -- Up-to-date: /home/beyza/ros2_ws/install/my_robot_bringup/share/my_robot_bringup/launch
[0.404s] -- Installing: /home/beyza/ros2_ws/install/my_robot_bringup/share/my_robot_bringup/launch/number_app.launch.py
[0.404s] -- Installing: /home/beyza/ros2_ws/install/my_robot_bringup/share/ament_index/resource_index/package_run_dependencies/my_robot_bringup
[0.405s] -- Installing: /home/beyza/ros2_ws/install/my_robot_bringup/share/ament_index/resource_index/parent_prefix_path/my_robot_bringup
[0.405s] -- Up-to-date: /home/beyza/ros2_ws/install/my_robot_bringup/share/my_robot_bringup/environment/ament_prefix_path.sh
[0.405s] -- Installing: /home/beyza/ros2_ws/install/my_robot_bringup/share/my_robot_bringup/environment/ament_prefix_path.dsv
[0.405s] -- Up-to-date: /home/beyza/ros2_ws/install/my_robot_bringup/share/my_robot_bringup/environment/path.sh
[0.406s] -- Installing: /home/beyza/ros2_ws/install/my_robot_bringup/share/my_robot_bringup/environment/path.dsv
[0.406s] -- Up-to-date: /home/beyza/ros2_ws/install/my_robot_bringup/share/my_robot_bringup/local_setup.bash
[0.406s] -- Up-to-date: /home/beyza/ros2_ws/install/my_robot_bringup/share/my_robot_bringup/local_setup.sh
[0.406s] -- Up-to-date: /home/beyza/ros2_ws/install/my_robot_bringup/share/my_robot_bringup/local_setup.zsh
[0.406s] -- Installing: /home/beyza/ros2_ws/install/my_robot_bringup/share/my_robot_bringup/local_setup.dsv
[0.406s] -- Installing: /home/beyza/ros2_ws/install/my_robot_bringup/share/my_robot_bringup/package.dsv
[0.407s] -- Up-to-date: /home/beyza/ros2_ws/install/my_robot_bringup/share/ament_index/resource_index/packages/my_robot_bringup
[0.407s] -- Up-to-date: /home/beyza/ros2_ws/install/my_robot_bringup/share/my_robot_bringup/cmake/my_robot_bringupConfig.cmake
[0.407s] -- Up-to-date: /home/beyza/ros2_ws/install/my_robot_bringup/share/my_robot_bringup/cmake/my_robot_bringupConfig-version.cmake
[0.407s] -- Installing: /home/beyza/ros2_ws/install/my_robot_bringup/share/my_robot_bringup/package.xml
[0.411s] Invoked command in '/home/beyza/ros2_ws/build/my_robot_bringup' returned '0': CMAKE_PREFIX_PATH=${CMAKE_PREFIX_PATH}:/home/beyza/ros2_ws/install/my_py_pkg:/home/beyza/nav_ws/install/a_star:/opt/ros/humble /usr/bin/cmake --install /home/beyza/ros2_ws/build/my_robot_bringup
