[0.826s] Invoking command in '/home/beyza/ros2_ws/build/my_py_pkg': PYTHONPATH=/home/beyza/ros2_ws/build/my_py_pkg/prefix_override:/home/beyza/ros2_ws/install/my_py_pkg/lib/python3.10/site-packages:${PYTHONPATH} /usr/bin/python3 setup.py develop --uninstall --editable --build-directory /home/beyza/ros2_ws/build/my_py_pkg/build
[1.197s] running develop
[1.474s] Invoked command in '/home/beyza/ros2_ws/build/my_py_pkg' returned '0': PYTHONPATH=/home/beyza/ros2_ws/build/my_py_pkg/prefix_override:/home/beyza/ros2_ws/install/my_py_pkg/lib/python3.10/site-packages:${PYTHONPATH} /usr/bin/python3 setup.py develop --uninstall --editable --build-directory /home/beyza/ros2_ws/build/my_py_pkg/build
[1.476s] Invoking command in '/home/beyza/ros2_ws/src/my_py_pkg': PYTHONPATH=/home/beyza/ros2_ws/build/my_py_pkg/prefix_override:/home/beyza/ros2_ws/install/my_py_pkg/lib/python3.10/site-packages:${PYTHONPATH} /usr/bin/python3 setup.py egg_info --egg-base ../../build/my_py_pkg build --build-base /home/beyza/ros2_ws/build/my_py_pkg/build install --record /home/beyza/ros2_ws/build/my_py_pkg/install.log --single-version-externally-managed
[1.825s] running egg_info
[1.825s] writing ../../build/my_py_pkg/my_py_pkg.egg-info/PKG-INFO
[1.825s] writing dependency_links to ../../build/my_py_pkg/my_py_pkg.egg-info/dependency_links.txt
[1.826s] writing entry points to ../../build/my_py_pkg/my_py_pkg.egg-info/entry_points.txt
[1.826s] writing requirements to ../../build/my_py_pkg/my_py_pkg.egg-info/requires.txt
[1.826s] writing top-level names to ../../build/my_py_pkg/my_py_pkg.egg-info/top_level.txt
[1.828s] reading manifest file '../../build/my_py_pkg/my_py_pkg.egg-info/SOURCES.txt'
[1.829s] writing manifest file '../../build/my_py_pkg/my_py_pkg.egg-info/SOURCES.txt'
[1.829s] running build
[1.830s] running build_py
[1.830s] copying my_py_pkg/battery.py -> /home/beyza/ros2_ws/build/my_py_pkg/build/lib/my_py_pkg
[1.831s] running install
[1.831s] running install_lib
[1.832s] copying /home/beyza/ros2_ws/build/my_py_pkg/build/lib/my_py_pkg/battery.py -> /home/beyza/ros2_ws/install/my_py_pkg/lib/python3.10/site-packages/my_py_pkg
[1.833s] byte-compiling /home/beyza/ros2_ws/install/my_py_pkg/lib/python3.10/site-packages/my_py_pkg/battery.py to battery.cpython-310.pyc
[1.834s] running install_data
[1.834s] running install_egg_info
[1.836s] removing '/home/beyza/ros2_ws/install/my_py_pkg/lib/python3.10/site-packages/my_py_pkg-0.0.0-py3.10.egg-info' (and everything under it)
[1.837s] Copying ../../build/my_py_pkg/my_py_pkg.egg-info to /home/beyza/ros2_ws/install/my_py_pkg/lib/python3.10/site-packages/my_py_pkg-0.0.0-py3.10.egg-info
[1.838s] running install_scripts
[1.863s] Installing add_two_ints_client script to /home/beyza/ros2_ws/install/my_py_pkg/lib/my_py_pkg
[1.863s] Installing add_two_ints_client_no_oop script to /home/beyza/ros2_ws/install/my_py_pkg/lib/my_py_pkg
[1.863s] Installing add_two_ints_server script to /home/beyza/ros2_ws/install/my_py_pkg/lib/my_py_pkg
[1.863s] Installing battery script to /home/beyza/ros2_ws/install/my_py_pkg/lib/my_py_pkg
[1.863s] Installing hw_status_publisher script to /home/beyza/ros2_ws/install/my_py_pkg/lib/my_py_pkg
[1.864s] Installing led_panel script to /home/beyza/ros2_ws/install/my_py_pkg/lib/my_py_pkg
[1.864s] Installing number_counter script to /home/beyza/ros2_ws/install/my_py_pkg/lib/my_py_pkg
[1.864s] Installing number_publisher script to /home/beyza/ros2_ws/install/my_py_pkg/lib/my_py_pkg
[1.864s] Installing py_node script to /home/beyza/ros2_ws/install/my_py_pkg/lib/my_py_pkg
[1.864s] Installing robot_news_station script to /home/beyza/ros2_ws/install/my_py_pkg/lib/my_py_pkg
[1.864s] Installing smartphone script to /home/beyza/ros2_ws/install/my_py_pkg/lib/my_py_pkg
[1.865s] writing list of installed files to '/home/beyza/ros2_ws/build/my_py_pkg/install.log'
[1.893s] Invoked command in '/home/beyza/ros2_ws/src/my_py_pkg' returned '0': PYTHONPATH=/home/beyza/ros2_ws/build/my_py_pkg/prefix_override:/home/beyza/ros2_ws/install/my_py_pkg/lib/python3.10/site-packages:${PYTHONPATH} /usr/bin/python3 setup.py egg_info --egg-base ../../build/my_py_pkg build --build-base /home/beyza/ros2_ws/build/my_py_pkg/build install --record /home/beyza/ros2_ws/build/my_py_pkg/install.log --single-version-externally-managed
