[1.241s] Invoking command in '/home/beyza/ros2_ws/build/my_py_pkg': CMAKE_PREFIX_PATH=/home/beyza/ros2_ws/install/my_robot_interfaces:/home/beyza/ros2_ws/install/my_robot_bringup:/home/beyza/turtlebot3_ws/install/turtlebot3_simulations:/home/beyza/turtlebot3_ws/install/turtlebot3_gazebo:/home/beyza/turtlebot3_ws/install/turtlebot3_fake_node PYTHONPATH=/home/beyza/ros2_ws/build/my_py_pkg/prefix_override:/home/beyza/ros2_ws/install/my_py_pkg/lib/python3.10/site-packages:${PYTHONPATH} /usr/bin/python3 setup.py develop --uninstall --editable --build-directory /home/beyza/ros2_ws/build/my_py_pkg/build
[1.603s] running develop
[1.872s] Invoked command in '/home/beyza/ros2_ws/build/my_py_pkg' returned '0': CMAKE_PREFIX_PATH=/home/beyza/ros2_ws/install/my_robot_interfaces:/home/beyza/ros2_ws/install/my_robot_bringup:/home/beyza/turtlebot3_ws/install/turtlebot3_simulations:/home/beyza/turtlebot3_ws/install/turtlebot3_gazebo:/home/beyza/turtlebot3_ws/install/turtlebot3_fake_node PYTHONPATH=/home/beyza/ros2_ws/build/my_py_pkg/prefix_override:/home/beyza/ros2_ws/install/my_py_pkg/lib/python3.10/site-packages:${PYTHONPATH} /usr/bin/python3 setup.py develop --uninstall --editable --build-directory /home/beyza/ros2_ws/build/my_py_pkg/build
[1.874s] Invoking command in '/home/beyza/ros2_ws/src/my_py_pkg': CMAKE_PREFIX_PATH=/home/beyza/ros2_ws/install/my_robot_interfaces:/home/beyza/ros2_ws/install/my_robot_bringup:/home/beyza/turtlebot3_ws/install/turtlebot3_simulations:/home/beyza/turtlebot3_ws/install/turtlebot3_gazebo:/home/beyza/turtlebot3_ws/install/turtlebot3_fake_node PYTHONPATH=/home/beyza/ros2_ws/build/my_py_pkg/prefix_override:/home/beyza/ros2_ws/install/my_py_pkg/lib/python3.10/site-packages:${PYTHONPATH} /usr/bin/python3 setup.py egg_info --egg-base ../../build/my_py_pkg build --build-base /home/beyza/ros2_ws/build/my_py_pkg/build install --record /home/beyza/ros2_ws/build/my_py_pkg/install.log --single-version-externally-managed
[2.221s] running egg_info
[2.221s] writing ../../build/my_py_pkg/my_py_pkg.egg-info/PKG-INFO
[2.222s] writing dependency_links to ../../build/my_py_pkg/my_py_pkg.egg-info/dependency_links.txt
[2.222s] writing entry points to ../../build/my_py_pkg/my_py_pkg.egg-info/entry_points.txt
[2.222s] writing requirements to ../../build/my_py_pkg/my_py_pkg.egg-info/requires.txt
[2.222s] writing top-level names to ../../build/my_py_pkg/my_py_pkg.egg-info/top_level.txt
[2.224s] reading manifest file '../../build/my_py_pkg/my_py_pkg.egg-info/SOURCES.txt'
[2.225s] writing manifest file '../../build/my_py_pkg/my_py_pkg.egg-info/SOURCES.txt'
[2.226s] running build
[2.226s] running build_py
[2.227s] running install
[2.227s] running install_lib
[2.229s] running install_data
[2.229s] running install_egg_info
[2.231s] removing '/home/beyza/ros2_ws/install/my_py_pkg/lib/python3.10/site-packages/my_py_pkg-0.0.0-py3.10.egg-info' (and everything under it)
[2.231s] Copying ../../build/my_py_pkg/my_py_pkg.egg-info to /home/beyza/ros2_ws/install/my_py_pkg/lib/python3.10/site-packages/my_py_pkg-0.0.0-py3.10.egg-info
[2.233s] running install_scripts
[2.257s] Installing add_two_ints_client script to /home/beyza/ros2_ws/install/my_py_pkg/lib/my_py_pkg
[2.257s] Installing add_two_ints_client_no_oop script to /home/beyza/ros2_ws/install/my_py_pkg/lib/my_py_pkg
[2.258s] Installing add_two_ints_server script to /home/beyza/ros2_ws/install/my_py_pkg/lib/my_py_pkg
[2.258s] Installing battery script to /home/beyza/ros2_ws/install/my_py_pkg/lib/my_py_pkg
[2.258s] Installing hw_status_publisher script to /home/beyza/ros2_ws/install/my_py_pkg/lib/my_py_pkg
[2.258s] Installing led_panel script to /home/beyza/ros2_ws/install/my_py_pkg/lib/my_py_pkg
[2.258s] Installing number_counter script to /home/beyza/ros2_ws/install/my_py_pkg/lib/my_py_pkg
[2.258s] Installing number_publisher script to /home/beyza/ros2_ws/install/my_py_pkg/lib/my_py_pkg
[2.258s] Installing py_node script to /home/beyza/ros2_ws/install/my_py_pkg/lib/my_py_pkg
[2.258s] Installing robot_news_station script to /home/beyza/ros2_ws/install/my_py_pkg/lib/my_py_pkg
[2.259s] Installing smartphone script to /home/beyza/ros2_ws/install/my_py_pkg/lib/my_py_pkg
[2.259s] writing list of installed files to '/home/beyza/ros2_ws/build/my_py_pkg/install.log'
[2.287s] Invoked command in '/home/beyza/ros2_ws/src/my_py_pkg' returned '0': CMAKE_PREFIX_PATH=/home/beyza/ros2_ws/install/my_robot_interfaces:/home/beyza/ros2_ws/install/my_robot_bringup:/home/beyza/turtlebot3_ws/install/turtlebot3_simulations:/home/beyza/turtlebot3_ws/install/turtlebot3_gazebo:/home/beyza/turtlebot3_ws/install/turtlebot3_fake_node PYTHONPATH=/home/beyza/ros2_ws/build/my_py_pkg/prefix_override:/home/beyza/ros2_ws/install/my_py_pkg/lib/python3.10/site-packages:${PYTHONPATH} /usr/bin/python3 setup.py egg_info --egg-base ../../build/my_py_pkg build --build-base /home/beyza/ros2_ws/build/my_py_pkg/build install --record /home/beyza/ros2_ws/build/my_py_pkg/install.log --single-version-externally-managed
