[0.461s] DEBUG:colcon:Command line arguments: ['/usr/bin/colcon', 'build']
[0.461s] DEBUG:colcon:Parsed command line arguments: Namespace(log_base=None, log_level=None, verb_name='build', build_base='build', install_base='install', merge_install=False, symlink_install=False, test_result_base=None, continue_on_error=False, executor='parallel', parallel_workers=12, event_handlers=None, ignore_user_meta=False, metas=['./colcon.meta'], base_paths=['.'], packages_ignore=None, packages_ignore_regex=None, paths=None, packages_up_to=None, packages_up_to_regex=None, packages_above=None, packages_above_and_dependencies=None, packages_above_depth=None, packages_select_by_dep=None, packages_skip_by_dep=None, packages_skip_up_to=None, packages_select_build_failed=False, packages_skip_build_finished=False, packages_select_test_failures=False, packages_skip_test_passed=False, packages_select=None, packages_skip=None, packages_select_regex=None, packages_skip_regex=None, packages_start=None, packages_end=None, allow_overriding=[], cmake_args=None, cmake_target=None, cmake_target_skip_unavailable=False, cmake_clean_cache=False, cmake_clean_first=False, cmake_force_configure=False, ament_cmake_args=None, catkin_cmake_args=None, catkin_skip_building_tests=False, verb_parser=<colcon_defaults.argument_parser.defaults.DefaultArgumentsDecorator object at 0x7f8db35c9330>, verb_extension=<colcon_core.verb.build.BuildVerb object at 0x7f8db35c8dc0>, main=<bound method BuildVerb.main of <colcon_core.verb.build.BuildVerb object at 0x7f8db35c8dc0>>)
[0.492s] Level 1:colcon.colcon_core.package_discovery:discover_packages(colcon_meta) check parameters
[0.492s] Level 1:colcon.colcon_core.package_discovery:discover_packages(recursive) check parameters
[0.492s] Level 1:colcon.colcon_core.package_discovery:discover_packages(ignore) check parameters
[0.492s] Level 1:colcon.colcon_core.package_discovery:discover_packages(path) check parameters
[0.492s] Level 1:colcon.colcon_core.package_discovery:discover_packages(colcon_meta) discover
[0.492s] Level 1:colcon.colcon_core.package_discovery:discover_packages(recursive) discover
[0.492s] INFO:colcon.colcon_core.package_discovery:Crawling recursively for packages in '/home/beyza/ros2_ws'
[0.492s] Level 1:colcon.colcon_core.package_identification:_identify(.) by extensions ['ignore', 'ignore_ament_install']
[0.492s] Level 1:colcon.colcon_core.package_identification:_identify(.) by extension 'ignore'
[0.492s] Level 1:colcon.colcon_core.package_identification:_identify(.) by extension 'ignore_ament_install'
[0.492s] Level 1:colcon.colcon_core.package_identification:_identify(.) by extensions ['colcon_pkg']
[0.492s] Level 1:colcon.colcon_core.package_identification:_identify(.) by extension 'colcon_pkg'
[0.493s] Level 1:colcon.colcon_core.package_identification:_identify(.) by extensions ['colcon_meta']
[0.493s] Level 1:colcon.colcon_core.package_identification:_identify(.) by extension 'colcon_meta'
[0.493s] Level 1:colcon.colcon_core.package_identification:_identify(.) by extensions ['ros']
[0.493s] Level 1:colcon.colcon_core.package_identification:_identify(.) by extension 'ros'
[0.507s] Level 1:colcon.colcon_core.package_identification:_identify(.) by extensions ['cmake', 'python']
[0.508s] Level 1:colcon.colcon_core.package_identification:_identify(.) by extension 'cmake'
[0.508s] Level 1:colcon.colcon_core.package_identification:_identify(.) by extension 'python'
[0.508s] Level 1:colcon.colcon_core.package_identification:_identify(.) by extensions ['python_setup_py']
[0.508s] Level 1:colcon.colcon_core.package_identification:_identify(.) by extension 'python_setup_py'
[0.508s] Level 1:colcon.colcon_core.package_identification:_identify(build) by extensions ['ignore', 'ignore_ament_install']
[0.508s] Level 1:colcon.colcon_core.package_identification:_identify(build) by extension 'ignore'
[0.508s] Level 1:colcon.colcon_core.package_identification:_identify(build) ignored
[0.508s] Level 1:colcon.colcon_core.package_identification:_identify(install) by extensions ['ignore', 'ignore_ament_install']
[0.508s] Level 1:colcon.colcon_core.package_identification:_identify(install) by extension 'ignore'
[0.508s] Level 1:colcon.colcon_core.package_identification:_identify(install) ignored
[0.509s] Level 1:colcon.colcon_core.package_identification:_identify(log) by extensions ['ignore', 'ignore_ament_install']
[0.509s] Level 1:colcon.colcon_core.package_identification:_identify(log) by extension 'ignore'
[0.509s] Level 1:colcon.colcon_core.package_identification:_identify(log) ignored
[0.509s] Level 1:colcon.colcon_core.package_identification:_identify(src) by extensions ['ignore', 'ignore_ament_install']
[0.509s] Level 1:colcon.colcon_core.package_identification:_identify(src) by extension 'ignore'
[0.509s] Level 1:colcon.colcon_core.package_identification:_identify(src) by extension 'ignore_ament_install'
[0.509s] Level 1:colcon.colcon_core.package_identification:_identify(src) by extensions ['colcon_pkg']
[0.509s] Level 1:colcon.colcon_core.package_identification:_identify(src) by extension 'colcon_pkg'
[0.509s] Level 1:colcon.colcon_core.package_identification:_identify(src) by extensions ['colcon_meta']
[0.509s] Level 1:colcon.colcon_core.package_identification:_identify(src) by extension 'colcon_meta'
[0.509s] Level 1:colcon.colcon_core.package_identification:_identify(src) by extensions ['ros']
[0.509s] Level 1:colcon.colcon_core.package_identification:_identify(src) by extension 'ros'
[0.509s] Level 1:colcon.colcon_core.package_identification:_identify(src) by extensions ['cmake', 'python']
[0.510s] Level 1:colcon.colcon_core.package_identification:_identify(src) by extension 'cmake'
[0.510s] Level 1:colcon.colcon_core.package_identification:_identify(src) by extension 'python'
[0.510s] Level 1:colcon.colcon_core.package_identification:_identify(src) by extensions ['python_setup_py']
[0.510s] Level 1:colcon.colcon_core.package_identification:_identify(src) by extension 'python_setup_py'
[0.510s] Level 1:colcon.colcon_core.package_identification:_identify(src/my_py_pkg) by extensions ['ignore', 'ignore_ament_install']
[0.510s] Level 1:colcon.colcon_core.package_identification:_identify(src/my_py_pkg) by extension 'ignore'
[0.510s] Level 1:colcon.colcon_core.package_identification:_identify(src/my_py_pkg) by extension 'ignore_ament_install'
[0.510s] Level 1:colcon.colcon_core.package_identification:_identify(src/my_py_pkg) by extensions ['colcon_pkg']
[0.510s] Level 1:colcon.colcon_core.package_identification:_identify(src/my_py_pkg) by extension 'colcon_pkg'
[0.510s] Level 1:colcon.colcon_core.package_identification:_identify(src/my_py_pkg) by extensions ['colcon_meta']
[0.510s] Level 1:colcon.colcon_core.package_identification:_identify(src/my_py_pkg) by extension 'colcon_meta'
[0.510s] Level 1:colcon.colcon_core.package_identification:_identify(src/my_py_pkg) by extensions ['ros']
[0.510s] Level 1:colcon.colcon_core.package_identification:_identify(src/my_py_pkg) by extension 'ros'
[0.513s] DEBUG:colcon.colcon_core.package_identification:Package 'src/my_py_pkg' with type 'ros.ament_python' and name 'my_py_pkg'
[0.514s] Level 1:colcon.colcon_core.package_identification:_identify(src/my_robot_interfaces) by extensions ['ignore', 'ignore_ament_install']
[0.514s] Level 1:colcon.colcon_core.package_identification:_identify(src/my_robot_interfaces) by extension 'ignore'
[0.514s] Level 1:colcon.colcon_core.package_identification:_identify(src/my_robot_interfaces) by extension 'ignore_ament_install'
[0.514s] Level 1:colcon.colcon_core.package_identification:_identify(src/my_robot_interfaces) by extensions ['colcon_pkg']
[0.514s] Level 1:colcon.colcon_core.package_identification:_identify(src/my_robot_interfaces) by extension 'colcon_pkg'
[0.514s] Level 1:colcon.colcon_core.package_identification:_identify(src/my_robot_interfaces) by extensions ['colcon_meta']
[0.514s] Level 1:colcon.colcon_core.package_identification:_identify(src/my_robot_interfaces) by extension 'colcon_meta'
[0.514s] Level 1:colcon.colcon_core.package_identification:_identify(src/my_robot_interfaces) by extensions ['ros']
[0.514s] Level 1:colcon.colcon_core.package_identification:_identify(src/my_robot_interfaces) by extension 'ros'
[0.515s] DEBUG:colcon.colcon_core.package_identification:Package 'src/my_robot_interfaces' with type 'ros.ament_cmake' and name 'my_robot_interfaces'
[0.515s] Level 1:colcon.colcon_core.package_discovery:discover_packages(recursive) using defaults
[0.515s] Level 1:colcon.colcon_core.package_discovery:discover_packages(ignore) discover
[0.515s] Level 1:colcon.colcon_core.package_discovery:discover_packages(ignore) using defaults
[0.515s] Level 1:colcon.colcon_core.package_discovery:discover_packages(path) discover
[0.515s] Level 1:colcon.colcon_core.package_discovery:discover_packages(path) using defaults
[0.544s] Level 1:colcon.colcon_core.package_discovery:discover_packages(prefix_path) check parameters
[0.544s] Level 1:colcon.colcon_core.package_discovery:discover_packages(prefix_path) discover
[0.548s] DEBUG:colcon.colcon_installed_package_information.package_discovery:Found 1 installed packages in /home/beyza/nav_ws/install
[0.549s] DEBUG:colcon.colcon_installed_package_information.package_discovery:Found 3 installed packages in /home/beyza/turtlebot3_ws/install
[0.550s] DEBUG:colcon.colcon_installed_package_information.package_discovery:Found 2 installed packages in /home/beyza/ros2_ws/install
[0.553s] DEBUG:colcon.colcon_installed_package_information.package_discovery:Found 342 installed packages in /opt/ros/humble
[0.556s] Level 1:colcon.colcon_core.package_discovery:discover_packages(prefix_path) using defaults
[0.649s] Level 5:colcon.colcon_core.verb:set package 'my_py_pkg' build argument 'cmake_args' from command line to 'None'
[0.649s] Level 5:colcon.colcon_core.verb:set package 'my_py_pkg' build argument 'cmake_target' from command line to 'None'
[0.649s] Level 5:colcon.colcon_core.verb:set package 'my_py_pkg' build argument 'cmake_target_skip_unavailable' from command line to 'False'
[0.649s] Level 5:colcon.colcon_core.verb:set package 'my_py_pkg' build argument 'cmake_clean_cache' from command line to 'False'
[0.649s] Level 5:colcon.colcon_core.verb:set package 'my_py_pkg' build argument 'cmake_clean_first' from command line to 'False'
[0.649s] Level 5:colcon.colcon_core.verb:set package 'my_py_pkg' build argument 'cmake_force_configure' from command line to 'False'
[0.649s] Level 5:colcon.colcon_core.verb:set package 'my_py_pkg' build argument 'ament_cmake_args' from command line to 'None'
[0.649s] Level 5:colcon.colcon_core.verb:set package 'my_py_pkg' build argument 'catkin_cmake_args' from command line to 'None'
[0.649s] Level 5:colcon.colcon_core.verb:set package 'my_py_pkg' build argument 'catkin_skip_building_tests' from command line to 'False'
[0.649s] DEBUG:colcon.colcon_core.verb:Building package 'my_py_pkg' with the following arguments: {'ament_cmake_args': None, 'build_base': '/home/beyza/ros2_ws/build/my_py_pkg', 'catkin_cmake_args': None, 'catkin_skip_building_tests': False, 'cmake_args': None, 'cmake_clean_cache': False, 'cmake_clean_first': False, 'cmake_force_configure': False, 'cmake_target': None, 'cmake_target_skip_unavailable': False, 'install_base': '/home/beyza/ros2_ws/install/my_py_pkg', 'merge_install': False, 'path': '/home/beyza/ros2_ws/src/my_py_pkg', 'symlink_install': False, 'test_result_base': None}
[0.651s] Level 5:colcon.colcon_core.verb:set package 'my_robot_interfaces' build argument 'cmake_args' from command line to 'None'
[0.651s] Level 5:colcon.colcon_core.verb:set package 'my_robot_interfaces' build argument 'cmake_target' from command line to 'None'
[0.651s] Level 5:colcon.colcon_core.verb:set package 'my_robot_interfaces' build argument 'cmake_target_skip_unavailable' from command line to 'False'
[0.651s] Level 5:colcon.colcon_core.verb:set package 'my_robot_interfaces' build argument 'cmake_clean_cache' from command line to 'False'
[0.651s] Level 5:colcon.colcon_core.verb:set package 'my_robot_interfaces' build argument 'cmake_clean_first' from command line to 'False'
[0.651s] Level 5:colcon.colcon_core.verb:set package 'my_robot_interfaces' build argument 'cmake_force_configure' from command line to 'False'
[0.651s] Level 5:colcon.colcon_core.verb:set package 'my_robot_interfaces' build argument 'ament_cmake_args' from command line to 'None'
[0.651s] Level 5:colcon.colcon_core.verb:set package 'my_robot_interfaces' build argument 'catkin_cmake_args' from command line to 'None'
[0.651s] Level 5:colcon.colcon_core.verb:set package 'my_robot_interfaces' build argument 'catkin_skip_building_tests' from command line to 'False'
[0.651s] DEBUG:colcon.colcon_core.verb:Building package 'my_robot_interfaces' with the following arguments: {'ament_cmake_args': None, 'build_base': '/home/beyza/ros2_ws/build/my_robot_interfaces', 'catkin_cmake_args': None, 'catkin_skip_building_tests': False, 'cmake_args': None, 'cmake_clean_cache': False, 'cmake_clean_first': False, 'cmake_force_configure': False, 'cmake_target': None, 'cmake_target_skip_unavailable': False, 'install_base': '/home/beyza/ros2_ws/install/my_robot_interfaces', 'merge_install': False, 'path': '/home/beyza/ros2_ws/src/my_robot_interfaces', 'symlink_install': False, 'test_result_base': None}
[0.652s] INFO:colcon.colcon_core.executor:Executing jobs using 'parallel' executor
[0.656s] DEBUG:colcon.colcon_parallel_executor.executor.parallel:run_until_complete
[0.656s] INFO:colcon.colcon_ros.task.ament_python.build:Building ROS package in '/home/beyza/ros2_ws/src/my_py_pkg' with build type 'ament_python'
[0.656s] Level 1:colcon.colcon_core.shell:create_environment_hook('my_py_pkg', 'ament_prefix_path')
[0.661s] INFO:colcon.colcon_core.plugin_system:Skipping extension 'colcon_core.shell.bat': Not used on non-Windows systems
[0.662s] INFO:colcon.colcon_core.shell:Creating environment hook '/home/beyza/ros2_ws/install/my_py_pkg/share/my_py_pkg/hook/ament_prefix_path.ps1'
[0.662s] INFO:colcon.colcon_core.shell:Creating environment descriptor '/home/beyza/ros2_ws/install/my_py_pkg/share/my_py_pkg/hook/ament_prefix_path.dsv'
[0.663s] INFO:colcon.colcon_core.shell:Creating environment hook '/home/beyza/ros2_ws/install/my_py_pkg/share/my_py_pkg/hook/ament_prefix_path.sh'
[0.665s] INFO:colcon.colcon_core.shell:Skip shell extension 'powershell' for command environment: Not usable outside of PowerShell
[0.665s] DEBUG:colcon.colcon_core.shell:Skip shell extension 'dsv' for command environment
[0.673s] INFO:colcon.colcon_ros.task.ament_cmake.build:Building ROS package in '/home/beyza/ros2_ws/src/my_robot_interfaces' with build type 'ament_cmake'
[0.673s] INFO:colcon.colcon_cmake.task.cmake.build:Building CMake package in '/home/beyza/ros2_ws/src/my_robot_interfaces'
[0.675s] INFO:colcon.colcon_core.shell:Skip shell extension 'powershell' for command environment: Not usable outside of PowerShell
[0.675s] DEBUG:colcon.colcon_core.shell:Skip shell extension 'dsv' for command environment
[1.049s] INFO:colcon.colcon_core.task.python.build:Building Python package in '/home/beyza/ros2_ws/src/my_py_pkg'
[1.051s] INFO:colcon.colcon_core.shell:Skip shell extension 'powershell' for command environment: Not usable outside of PowerShell
[1.051s] DEBUG:colcon.colcon_core.shell:Skip shell extension 'dsv' for command environment
[1.065s] DEBUG:colcon.colcon_core.event_handler.log_command:Invoking command in '/home/beyza/ros2_ws/build/my_robot_interfaces': CMAKE_PREFIX_PATH=${CMAKE_PREFIX_PATH}:/home/beyza/ros2_ws/install/my_py_pkg:/home/beyza/nav_ws/install/a_star:/opt/ros/humble /usr/bin/cmake --build /home/beyza/ros2_ws/build/my_robot_interfaces -- -j12 -l12
[1.518s] DEBUG:colcon.colcon_core.event_handler.log_command:Invoking command in '/home/beyza/ros2_ws/build/my_py_pkg': PYTHONPATH=/home/beyza/ros2_ws/build/my_py_pkg/prefix_override:/home/beyza/ros2_ws/install/my_py_pkg/lib/python3.10/site-packages:${PYTHONPATH} /usr/bin/python3 setup.py develop --uninstall --editable --build-directory /home/beyza/ros2_ws/build/my_py_pkg/build
[2.160s] DEBUG:colcon.colcon_core.event_handler.log_command:Invoked command in '/home/beyza/ros2_ws/build/my_py_pkg' returned '0': PYTHONPATH=/home/beyza/ros2_ws/build/my_py_pkg/prefix_override:/home/beyza/ros2_ws/install/my_py_pkg/lib/python3.10/site-packages:${PYTHONPATH} /usr/bin/python3 setup.py develop --uninstall --editable --build-directory /home/beyza/ros2_ws/build/my_py_pkg/build
[2.162s] DEBUG:colcon.colcon_core.event_handler.log_command:Invoking command in '/home/beyza/ros2_ws/src/my_py_pkg': PYTHONPATH=/home/beyza/ros2_ws/build/my_py_pkg/prefix_override:/home/beyza/ros2_ws/install/my_py_pkg/lib/python3.10/site-packages:${PYTHONPATH} /usr/bin/python3 setup.py egg_info --egg-base ../../build/my_py_pkg build --build-base /home/beyza/ros2_ws/build/my_py_pkg/build install --record /home/beyza/ros2_ws/build/my_py_pkg/install.log --single-version-externally-managed
[2.570s] DEBUG:colcon.colcon_core.event_handler.log_command:Invoked command in '/home/beyza/ros2_ws/src/my_py_pkg' returned '0': PYTHONPATH=/home/beyza/ros2_ws/build/my_py_pkg/prefix_override:/home/beyza/ros2_ws/install/my_py_pkg/lib/python3.10/site-packages:${PYTHONPATH} /usr/bin/python3 setup.py egg_info --egg-base ../../build/my_py_pkg build --build-base /home/beyza/ros2_ws/build/my_py_pkg/build install --record /home/beyza/ros2_ws/build/my_py_pkg/install.log --single-version-externally-managed
[2.580s] Level 1:colcon.colcon_core.environment:checking '/home/beyza/ros2_ws/install/my_py_pkg' for CMake module files
[2.581s] Level 1:colcon.colcon_core.environment:checking '/home/beyza/ros2_ws/install/my_py_pkg' for CMake config files
[2.582s] Level 1:colcon.colcon_core.environment:checking '/home/beyza/ros2_ws/install/my_py_pkg/lib'
[2.582s] Level 1:colcon.colcon_core.environment:checking '/home/beyza/ros2_ws/install/my_py_pkg/bin'
[2.583s] Level 1:colcon.colcon_core.environment:checking '/home/beyza/ros2_ws/install/my_py_pkg/lib/pkgconfig/my_py_pkg.pc'
[2.583s] Level 1:colcon.colcon_core.environment:checking '/home/beyza/ros2_ws/install/my_py_pkg/lib/python3.10/site-packages'
[2.583s] Level 1:colcon.colcon_core.shell:create_environment_hook('my_py_pkg', 'pythonpath')
[2.586s] INFO:colcon.colcon_core.shell:Creating environment hook '/home/beyza/ros2_ws/install/my_py_pkg/share/my_py_pkg/hook/pythonpath.ps1'
[2.587s] INFO:colcon.colcon_core.shell:Creating environment descriptor '/home/beyza/ros2_ws/install/my_py_pkg/share/my_py_pkg/hook/pythonpath.dsv'
[2.588s] INFO:colcon.colcon_core.shell:Creating environment hook '/home/beyza/ros2_ws/install/my_py_pkg/share/my_py_pkg/hook/pythonpath.sh'
[2.589s] Level 1:colcon.colcon_core.environment:checking '/home/beyza/ros2_ws/install/my_py_pkg/bin'
[2.589s] Level 1:colcon.colcon_core.environment:create_environment_scripts_only(my_py_pkg)
[2.592s] INFO:colcon.colcon_core.shell:Creating package script '/home/beyza/ros2_ws/install/my_py_pkg/share/my_py_pkg/package.ps1'
[2.594s] INFO:colcon.colcon_core.shell:Creating package descriptor '/home/beyza/ros2_ws/install/my_py_pkg/share/my_py_pkg/package.dsv'
[2.595s] INFO:colcon.colcon_core.shell:Creating package script '/home/beyza/ros2_ws/install/my_py_pkg/share/my_py_pkg/package.sh'
[2.597s] INFO:colcon.colcon_core.shell:Creating package script '/home/beyza/ros2_ws/install/my_py_pkg/share/my_py_pkg/package.bash'
[2.598s] INFO:colcon.colcon_core.shell:Creating package script '/home/beyza/ros2_ws/install/my_py_pkg/share/my_py_pkg/package.zsh'
[2.599s] Level 1:colcon.colcon_core.environment:create_file_with_runtime_dependencies(/home/beyza/ros2_ws/install/my_py_pkg/share/colcon-core/packages/my_py_pkg)
[4.472s] DEBUG:colcon.colcon_core.event_handler.log_command:Invoked command in '/home/beyza/ros2_ws/build/my_robot_interfaces' returned '0': CMAKE_PREFIX_PATH=${CMAKE_PREFIX_PATH}:/home/beyza/ros2_ws/install/my_py_pkg:/home/beyza/nav_ws/install/a_star:/opt/ros/humble /usr/bin/cmake --build /home/beyza/ros2_ws/build/my_robot_interfaces -- -j12 -l12
[4.559s] DEBUG:colcon.colcon_core.event_handler.log_command:Invoking command in '/home/beyza/ros2_ws/build/my_robot_interfaces': CMAKE_PREFIX_PATH=${CMAKE_PREFIX_PATH}:/home/beyza/ros2_ws/install/my_py_pkg:/home/beyza/nav_ws/install/a_star:/opt/ros/humble /usr/bin/cmake --install /home/beyza/ros2_ws/build/my_robot_interfaces
[4.643s] Level 1:colcon.colcon_core.environment:create_environment_scripts_only(my_robot_interfaces)
[4.643s] DEBUG:colcon.colcon_core.event_handler.log_command:Invoked command in '/home/beyza/ros2_ws/build/my_robot_interfaces' returned '0': CMAKE_PREFIX_PATH=${CMAKE_PREFIX_PATH}:/home/beyza/ros2_ws/install/my_py_pkg:/home/beyza/nav_ws/install/a_star:/opt/ros/humble /usr/bin/cmake --install /home/beyza/ros2_ws/build/my_robot_interfaces
[4.646s] Level 1:colcon.colcon_core.environment:checking '/home/beyza/ros2_ws/install/my_robot_interfaces' for CMake module files
[4.647s] Level 1:colcon.colcon_core.environment:checking '/home/beyza/ros2_ws/install/my_robot_interfaces' for CMake config files
[4.648s] Level 1:colcon.colcon_core.shell:create_environment_hook('my_robot_interfaces', 'cmake_prefix_path')
[4.649s] INFO:colcon.colcon_core.shell:Creating environment hook '/home/beyza/ros2_ws/install/my_robot_interfaces/share/my_robot_interfaces/hook/cmake_prefix_path.ps1'
[4.650s] INFO:colcon.colcon_core.shell:Creating environment descriptor '/home/beyza/ros2_ws/install/my_robot_interfaces/share/my_robot_interfaces/hook/cmake_prefix_path.dsv'
[4.650s] INFO:colcon.colcon_core.shell:Creating environment hook '/home/beyza/ros2_ws/install/my_robot_interfaces/share/my_robot_interfaces/hook/cmake_prefix_path.sh'
[4.651s] Level 1:colcon.colcon_core.environment:checking '/home/beyza/ros2_ws/install/my_robot_interfaces/lib'
[4.651s] Level 1:colcon.colcon_core.shell:create_environment_hook('my_robot_interfaces', 'ld_library_path_lib')
[4.652s] INFO:colcon.colcon_core.shell:Creating environment hook '/home/beyza/ros2_ws/install/my_robot_interfaces/share/my_robot_interfaces/hook/ld_library_path_lib.ps1'
[4.653s] INFO:colcon.colcon_core.shell:Creating environment descriptor '/home/beyza/ros2_ws/install/my_robot_interfaces/share/my_robot_interfaces/hook/ld_library_path_lib.dsv'
[4.653s] INFO:colcon.colcon_core.shell:Creating environment hook '/home/beyza/ros2_ws/install/my_robot_interfaces/share/my_robot_interfaces/hook/ld_library_path_lib.sh'
[4.653s] Level 1:colcon.colcon_core.environment:checking '/home/beyza/ros2_ws/install/my_robot_interfaces/bin'
[4.653s] Level 1:colcon.colcon_core.environment:checking '/home/beyza/ros2_ws/install/my_robot_interfaces/lib/pkgconfig/my_robot_interfaces.pc'
[4.654s] Level 1:colcon.colcon_core.environment:checking '/home/beyza/ros2_ws/install/my_robot_interfaces/lib/python3.10/site-packages'
[4.654s] Level 1:colcon.colcon_core.environment:checking '/home/beyza/ros2_ws/install/my_robot_interfaces/bin'
[4.656s] INFO:colcon.colcon_core.shell:Creating package script '/home/beyza/ros2_ws/install/my_robot_interfaces/share/my_robot_interfaces/package.ps1'
[4.656s] INFO:colcon.colcon_core.shell:Creating package descriptor '/home/beyza/ros2_ws/install/my_robot_interfaces/share/my_robot_interfaces/package.dsv'
[4.657s] INFO:colcon.colcon_core.shell:Creating package script '/home/beyza/ros2_ws/install/my_robot_interfaces/share/my_robot_interfaces/package.sh'
[4.657s] INFO:colcon.colcon_core.shell:Creating package script '/home/beyza/ros2_ws/install/my_robot_interfaces/share/my_robot_interfaces/package.bash'
[4.658s] INFO:colcon.colcon_core.shell:Creating package script '/home/beyza/ros2_ws/install/my_robot_interfaces/share/my_robot_interfaces/package.zsh'
[4.658s] Level 1:colcon.colcon_core.environment:create_file_with_runtime_dependencies(/home/beyza/ros2_ws/install/my_robot_interfaces/share/colcon-core/packages/my_robot_interfaces)
[4.781s] Level 1:colcon.colcon_core.environment:create_environment_scripts_only(my_robot_interfaces)
[4.787s] Level 1:colcon.colcon_core.environment:checking '/home/beyza/ros2_ws/install/my_robot_interfaces' for CMake module files
[4.789s] Level 1:colcon.colcon_core.environment:checking '/home/beyza/ros2_ws/install/my_robot_interfaces' for CMake config files
[4.791s] Level 1:colcon.colcon_core.shell:create_environment_hook('my_robot_interfaces', 'cmake_prefix_path')
[4.795s] INFO:colcon.colcon_core.shell:Creating environment hook '/home/beyza/ros2_ws/install/my_robot_interfaces/share/my_robot_interfaces/hook/cmake_prefix_path.ps1'
[4.797s] INFO:colcon.colcon_core.shell:Creating environment descriptor '/home/beyza/ros2_ws/install/my_robot_interfaces/share/my_robot_interfaces/hook/cmake_prefix_path.dsv'
[4.798s] INFO:colcon.colcon_core.shell:Creating environment hook '/home/beyza/ros2_ws/install/my_robot_interfaces/share/my_robot_interfaces/hook/cmake_prefix_path.sh'
[4.800s] Level 1:colcon.colcon_core.environment:checking '/home/beyza/ros2_ws/install/my_robot_interfaces/lib'
[4.800s] Level 1:colcon.colcon_core.shell:create_environment_hook('my_robot_interfaces', 'ld_library_path_lib')
[4.804s] INFO:colcon.colcon_core.shell:Creating environment hook '/home/beyza/ros2_ws/install/my_robot_interfaces/share/my_robot_interfaces/hook/ld_library_path_lib.ps1'
[4.805s] INFO:colcon.colcon_core.shell:Creating environment descriptor '/home/beyza/ros2_ws/install/my_robot_interfaces/share/my_robot_interfaces/hook/ld_library_path_lib.dsv'
[4.806s] INFO:colcon.colcon_core.shell:Creating environment hook '/home/beyza/ros2_ws/install/my_robot_interfaces/share/my_robot_interfaces/hook/ld_library_path_lib.sh'
[4.807s] Level 1:colcon.colcon_core.environment:checking '/home/beyza/ros2_ws/install/my_robot_interfaces/bin'
[4.807s] Level 1:colcon.colcon_core.environment:checking '/home/beyza/ros2_ws/install/my_robot_interfaces/lib/pkgconfig/my_robot_interfaces.pc'
[4.808s] Level 1:colcon.colcon_core.environment:checking '/home/beyza/ros2_ws/install/my_robot_interfaces/lib/python3.10/site-packages'
[4.808s] Level 1:colcon.colcon_core.environment:checking '/home/beyza/ros2_ws/install/my_robot_interfaces/bin'
[4.812s] INFO:colcon.colcon_core.shell:Creating package script '/home/beyza/ros2_ws/install/my_robot_interfaces/share/my_robot_interfaces/package.ps1'
[4.814s] INFO:colcon.colcon_core.shell:Creating package descriptor '/home/beyza/ros2_ws/install/my_robot_interfaces/share/my_robot_interfaces/package.dsv'
[4.815s] INFO:colcon.colcon_core.shell:Creating package script '/home/beyza/ros2_ws/install/my_robot_interfaces/share/my_robot_interfaces/package.sh'
[4.817s] INFO:colcon.colcon_core.shell:Creating package script '/home/beyza/ros2_ws/install/my_robot_interfaces/share/my_robot_interfaces/package.bash'
[4.818s] INFO:colcon.colcon_core.shell:Creating package script '/home/beyza/ros2_ws/install/my_robot_interfaces/share/my_robot_interfaces/package.zsh'
[4.819s] Level 1:colcon.colcon_core.environment:create_file_with_runtime_dependencies(/home/beyza/ros2_ws/install/my_robot_interfaces/share/colcon-core/packages/my_robot_interfaces)
[4.820s] DEBUG:colcon.colcon_parallel_executor.executor.parallel:closing loop
[4.820s] DEBUG:colcon.colcon_parallel_executor.executor.parallel:loop closed
[4.820s] DEBUG:colcon.colcon_parallel_executor.executor.parallel:run_until_complete finished with '0'
[4.821s] DEBUG:colcon.colcon_core.event_reactor:joining thread
[4.837s] INFO:colcon.colcon_core.plugin_system:Skipping extension 'colcon_notification.desktop_notification.terminal_notifier': Not used on non-Darwin systems
[4.837s] INFO:colcon.colcon_core.plugin_system:Skipping extension 'colcon_notification.desktop_notification.win32': Not used on non-Windows systems
[4.837s] INFO:colcon.colcon_notification.desktop_notification:Sending desktop notification using 'notify2'
[4.871s] DEBUG:colcon.colcon_core.event_reactor:joined thread
[4.875s] INFO:colcon.colcon_core.shell:Creating prefix script '/home/beyza/ros2_ws/install/local_setup.ps1'
[4.877s] INFO:colcon.colcon_core.shell:Creating prefix util module '/home/beyza/ros2_ws/install/_local_setup_util_ps1.py'
[4.880s] INFO:colcon.colcon_core.shell:Creating prefix chain script '/home/beyza/ros2_ws/install/setup.ps1'
[4.882s] INFO:colcon.colcon_core.shell:Creating prefix script '/home/beyza/ros2_ws/install/local_setup.sh'
[4.883s] INFO:colcon.colcon_core.shell:Creating prefix util module '/home/beyza/ros2_ws/install/_local_setup_util_sh.py'
[4.884s] INFO:colcon.colcon_core.shell:Creating prefix chain script '/home/beyza/ros2_ws/install/setup.sh'
[4.886s] INFO:colcon.colcon_core.shell:Creating prefix script '/home/beyza/ros2_ws/install/local_setup.bash'
[4.887s] INFO:colcon.colcon_core.shell:Creating prefix chain script '/home/beyza/ros2_ws/install/setup.bash'
[4.890s] INFO:colcon.colcon_core.shell:Creating prefix script '/home/beyza/ros2_ws/install/local_setup.zsh'
[4.890s] INFO:colcon.colcon_core.shell:Creating prefix chain script '/home/beyza/ros2_ws/install/setup.zsh'
