[0.020s] Invoking command in '/home/beyza/ros2_ws/build/my_robot_interfaces': CMAKE_PREFIX_PATH=${CMAKE_PREFIX_PATH}:/home/beyza/ros2_ws/install/turtlesim_catch_them_all:/home/beyza/ros2_ws/install/my_py_pkg:/home/beyza/nav_ws/install/a_star:/opt/ros/humble /usr/bin/cmake --build /home/beyza/ros2_ws/build/my_robot_interfaces -- -j12 -l12
[0.050s] -- Found ament_cmake: 1.3.3 (/opt/ros/humble/share/ament_cmake/cmake)
[0.236s] -- Found rosidl_default_generators: 1.2.0 (/opt/ros/humble/share/rosidl_default_generators/cmake)
[0.239s] -- Using all available rosidl_typesupport_c: rosidl_typesupport_fastrtps_c;rosidl_typesupport_introspection_c
[0.243s] -- Found rosidl_adapter: 3.1.4 (/opt/ros/humble/share/rosidl_adapter/cmake)
[0.318s] -- Using all available rosidl_typesupport_cpp: rosidl_typesupport_fastrtps_cpp;rosidl_typesupport_introspection_cpp
[0.718s] -- Found ament_cmake_ros: 0.10.0 (/opt/ros/humble/share/ament_cmake_ros/cmake)
[0.953s] -- Using all available rosidl_typesupport_c: rosidl_typesupport_fastrtps_c;rosidl_typesupport_introspection_c
[1.262s] -- Using all available rosidl_typesupport_cpp: rosidl_typesupport_fastrtps_cpp;rosidl_typesupport_introspection_cpp
[1.291s] -- Found python_cmake_module: 0.10.0 (/opt/ros/humble/share/python_cmake_module/cmake)
[1.321s] -- Using PYTHON_EXECUTABLE: /usr/bin/python3
[1.321s] -- Using PYTHON_INCLUDE_DIRS: /usr/include/python3.10
[1.321s] -- Using PYTHON_LIBRARIES: /usr/lib/x86_64-linux-gnu/libpython3.10.so
[1.346s] -- Configuring done
[1.400s] -- Generating done
[1.404s] -- Build files have been written to: /home/beyza/ros2_ws/build/my_robot_interfaces
[1.433s] [  1%] [34m[1mGenerating C code for ROS interfaces[0m
[1.446s] [  2%] [34m[1mGenerating C++ code for ROS interfaces[0m
[1.480s] [  2%] Built target ament_cmake_python_copy_my_robot_interfaces
[2.091s] running egg_info
[2.092s] writing my_robot_interfaces.egg-info/PKG-INFO
[2.093s] writing dependency_links to my_robot_interfaces.egg-info/dependency_links.txt
[2.093s] writing top-level names to my_robot_interfaces.egg-info/top_level.txt
[2.096s] reading manifest file 'my_robot_interfaces.egg-info/SOURCES.txt'
[2.097s] writing manifest file 'my_robot_interfaces.egg-info/SOURCES.txt'
[2.166s] [  2%] Built target ament_cmake_python_build_my_robot_interfaces_egg
[2.730s] [  2%] Built target my_robot_interfaces__cpp
[2.754s] [  3%] [34m[1mGenerating C++ type support dispatch for ROS interfaces[0m
[2.755s] [  5%] [34m[1mGenerating C++ introspection for ROS interfaces[0m
[2.765s] [  6%] [34m[1mGenerating C++ type support for eProsima Fast-RTPS[0m
[2.835s] [35m[1mConsolidate compiler generated dependencies of target my_robot_interfaces__rosidl_generator_c[0m
[2.858s] [  7%] [32mBuilding C object CMakeFiles/my_robot_interfaces__rosidl_generator_c.dir/rosidl_generator_c/my_robot_interfaces/msg/detail/hardware_status__functions.c.o[0m
[2.858s] [  8%] [32mBuilding C object CMakeFiles/my_robot_interfaces__rosidl_generator_c.dir/rosidl_generator_c/my_robot_interfaces/msg/detail/led_state_array__functions.c.o[0m
[2.859s] [ 10%] [32mBuilding C object CMakeFiles/my_robot_interfaces__rosidl_generator_c.dir/rosidl_generator_c/my_robot_interfaces/srv/detail/compute_rectangle_area__functions.c.o[0m
[2.859s] [ 12%] [32mBuilding C object CMakeFiles/my_robot_interfaces__rosidl_generator_c.dir/rosidl_generator_c/my_robot_interfaces/msg/detail/turtle_array__functions.c.o[0m
[2.859s] [ 12%] [32mBuilding C object CMakeFiles/my_robot_interfaces__rosidl_generator_c.dir/rosidl_generator_c/my_robot_interfaces/msg/detail/turtle__functions.c.o[0m
[2.860s] [ 13%] [32mBuilding C object CMakeFiles/my_robot_interfaces__rosidl_generator_c.dir/rosidl_generator_c/my_robot_interfaces/srv/detail/set_led__functions.c.o[0m
[2.860s] [ 15%] [32mBuilding C object CMakeFiles/my_robot_interfaces__rosidl_generator_c.dir/rosidl_generator_c/my_robot_interfaces/srv/detail/catch_turtle__functions.c.o[0m
[3.064s] [ 16%] [32m[1mLinking C shared library libmy_robot_interfaces__rosidl_generator_c.so[0m
[3.160s] [ 16%] Built target my_robot_interfaces__rosidl_generator_c
[3.174s] [ 17%] [34m[1mGenerating C type support dispatch for ROS interfaces[0m
[3.174s] [ 18%] [34m[1mGenerating C introspection for ROS interfaces[0m
[3.178s] [ 20%] [34m[1mGenerating C type support for eProsima Fast-RTPS[0m
[4.017s] [35m[1mConsolidate compiler generated dependencies of target my_robot_interfaces__rosidl_typesupport_introspection_cpp[0m
[4.020s] [35m[1mConsolidate compiler generated dependencies of target my_robot_interfaces__rosidl_typesupport_cpp[0m
[4.090s] [ 21%] [32mBuilding CXX object CMakeFiles/my_robot_interfaces__rosidl_typesupport_cpp.dir/rosidl_typesupport_cpp/my_robot_interfaces/msg/turtle__type_support.cpp.o[0m
[4.092s] [ 22%] [32mBuilding CXX object CMakeFiles/my_robot_interfaces__rosidl_typesupport_introspection_cpp.dir/rosidl_typesupport_introspection_cpp/my_robot_interfaces/msg/detail/hardware_status__type_support.cpp.o[0m
[4.093s] [ 25%] [32mBuilding CXX object CMakeFiles/my_robot_interfaces__rosidl_typesupport_introspection_cpp.dir/rosidl_typesupport_introspection_cpp/my_robot_interfaces/msg/detail/turtle__type_support.cpp.o[0m
[4.093s] [ 25%] [32mBuilding CXX object CMakeFiles/my_robot_interfaces__rosidl_typesupport_cpp.dir/rosidl_typesupport_cpp/my_robot_interfaces/msg/led_state_array__type_support.cpp.o[0m
[4.095s] [ 26%] [32mBuilding CXX object CMakeFiles/my_robot_interfaces__rosidl_typesupport_cpp.dir/rosidl_typesupport_cpp/my_robot_interfaces/msg/hardware_status__type_support.cpp.o[0m
[4.096s] [ 27%] [32mBuilding CXX object CMakeFiles/my_robot_interfaces__rosidl_typesupport_cpp.dir/rosidl_typesupport_cpp/my_robot_interfaces/srv/compute_rectangle_area__type_support.cpp.o[0m
[4.100s] [ 29%] [32mBuilding CXX object CMakeFiles/my_robot_interfaces__rosidl_typesupport_cpp.dir/rosidl_typesupport_cpp/my_robot_interfaces/msg/turtle_array__type_support.cpp.o[0m
[4.105s] [ 30%] [32mBuilding CXX object CMakeFiles/my_robot_interfaces__rosidl_typesupport_introspection_cpp.dir/rosidl_typesupport_introspection_cpp/my_robot_interfaces/msg/detail/led_state_array__type_support.cpp.o[0m
[4.374s] [35m[1mConsolidate compiler generated dependencies of target my_robot_interfaces__rosidl_typesupport_c[0m
[4.472s] [ 31%] [32mBuilding CXX object CMakeFiles/my_robot_interfaces__rosidl_typesupport_c.dir/rosidl_typesupport_c/my_robot_interfaces/msg/hardware_status__type_support.cpp.o[0m
[4.667s] [ 32%] [32mBuilding CXX object CMakeFiles/my_robot_interfaces__rosidl_typesupport_c.dir/rosidl_typesupport_c/my_robot_interfaces/msg/led_state_array__type_support.cpp.o[0m
[4.881s] [ 34%] [32mBuilding CXX object CMakeFiles/my_robot_interfaces__rosidl_typesupport_c.dir/rosidl_typesupport_c/my_robot_interfaces/msg/turtle__type_support.cpp.o[0m
[4.995s] [35m[1mConsolidate compiler generated dependencies of target my_robot_interfaces__rosidl_typesupport_fastrtps_cpp[0m
[5.081s] [ 35%] [32mBuilding CXX object CMakeFiles/my_robot_interfaces__rosidl_typesupport_c.dir/rosidl_typesupport_c/my_robot_interfaces/msg/turtle_array__type_support.cpp.o[0m
[5.103s] [ 36%] [32mBuilding CXX object CMakeFiles/my_robot_interfaces__rosidl_typesupport_fastrtps_cpp.dir/rosidl_typesupport_fastrtps_cpp/my_robot_interfaces/msg/detail/dds_fastrtps/hardware_status__type_support.cpp.o[0m
[5.221s] [ 37%] [32mBuilding CXX object CMakeFiles/my_robot_interfaces__rosidl_typesupport_c.dir/rosidl_typesupport_c/my_robot_interfaces/srv/compute_rectangle_area__type_support.cpp.o[0m
[5.302s] [ 39%] [32mBuilding CXX object CMakeFiles/my_robot_interfaces__rosidl_typesupport_c.dir/rosidl_typesupport_c/my_robot_interfaces/srv/set_led__type_support.cpp.o[0m
[5.330s] [ 40%] [32mBuilding CXX object CMakeFiles/my_robot_interfaces__rosidl_typesupport_c.dir/rosidl_typesupport_c/my_robot_interfaces/srv/catch_turtle__type_support.cpp.o[0m
[5.342s] [ 41%] [32mBuilding CXX object CMakeFiles/my_robot_interfaces__rosidl_typesupport_cpp.dir/rosidl_typesupport_cpp/my_robot_interfaces/srv/set_led__type_support.cpp.o[0m
[5.372s] [ 43%] [32mBuilding CXX object CMakeFiles/my_robot_interfaces__rosidl_typesupport_fastrtps_cpp.dir/rosidl_typesupport_fastrtps_cpp/my_robot_interfaces/msg/detail/dds_fastrtps/led_state_array__type_support.cpp.o[0m
[5.388s] [ 44%] [32mBuilding CXX object CMakeFiles/my_robot_interfaces__rosidl_typesupport_cpp.dir/rosidl_typesupport_cpp/my_robot_interfaces/srv/catch_turtle__type_support.cpp.o[0m
[5.398s] [35m[1mConsolidate compiler generated dependencies of target my_robot_interfaces__rosidl_typesupport_introspection_c[0m
[5.414s] [ 45%] [32mBuilding CXX object CMakeFiles/my_robot_interfaces__rosidl_typesupport_fastrtps_cpp.dir/rosidl_typesupport_fastrtps_cpp/my_robot_interfaces/msg/detail/dds_fastrtps/turtle__type_support.cpp.o[0m
[5.417s] [ 46%] [32mBuilding CXX object CMakeFiles/my_robot_interfaces__rosidl_typesupport_introspection_cpp.dir/rosidl_typesupport_introspection_cpp/my_robot_interfaces/msg/detail/turtle_array__type_support.cpp.o[0m
[5.448s] [ 48%] [32mBuilding C object CMakeFiles/my_robot_interfaces__rosidl_typesupport_introspection_c.dir/rosidl_typesupport_introspection_c/my_robot_interfaces/msg/detail/hardware_status__type_support.c.o[0m
[5.489s] [ 49%] [32m[1mLinking CXX shared library libmy_robot_interfaces__rosidl_typesupport_c.so[0m
[5.521s] [35m[1mConsolidate compiler generated dependencies of target my_robot_interfaces__rosidl_typesupport_fastrtps_c[0m
[5.625s] [ 50%] [32mBuilding CXX object CMakeFiles/my_robot_interfaces__rosidl_typesupport_fastrtps_c.dir/rosidl_typesupport_fastrtps_c/my_robot_interfaces/msg/detail/hardware_status__type_support_c.cpp.o[0m
[5.686s] [ 51%] [32mBuilding C object CMakeFiles/my_robot_interfaces__rosidl_typesupport_introspection_c.dir/rosidl_typesupport_introspection_c/my_robot_interfaces/msg/detail/led_state_array__type_support.c.o[0m
[5.718s] [ 53%] [32mBuilding CXX object CMakeFiles/my_robot_interfaces__rosidl_typesupport_fastrtps_cpp.dir/rosidl_typesupport_fastrtps_cpp/my_robot_interfaces/msg/detail/dds_fastrtps/turtle_array__type_support.cpp.o[0m
[5.738s] [ 53%] Built target my_robot_interfaces__rosidl_typesupport_c
[5.757s] [ 54%] [32mBuilding CXX object CMakeFiles/my_robot_interfaces__rosidl_typesupport_introspection_cpp.dir/rosidl_typesupport_introspection_cpp/my_robot_interfaces/srv/detail/compute_rectangle_area__type_support.cpp.o[0m
[5.819s] [ 55%] [32mBuilding CXX object CMakeFiles/my_robot_interfaces__rosidl_typesupport_fastrtps_cpp.dir/rosidl_typesupport_fastrtps_cpp/my_robot_interfaces/srv/detail/dds_fastrtps/compute_rectangle_area__type_support.cpp.o[0m
[5.848s] [ 56%] [32mBuilding CXX object CMakeFiles/my_robot_interfaces__rosidl_typesupport_fastrtps_cpp.dir/rosidl_typesupport_fastrtps_cpp/my_robot_interfaces/srv/detail/dds_fastrtps/set_led__type_support.cpp.o[0m
[5.968s] [ 58%] [32mBuilding C object CMakeFiles/my_robot_interfaces__rosidl_typesupport_introspection_c.dir/rosidl_typesupport_introspection_c/my_robot_interfaces/msg/detail/turtle__type_support.c.o[0m
[6.182s] [ 59%] [32mBuilding C object CMakeFiles/my_robot_interfaces__rosidl_typesupport_introspection_c.dir/rosidl_typesupport_introspection_c/my_robot_interfaces/msg/detail/turtle_array__type_support.c.o[0m
[6.436s] [ 60%] [32mBuilding C object CMakeFiles/my_robot_interfaces__rosidl_typesupport_introspection_c.dir/rosidl_typesupport_introspection_c/my_robot_interfaces/srv/detail/compute_rectangle_area__type_support.c.o[0m
[6.614s] [ 62%] [32mBuilding CXX object CMakeFiles/my_robot_interfaces__rosidl_typesupport_fastrtps_cpp.dir/rosidl_typesupport_fastrtps_cpp/my_robot_interfaces/srv/detail/dds_fastrtps/catch_turtle__type_support.cpp.o[0m
[6.683s] [ 63%] [32mBuilding C object CMakeFiles/my_robot_interfaces__rosidl_typesupport_introspection_c.dir/rosidl_typesupport_introspection_c/my_robot_interfaces/srv/detail/set_led__type_support.c.o[0m
[6.707s] [ 64%] [32m[1mLinking CXX shared library libmy_robot_interfaces__rosidl_typesupport_cpp.so[0m
[6.797s] [ 65%] [32mBuilding C object CMakeFiles/my_robot_interfaces__rosidl_typesupport_introspection_c.dir/rosidl_typesupport_introspection_c/my_robot_interfaces/srv/detail/catch_turtle__type_support.c.o[0m
[6.872s] [ 67%] [32mBuilding CXX object CMakeFiles/my_robot_interfaces__rosidl_typesupport_introspection_cpp.dir/rosidl_typesupport_introspection_cpp/my_robot_interfaces/srv/detail/set_led__type_support.cpp.o[0m
[6.996s] [ 68%] [32m[1mLinking C shared library libmy_robot_interfaces__rosidl_typesupport_introspection_c.so[0m
[7.008s] [ 68%] Built target my_robot_interfaces__rosidl_typesupport_cpp
[7.106s] [ 69%] [32mBuilding CXX object CMakeFiles/my_robot_interfaces__rosidl_typesupport_introspection_cpp.dir/rosidl_typesupport_introspection_cpp/my_robot_interfaces/srv/detail/catch_turtle__type_support.cpp.o[0m
[7.121s] [ 69%] Built target my_robot_interfaces__rosidl_typesupport_introspection_c
[7.139s] [ 70%] [32mBuilding CXX object CMakeFiles/my_robot_interfaces__rosidl_typesupport_fastrtps_c.dir/rosidl_typesupport_fastrtps_c/my_robot_interfaces/msg/detail/led_state_array__type_support_c.cpp.o[0m
[7.191s] [ 72%] [32mBuilding CXX object CMakeFiles/my_robot_interfaces__rosidl_typesupport_fastrtps_c.dir/rosidl_typesupport_fastrtps_c/my_robot_interfaces/msg/detail/turtle__type_support_c.cpp.o[0m
[7.270s] [ 73%] [32mBuilding CXX object CMakeFiles/my_robot_interfaces__rosidl_typesupport_fastrtps_c.dir/rosidl_typesupport_fastrtps_c/my_robot_interfaces/msg/detail/turtle_array__type_support_c.cpp.o[0m
[7.454s] [ 74%] [32mBuilding CXX object CMakeFiles/my_robot_interfaces__rosidl_typesupport_fastrtps_c.dir/rosidl_typesupport_fastrtps_c/my_robot_interfaces/srv/detail/compute_rectangle_area__type_support_c.cpp.o[0m
[7.534s] [ 75%] [32mBuilding CXX object CMakeFiles/my_robot_interfaces__rosidl_typesupport_fastrtps_c.dir/rosidl_typesupport_fastrtps_c/my_robot_interfaces/srv/detail/set_led__type_support_c.cpp.o[0m
[7.545s] [ 77%] [32mBuilding CXX object CMakeFiles/my_robot_interfaces__rosidl_typesupport_fastrtps_c.dir/rosidl_typesupport_fastrtps_c/my_robot_interfaces/srv/detail/catch_turtle__type_support_c.cpp.o[0m
[8.379s] [ 78%] [32m[1mLinking CXX shared library libmy_robot_interfaces__rosidl_typesupport_fastrtps_cpp.so[0m
[8.539s] [ 78%] Built target my_robot_interfaces__rosidl_typesupport_fastrtps_cpp
[8.595s] [ 79%] [32m[1mLinking CXX shared library libmy_robot_interfaces__rosidl_typesupport_introspection_cpp.so[0m
[8.738s] [ 81%] [32m[1mLinking CXX shared library libmy_robot_interfaces__rosidl_typesupport_fastrtps_c.so[0m
[8.742s] [ 81%] Built target my_robot_interfaces__rosidl_typesupport_introspection_cpp
[8.831s] [ 81%] Built target my_robot_interfaces__rosidl_typesupport_fastrtps_c
[8.854s] [ 81%] Built target my_robot_interfaces
[8.879s] [ 82%] [34m[1mGenerating Python code for ROS interfaces[0m
[10.337s] [ 82%] Built target my_robot_interfaces__py
[10.355s] [35m[1mConsolidate compiler generated dependencies of target my_robot_interfaces__rosidl_generator_py[0m
[10.380s] [ 84%] [32mBuilding C object CMakeFiles/my_robot_interfaces__rosidl_generator_py.dir/rosidl_generator_py/my_robot_interfaces/srv/_compute_rectangle_area_s.c.o[0m
[10.380s] [ 84%] [32mBuilding C object CMakeFiles/my_robot_interfaces__rosidl_generator_py.dir/rosidl_generator_py/my_robot_interfaces/msg/_turtle_array_s.c.o[0m
[10.380s] [ 86%] [32mBuilding C object CMakeFiles/my_robot_interfaces__rosidl_generator_py.dir/rosidl_generator_py/my_robot_interfaces/srv/_set_led_s.c.o[0m
[10.381s] [ 88%] [32mBuilding C object CMakeFiles/my_robot_interfaces__rosidl_generator_py.dir/rosidl_generator_py/my_robot_interfaces/msg/_led_state_array_s.c.o[0m
[10.381s] [ 88%] [32mBuilding C object CMakeFiles/my_robot_interfaces__rosidl_generator_py.dir/rosidl_generator_py/my_robot_interfaces/msg/_hardware_status_s.c.o[0m
[10.382s] [ 89%] [32mBuilding C object CMakeFiles/my_robot_interfaces__rosidl_generator_py.dir/rosidl_generator_py/my_robot_interfaces/msg/_turtle_s.c.o[0m
[10.384s] [ 91%] [32mBuilding C object CMakeFiles/my_robot_interfaces__rosidl_generator_py.dir/rosidl_generator_py/my_robot_interfaces/srv/_catch_turtle_s.c.o[0m
[10.714s] [ 92%] [32m[1mLinking C shared library rosidl_generator_py/my_robot_interfaces/libmy_robot_interfaces__rosidl_generator_py.so[0m
[10.792s] [ 92%] Built target my_robot_interfaces__rosidl_generator_py
[10.804s] [35m[1mConsolidate compiler generated dependencies of target my_robot_interfaces__rosidl_typesupport_introspection_c__pyext[0m
[10.804s] [35m[1mConsolidate compiler generated dependencies of target my_robot_interfaces__rosidl_typesupport_fastrtps_c__pyext[0m
[10.807s] [35m[1mConsolidate compiler generated dependencies of target my_robot_interfaces__rosidl_typesupport_c__pyext[0m
[10.821s] [ 94%] [32mBuilding C object CMakeFiles/my_robot_interfaces__rosidl_typesupport_introspection_c__pyext.dir/rosidl_generator_py/my_robot_interfaces/_my_robot_interfaces_s.ep.rosidl_typesupport_introspection_c.c.o[0m
[10.822s] [ 94%] [32mBuilding C object CMakeFiles/my_robot_interfaces__rosidl_typesupport_fastrtps_c__pyext.dir/rosidl_generator_py/my_robot_interfaces/_my_robot_interfaces_s.ep.rosidl_typesupport_fastrtps_c.c.o[0m
[10.825s] [ 96%] [32mBuilding C object CMakeFiles/my_robot_interfaces__rosidl_typesupport_c__pyext.dir/rosidl_generator_py/my_robot_interfaces/_my_robot_interfaces_s.ep.rosidl_typesupport_c.c.o[0m
[11.108s] [ 97%] [32m[1mLinking C shared library rosidl_generator_py/my_robot_interfaces/my_robot_interfaces_s__rosidl_typesupport_c.cpython-310-x86_64-linux-gnu.so[0m
[11.121s] [ 98%] [32m[1mLinking C shared library rosidl_generator_py/my_robot_interfaces/my_robot_interfaces_s__rosidl_typesupport_fastrtps_c.cpython-310-x86_64-linux-gnu.so[0m
[11.129s] [100%] [32m[1mLinking C shared library rosidl_generator_py/my_robot_interfaces/my_robot_interfaces_s__rosidl_typesupport_introspection_c.cpython-310-x86_64-linux-gnu.so[0m
[11.186s] [100%] Built target my_robot_interfaces__rosidl_typesupport_fastrtps_c__pyext
[11.209s] [100%] Built target my_robot_interfaces__rosidl_typesupport_c__pyext
[11.215s] [100%] Built target my_robot_interfaces__rosidl_typesupport_introspection_c__pyext
[11.253s] Invoked command in '/home/beyza/ros2_ws/build/my_robot_interfaces' returned '0': CMAKE_PREFIX_PATH=${CMAKE_PREFIX_PATH}:/home/beyza/ros2_ws/install/turtlesim_catch_them_all:/home/beyza/ros2_ws/install/my_py_pkg:/home/beyza/nav_ws/install/a_star:/opt/ros/humble /usr/bin/cmake --build /home/beyza/ros2_ws/build/my_robot_interfaces -- -j12 -l12
[11.876s] Invoking command in '/home/beyza/ros2_ws/build/my_robot_interfaces': CMAKE_PREFIX_PATH=${CMAKE_PREFIX_PATH}:/home/beyza/ros2_ws/install/turtlesim_catch_them_all:/home/beyza/ros2_ws/install/my_py_pkg:/home/beyza/nav_ws/install/a_star:/opt/ros/humble /usr/bin/cmake --install /home/beyza/ros2_ws/build/my_robot_interfaces
[11.908s] -- Install configuration: ""
[11.909s] -- Installing: /home/beyza/ros2_ws/install/my_robot_interfaces/share/ament_index/resource_index/rosidl_interfaces/my_robot_interfaces
[11.910s] -- Up-to-date: /home/beyza/ros2_ws/install/my_robot_interfaces/include/my_robot_interfaces/my_robot_interfaces
[11.910s] -- Up-to-date: /home/beyza/ros2_ws/install/my_robot_interfaces/include/my_robot_interfaces/my_robot_interfaces/msg
[11.911s] -- Installing: /home/beyza/ros2_ws/install/my_robot_interfaces/include/my_robot_interfaces/my_robot_interfaces/msg/turtle_array.h
[11.912s] -- Up-to-date: /home/beyza/ros2_ws/install/my_robot_interfaces/include/my_robot_interfaces/my_robot_interfaces/msg/rosidl_generator_c__visibility_control.h
[11.912s] -- Installing: /home/beyza/ros2_ws/install/my_robot_interfaces/include/my_robot_interfaces/my_robot_interfaces/msg/hardware_status.h
[11.913s] -- Installing: /home/beyza/ros2_ws/install/my_robot_interfaces/include/my_robot_interfaces/my_robot_interfaces/msg/led_state_array.h
[11.914s] -- Up-to-date: /home/beyza/ros2_ws/install/my_robot_interfaces/include/my_robot_interfaces/my_robot_interfaces/msg/detail
[11.914s] -- Installing: /home/beyza/ros2_ws/install/my_robot_interfaces/include/my_robot_interfaces/my_robot_interfaces/msg/detail/led_state_array__functions.h
[11.915s] -- Installing: /home/beyza/ros2_ws/install/my_robot_interfaces/include/my_robot_interfaces/my_robot_interfaces/msg/detail/led_state_array__type_support.h
[11.916s] -- Installing: /home/beyza/ros2_ws/install/my_robot_interfaces/include/my_robot_interfaces/my_robot_interfaces/msg/detail/turtle__struct.h
[11.916s] -- Installing: /home/beyza/ros2_ws/install/my_robot_interfaces/include/my_robot_interfaces/my_robot_interfaces/msg/detail/turtle__type_support.h
[11.917s] -- Installing: /home/beyza/ros2_ws/install/my_robot_interfaces/include/my_robot_interfaces/my_robot_interfaces/msg/detail/turtle_array__functions.c
[11.918s] -- Installing: /home/beyza/ros2_ws/install/my_robot_interfaces/include/my_robot_interfaces/my_robot_interfaces/msg/detail/hardware_status__type_support.h
[11.918s] -- Installing: /home/beyza/ros2_ws/install/my_robot_interfaces/include/my_robot_interfaces/my_robot_interfaces/msg/detail/led_state_array__functions.c
[11.919s] -- Installing: /home/beyza/ros2_ws/install/my_robot_interfaces/include/my_robot_interfaces/my_robot_interfaces/msg/detail/turtle__functions.c
[11.919s] -- Installing: /home/beyza/ros2_ws/install/my_robot_interfaces/include/my_robot_interfaces/my_robot_interfaces/msg/detail/turtle_array__struct.h
[11.920s] -- Installing: /home/beyza/ros2_ws/install/my_robot_interfaces/include/my_robot_interfaces/my_robot_interfaces/msg/detail/turtle_array__functions.h
[11.921s] -- Installing: /home/beyza/ros2_ws/install/my_robot_interfaces/include/my_robot_interfaces/my_robot_interfaces/msg/detail/turtle__functions.h
[11.922s] -- Installing: /home/beyza/ros2_ws/install/my_robot_interfaces/include/my_robot_interfaces/my_robot_interfaces/msg/detail/hardware_status__struct.h
[11.922s] -- Installing: /home/beyza/ros2_ws/install/my_robot_interfaces/include/my_robot_interfaces/my_robot_interfaces/msg/detail/hardware_status__functions.c
[11.923s] -- Installing: /home/beyza/ros2_ws/install/my_robot_interfaces/include/my_robot_interfaces/my_robot_interfaces/msg/detail/turtle_array__type_support.h
[11.924s] -- Installing: /home/beyza/ros2_ws/install/my_robot_interfaces/include/my_robot_interfaces/my_robot_interfaces/msg/detail/hardware_status__functions.h
[11.924s] -- Installing: /home/beyza/ros2_ws/install/my_robot_interfaces/include/my_robot_interfaces/my_robot_interfaces/msg/detail/led_state_array__struct.h
[11.925s] -- Installing: /home/beyza/ros2_ws/install/my_robot_interfaces/include/my_robot_interfaces/my_robot_interfaces/msg/turtle.h
[11.926s] -- Up-to-date: /home/beyza/ros2_ws/install/my_robot_interfaces/include/my_robot_interfaces/my_robot_interfaces/srv
[11.926s] -- Up-to-date: /home/beyza/ros2_ws/install/my_robot_interfaces/include/my_robot_interfaces/my_robot_interfaces/srv/detail
[11.927s] -- Installing: /home/beyza/ros2_ws/install/my_robot_interfaces/include/my_robot_interfaces/my_robot_interfaces/srv/detail/compute_rectangle_area__struct.h
[11.927s] -- Installing: /home/beyza/ros2_ws/install/my_robot_interfaces/include/my_robot_interfaces/my_robot_interfaces/srv/detail/catch_turtle__functions.c
[11.928s] -- Installing: /home/beyza/ros2_ws/install/my_robot_interfaces/include/my_robot_interfaces/my_robot_interfaces/srv/detail/compute_rectangle_area__type_support.h
[11.929s] -- Installing: /home/beyza/ros2_ws/install/my_robot_interfaces/include/my_robot_interfaces/my_robot_interfaces/srv/detail/set_led__functions.c
[11.929s] -- Installing: /home/beyza/ros2_ws/install/my_robot_interfaces/include/my_robot_interfaces/my_robot_interfaces/srv/detail/catch_turtle__functions.h
[11.930s] -- Installing: /home/beyza/ros2_ws/install/my_robot_interfaces/include/my_robot_interfaces/my_robot_interfaces/srv/detail/catch_turtle__struct.h
[11.931s] -- Installing: /home/beyza/ros2_ws/install/my_robot_interfaces/include/my_robot_interfaces/my_robot_interfaces/srv/detail/set_led__struct.h
[11.931s] -- Installing: /home/beyza/ros2_ws/install/my_robot_interfaces/include/my_robot_interfaces/my_robot_interfaces/srv/detail/compute_rectangle_area__functions.h
[11.932s] -- Installing: /home/beyza/ros2_ws/install/my_robot_interfaces/include/my_robot_interfaces/my_robot_interfaces/srv/detail/catch_turtle__type_support.h
[11.933s] -- Installing: /home/beyza/ros2_ws/install/my_robot_interfaces/include/my_robot_interfaces/my_robot_interfaces/srv/detail/set_led__functions.h
[11.933s] -- Installing: /home/beyza/ros2_ws/install/my_robot_interfaces/include/my_robot_interfaces/my_robot_interfaces/srv/detail/set_led__type_support.h
[11.934s] -- Installing: /home/beyza/ros2_ws/install/my_robot_interfaces/include/my_robot_interfaces/my_robot_interfaces/srv/detail/compute_rectangle_area__functions.c
[11.935s] -- Installing: /home/beyza/ros2_ws/install/my_robot_interfaces/include/my_robot_interfaces/my_robot_interfaces/srv/catch_turtle.h
[11.935s] -- Installing: /home/beyza/ros2_ws/install/my_robot_interfaces/include/my_robot_interfaces/my_robot_interfaces/srv/set_led.h
[11.936s] -- Installing: /home/beyza/ros2_ws/install/my_robot_interfaces/include/my_robot_interfaces/my_robot_interfaces/srv/compute_rectangle_area.h
[11.937s] -- Up-to-date: /home/beyza/ros2_ws/install/my_robot_interfaces/share/my_robot_interfaces/environment/library_path.sh
[11.937s] -- Installing: /home/beyza/ros2_ws/install/my_robot_interfaces/share/my_robot_interfaces/environment/library_path.dsv
[11.938s] -- Installing: /home/beyza/ros2_ws/install/my_robot_interfaces/lib/libmy_robot_interfaces__rosidl_generator_c.so
[11.939s] -- Set runtime path of "/home/beyza/ros2_ws/install/my_robot_interfaces/lib/libmy_robot_interfaces__rosidl_generator_c.so" to ""
[11.940s] -- Up-to-date: /home/beyza/ros2_ws/install/my_robot_interfaces/include/my_robot_interfaces/my_robot_interfaces
[11.941s] -- Up-to-date: /home/beyza/ros2_ws/install/my_robot_interfaces/include/my_robot_interfaces/my_robot_interfaces/msg
[11.941s] -- Up-to-date: /home/beyza/ros2_ws/install/my_robot_interfaces/include/my_robot_interfaces/my_robot_interfaces/msg/detail
[11.942s] -- Installing: /home/beyza/ros2_ws/install/my_robot_interfaces/include/my_robot_interfaces/my_robot_interfaces/msg/detail/turtle_array__rosidl_typesupport_fastrtps_c.h
[11.943s] -- Installing: /home/beyza/ros2_ws/install/my_robot_interfaces/include/my_robot_interfaces/my_robot_interfaces/msg/detail/hardware_status__rosidl_typesupport_fastrtps_c.h
[11.943s] -- Installing: /home/beyza/ros2_ws/install/my_robot_interfaces/include/my_robot_interfaces/my_robot_interfaces/msg/detail/led_state_array__rosidl_typesupport_fastrtps_c.h
[11.944s] -- Installing: /home/beyza/ros2_ws/install/my_robot_interfaces/include/my_robot_interfaces/my_robot_interfaces/msg/detail/turtle__rosidl_typesupport_fastrtps_c.h
[11.944s] -- Up-to-date: /home/beyza/ros2_ws/install/my_robot_interfaces/include/my_robot_interfaces/my_robot_interfaces/msg/rosidl_typesupport_fastrtps_c__visibility_control.h
[11.945s] -- Up-to-date: /home/beyza/ros2_ws/install/my_robot_interfaces/include/my_robot_interfaces/my_robot_interfaces/srv
[11.946s] -- Up-to-date: /home/beyza/ros2_ws/install/my_robot_interfaces/include/my_robot_interfaces/my_robot_interfaces/srv/detail
[11.946s] -- Installing: /home/beyza/ros2_ws/install/my_robot_interfaces/include/my_robot_interfaces/my_robot_interfaces/srv/detail/catch_turtle__rosidl_typesupport_fastrtps_c.h
[11.947s] -- Installing: /home/beyza/ros2_ws/install/my_robot_interfaces/include/my_robot_interfaces/my_robot_interfaces/srv/detail/compute_rectangle_area__rosidl_typesupport_fastrtps_c.h
[11.947s] -- Installing: /home/beyza/ros2_ws/install/my_robot_interfaces/include/my_robot_interfaces/my_robot_interfaces/srv/detail/set_led__rosidl_typesupport_fastrtps_c.h
[11.948s] -- Installing: /home/beyza/ros2_ws/install/my_robot_interfaces/lib/libmy_robot_interfaces__rosidl_typesupport_fastrtps_c.so
[11.949s] -- Set runtime path of "/home/beyza/ros2_ws/install/my_robot_interfaces/lib/libmy_robot_interfaces__rosidl_typesupport_fastrtps_c.so" to ""
[11.950s] -- Up-to-date: /home/beyza/ros2_ws/install/my_robot_interfaces/include/my_robot_interfaces/my_robot_interfaces
[11.951s] -- Up-to-date: /home/beyza/ros2_ws/install/my_robot_interfaces/include/my_robot_interfaces/my_robot_interfaces/msg
[11.952s] -- Up-to-date: /home/beyza/ros2_ws/install/my_robot_interfaces/include/my_robot_interfaces/my_robot_interfaces/msg/rosidl_typesupport_introspection_c__visibility_control.h
[11.953s] -- Up-to-date: /home/beyza/ros2_ws/install/my_robot_interfaces/include/my_robot_interfaces/my_robot_interfaces/msg/detail
[11.954s] -- Installing: /home/beyza/ros2_ws/install/my_robot_interfaces/include/my_robot_interfaces/my_robot_interfaces/msg/detail/turtle_array__rosidl_typesupport_introspection_c.h
[11.954s] -- Installing: /home/beyza/ros2_ws/install/my_robot_interfaces/include/my_robot_interfaces/my_robot_interfaces/msg/detail/hardware_status__rosidl_typesupport_introspection_c.h
[11.955s] -- Installing: /home/beyza/ros2_ws/install/my_robot_interfaces/include/my_robot_interfaces/my_robot_interfaces/msg/detail/turtle__type_support.c
[11.956s] -- Installing: /home/beyza/ros2_ws/install/my_robot_interfaces/include/my_robot_interfaces/my_robot_interfaces/msg/detail/hardware_status__type_support.c
[11.956s] -- Installing: /home/beyza/ros2_ws/install/my_robot_interfaces/include/my_robot_interfaces/my_robot_interfaces/msg/detail/turtle__rosidl_typesupport_introspection_c.h
[11.957s] -- Installing: /home/beyza/ros2_ws/install/my_robot_interfaces/include/my_robot_interfaces/my_robot_interfaces/msg/detail/led_state_array__type_support.c
[11.957s] -- Installing: /home/beyza/ros2_ws/install/my_robot_interfaces/include/my_robot_interfaces/my_robot_interfaces/msg/detail/turtle_array__type_support.c
[11.958s] -- Installing: /home/beyza/ros2_ws/install/my_robot_interfaces/include/my_robot_interfaces/my_robot_interfaces/msg/detail/led_state_array__rosidl_typesupport_introspection_c.h
[11.959s] -- Up-to-date: /home/beyza/ros2_ws/install/my_robot_interfaces/include/my_robot_interfaces/my_robot_interfaces/srv
[11.959s] -- Up-to-date: /home/beyza/ros2_ws/install/my_robot_interfaces/include/my_robot_interfaces/my_robot_interfaces/srv/detail
[11.960s] -- Installing: /home/beyza/ros2_ws/install/my_robot_interfaces/include/my_robot_interfaces/my_robot_interfaces/srv/detail/set_led__type_support.c
[11.960s] -- Installing: /home/beyza/ros2_ws/install/my_robot_interfaces/include/my_robot_interfaces/my_robot_interfaces/srv/detail/compute_rectangle_area__type_support.c
[11.961s] -- Installing: /home/beyza/ros2_ws/install/my_robot_interfaces/include/my_robot_interfaces/my_robot_interfaces/srv/detail/set_led__rosidl_typesupport_introspection_c.h
[11.962s] -- Installing: /home/beyza/ros2_ws/install/my_robot_interfaces/include/my_robot_interfaces/my_robot_interfaces/srv/detail/catch_turtle__rosidl_typesupport_introspection_c.h
[11.962s] -- Installing: /home/beyza/ros2_ws/install/my_robot_interfaces/include/my_robot_interfaces/my_robot_interfaces/srv/detail/compute_rectangle_area__rosidl_typesupport_introspection_c.h
[11.963s] -- Installing: /home/beyza/ros2_ws/install/my_robot_interfaces/include/my_robot_interfaces/my_robot_interfaces/srv/detail/catch_turtle__type_support.c
[11.963s] -- Installing: /home/beyza/ros2_ws/install/my_robot_interfaces/lib/libmy_robot_interfaces__rosidl_typesupport_introspection_c.so
[11.964s] -- Set runtime path of "/home/beyza/ros2_ws/install/my_robot_interfaces/lib/libmy_robot_interfaces__rosidl_typesupport_introspection_c.so" to ""
[11.964s] -- Installing: /home/beyza/ros2_ws/install/my_robot_interfaces/lib/libmy_robot_interfaces__rosidl_typesupport_c.so
[11.966s] -- Set runtime path of "/home/beyza/ros2_ws/install/my_robot_interfaces/lib/libmy_robot_interfaces__rosidl_typesupport_c.so" to ""
[11.967s] -- Up-to-date: /home/beyza/ros2_ws/install/my_robot_interfaces/include/my_robot_interfaces/my_robot_interfaces
[11.967s] -- Up-to-date: /home/beyza/ros2_ws/install/my_robot_interfaces/include/my_robot_interfaces/my_robot_interfaces/msg
[11.968s] -- Installing: /home/beyza/ros2_ws/install/my_robot_interfaces/include/my_robot_interfaces/my_robot_interfaces/msg/turtle.hpp
[11.969s] -- Installing: /home/beyza/ros2_ws/install/my_robot_interfaces/include/my_robot_interfaces/my_robot_interfaces/msg/turtle_array.hpp
[11.969s] -- Up-to-date: /home/beyza/ros2_ws/install/my_robot_interfaces/include/my_robot_interfaces/my_robot_interfaces/msg/detail
[11.970s] -- Installing: /home/beyza/ros2_ws/install/my_robot_interfaces/include/my_robot_interfaces/my_robot_interfaces/msg/detail/led_state_array__traits.hpp
[11.970s] -- Installing: /home/beyza/ros2_ws/install/my_robot_interfaces/include/my_robot_interfaces/my_robot_interfaces/msg/detail/hardware_status__traits.hpp
[11.971s] -- Installing: /home/beyza/ros2_ws/install/my_robot_interfaces/include/my_robot_interfaces/my_robot_interfaces/msg/detail/turtle__traits.hpp
[11.972s] -- Installing: /home/beyza/ros2_ws/install/my_robot_interfaces/include/my_robot_interfaces/my_robot_interfaces/msg/detail/led_state_array__struct.hpp
[11.973s] -- Installing: /home/beyza/ros2_ws/install/my_robot_interfaces/include/my_robot_interfaces/my_robot_interfaces/msg/detail/hardware_status__struct.hpp
[11.973s] -- Installing: /home/beyza/ros2_ws/install/my_robot_interfaces/include/my_robot_interfaces/my_robot_interfaces/msg/detail/turtle__builder.hpp
[11.974s] -- Installing: /home/beyza/ros2_ws/install/my_robot_interfaces/include/my_robot_interfaces/my_robot_interfaces/msg/detail/hardware_status__builder.hpp
[11.975s] -- Installing: /home/beyza/ros2_ws/install/my_robot_interfaces/include/my_robot_interfaces/my_robot_interfaces/msg/detail/turtle_array__builder.hpp
[11.975s] -- Installing: /home/beyza/ros2_ws/install/my_robot_interfaces/include/my_robot_interfaces/my_robot_interfaces/msg/detail/turtle_array__struct.hpp
[11.976s] -- Installing: /home/beyza/ros2_ws/install/my_robot_interfaces/include/my_robot_interfaces/my_robot_interfaces/msg/detail/turtle__struct.hpp
[11.976s] -- Installing: /home/beyza/ros2_ws/install/my_robot_interfaces/include/my_robot_interfaces/my_robot_interfaces/msg/detail/led_state_array__builder.hpp
[11.977s] -- Installing: /home/beyza/ros2_ws/install/my_robot_interfaces/include/my_robot_interfaces/my_robot_interfaces/msg/detail/turtle_array__traits.hpp
[11.977s] -- Installing: /home/beyza/ros2_ws/install/my_robot_interfaces/include/my_robot_interfaces/my_robot_interfaces/msg/led_state_array.hpp
[11.978s] -- Installing: /home/beyza/ros2_ws/install/my_robot_interfaces/include/my_robot_interfaces/my_robot_interfaces/msg/hardware_status.hpp
[11.978s] -- Up-to-date: /home/beyza/ros2_ws/install/my_robot_interfaces/include/my_robot_interfaces/my_robot_interfaces/srv
[11.979s] -- Installing: /home/beyza/ros2_ws/install/my_robot_interfaces/include/my_robot_interfaces/my_robot_interfaces/srv/set_led.hpp
[11.979s] -- Installing: /home/beyza/ros2_ws/install/my_robot_interfaces/include/my_robot_interfaces/my_robot_interfaces/srv/compute_rectangle_area.hpp
[11.979s] -- Installing: /home/beyza/ros2_ws/install/my_robot_interfaces/include/my_robot_interfaces/my_robot_interfaces/srv/catch_turtle.hpp
[11.980s] -- Up-to-date: /home/beyza/ros2_ws/install/my_robot_interfaces/include/my_robot_interfaces/my_robot_interfaces/srv/detail
[11.980s] -- Installing: /home/beyza/ros2_ws/install/my_robot_interfaces/include/my_robot_interfaces/my_robot_interfaces/srv/detail/catch_turtle__traits.hpp
[11.980s] -- Installing: /home/beyza/ros2_ws/install/my_robot_interfaces/include/my_robot_interfaces/my_robot_interfaces/srv/detail/compute_rectangle_area__traits.hpp
[11.982s] -- Installing: /home/beyza/ros2_ws/install/my_robot_interfaces/include/my_robot_interfaces/my_robot_interfaces/srv/detail/compute_rectangle_area__builder.hpp
[11.982s] -- Installing: /home/beyza/ros2_ws/install/my_robot_interfaces/include/my_robot_interfaces/my_robot_interfaces/srv/detail/set_led__struct.hpp
[11.983s] -- Installing: /home/beyza/ros2_ws/install/my_robot_interfaces/include/my_robot_interfaces/my_robot_interfaces/srv/detail/set_led__builder.hpp
[11.983s] -- Installing: /home/beyza/ros2_ws/install/my_robot_interfaces/include/my_robot_interfaces/my_robot_interfaces/srv/detail/catch_turtle__builder.hpp
[11.984s] -- Installing: /home/beyza/ros2_ws/install/my_robot_interfaces/include/my_robot_interfaces/my_robot_interfaces/srv/detail/catch_turtle__struct.hpp
[11.985s] -- Installing: /home/beyza/ros2_ws/install/my_robot_interfaces/include/my_robot_interfaces/my_robot_interfaces/srv/detail/compute_rectangle_area__struct.hpp
[11.986s] -- Installing: /home/beyza/ros2_ws/install/my_robot_interfaces/include/my_robot_interfaces/my_robot_interfaces/srv/detail/set_led__traits.hpp
[11.987s] -- Up-to-date: /home/beyza/ros2_ws/install/my_robot_interfaces/include/my_robot_interfaces/my_robot_interfaces
[11.988s] -- Up-to-date: /home/beyza/ros2_ws/install/my_robot_interfaces/include/my_robot_interfaces/my_robot_interfaces/msg
[11.988s] -- Up-to-date: /home/beyza/ros2_ws/install/my_robot_interfaces/include/my_robot_interfaces/my_robot_interfaces/msg/detail
[11.989s] -- Installing: /home/beyza/ros2_ws/install/my_robot_interfaces/include/my_robot_interfaces/my_robot_interfaces/msg/detail/turtle_array__rosidl_typesupport_fastrtps_cpp.hpp
[11.989s] -- Up-to-date: /home/beyza/ros2_ws/install/my_robot_interfaces/include/my_robot_interfaces/my_robot_interfaces/msg/detail/dds_fastrtps
[11.990s] -- Installing: /home/beyza/ros2_ws/install/my_robot_interfaces/include/my_robot_interfaces/my_robot_interfaces/msg/detail/hardware_status__rosidl_typesupport_fastrtps_cpp.hpp
[11.991s] -- Installing: /home/beyza/ros2_ws/install/my_robot_interfaces/include/my_robot_interfaces/my_robot_interfaces/msg/detail/led_state_array__rosidl_typesupport_fastrtps_cpp.hpp
[11.992s] -- Installing: /home/beyza/ros2_ws/install/my_robot_interfaces/include/my_robot_interfaces/my_robot_interfaces/msg/detail/turtle__rosidl_typesupport_fastrtps_cpp.hpp
[11.992s] -- Up-to-date: /home/beyza/ros2_ws/install/my_robot_interfaces/include/my_robot_interfaces/my_robot_interfaces/msg/rosidl_typesupport_fastrtps_cpp__visibility_control.h
[11.993s] -- Up-to-date: /home/beyza/ros2_ws/install/my_robot_interfaces/include/my_robot_interfaces/my_robot_interfaces/srv
[11.993s] -- Up-to-date: /home/beyza/ros2_ws/install/my_robot_interfaces/include/my_robot_interfaces/my_robot_interfaces/srv/detail
[11.994s] -- Up-to-date: /home/beyza/ros2_ws/install/my_robot_interfaces/include/my_robot_interfaces/my_robot_interfaces/srv/detail/dds_fastrtps
[11.995s] -- Installing: /home/beyza/ros2_ws/install/my_robot_interfaces/include/my_robot_interfaces/my_robot_interfaces/srv/detail/compute_rectangle_area__rosidl_typesupport_fastrtps_cpp.hpp
[11.995s] -- Installing: /home/beyza/ros2_ws/install/my_robot_interfaces/include/my_robot_interfaces/my_robot_interfaces/srv/detail/set_led__rosidl_typesupport_fastrtps_cpp.hpp
[11.996s] -- Installing: /home/beyza/ros2_ws/install/my_robot_interfaces/include/my_robot_interfaces/my_robot_interfaces/srv/detail/catch_turtle__rosidl_typesupport_fastrtps_cpp.hpp
[11.996s] -- Installing: /home/beyza/ros2_ws/install/my_robot_interfaces/lib/libmy_robot_interfaces__rosidl_typesupport_fastrtps_cpp.so
[11.998s] -- Set runtime path of "/home/beyza/ros2_ws/install/my_robot_interfaces/lib/libmy_robot_interfaces__rosidl_typesupport_fastrtps_cpp.so" to ""
[11.999s] -- Up-to-date: /home/beyza/ros2_ws/install/my_robot_interfaces/include/my_robot_interfaces/my_robot_interfaces
[12.000s] -- Up-to-date: /home/beyza/ros2_ws/install/my_robot_interfaces/include/my_robot_interfaces/my_robot_interfaces/msg
[12.000s] -- Up-to-date: /home/beyza/ros2_ws/install/my_robot_interfaces/include/my_robot_interfaces/my_robot_interfaces/msg/detail
[12.001s] -- Installing: /home/beyza/ros2_ws/install/my_robot_interfaces/include/my_robot_interfaces/my_robot_interfaces/msg/detail/led_state_array__type_support.cpp
[12.002s] -- Installing: /home/beyza/ros2_ws/install/my_robot_interfaces/include/my_robot_interfaces/my_robot_interfaces/msg/detail/hardware_status__type_support.cpp
[12.002s] -- Installing: /home/beyza/ros2_ws/install/my_robot_interfaces/include/my_robot_interfaces/my_robot_interfaces/msg/detail/hardware_status__rosidl_typesupport_introspection_cpp.hpp
[12.003s] -- Installing: /home/beyza/ros2_ws/install/my_robot_interfaces/include/my_robot_interfaces/my_robot_interfaces/msg/detail/turtle__rosidl_typesupport_introspection_cpp.hpp
[12.003s] -- Installing: /home/beyza/ros2_ws/install/my_robot_interfaces/include/my_robot_interfaces/my_robot_interfaces/msg/detail/turtle__type_support.cpp
[12.004s] -- Installing: /home/beyza/ros2_ws/install/my_robot_interfaces/include/my_robot_interfaces/my_robot_interfaces/msg/detail/turtle_array__rosidl_typesupport_introspection_cpp.hpp
[12.005s] -- Installing: /home/beyza/ros2_ws/install/my_robot_interfaces/include/my_robot_interfaces/my_robot_interfaces/msg/detail/led_state_array__rosidl_typesupport_introspection_cpp.hpp
[12.005s] -- Installing: /home/beyza/ros2_ws/install/my_robot_interfaces/include/my_robot_interfaces/my_robot_interfaces/msg/detail/turtle_array__type_support.cpp
[12.006s] -- Up-to-date: /home/beyza/ros2_ws/install/my_robot_interfaces/include/my_robot_interfaces/my_robot_interfaces/srv
[12.007s] -- Up-to-date: /home/beyza/ros2_ws/install/my_robot_interfaces/include/my_robot_interfaces/my_robot_interfaces/srv/detail
[12.008s] -- Installing: /home/beyza/ros2_ws/install/my_robot_interfaces/include/my_robot_interfaces/my_robot_interfaces/srv/detail/catch_turtle__rosidl_typesupport_introspection_cpp.hpp
[12.008s] -- Installing: /home/beyza/ros2_ws/install/my_robot_interfaces/include/my_robot_interfaces/my_robot_interfaces/srv/detail/compute_rectangle_area__type_support.cpp
[12.009s] -- Installing: /home/beyza/ros2_ws/install/my_robot_interfaces/include/my_robot_interfaces/my_robot_interfaces/srv/detail/set_led__type_support.cpp
[12.010s] -- Installing: /home/beyza/ros2_ws/install/my_robot_interfaces/include/my_robot_interfaces/my_robot_interfaces/srv/detail/set_led__rosidl_typesupport_introspection_cpp.hpp
[12.010s] -- Installing: /home/beyza/ros2_ws/install/my_robot_interfaces/include/my_robot_interfaces/my_robot_interfaces/srv/detail/catch_turtle__type_support.cpp
[12.011s] -- Installing: /home/beyza/ros2_ws/install/my_robot_interfaces/include/my_robot_interfaces/my_robot_interfaces/srv/detail/compute_rectangle_area__rosidl_typesupport_introspection_cpp.hpp
[12.013s] -- Installing: /home/beyza/ros2_ws/install/my_robot_interfaces/lib/libmy_robot_interfaces__rosidl_typesupport_introspection_cpp.so
[12.016s] -- Set runtime path of "/home/beyza/ros2_ws/install/my_robot_interfaces/lib/libmy_robot_interfaces__rosidl_typesupport_introspection_cpp.so" to ""
[12.017s] -- Installing: /home/beyza/ros2_ws/install/my_robot_interfaces/lib/libmy_robot_interfaces__rosidl_typesupport_cpp.so
[12.020s] -- Set runtime path of "/home/beyza/ros2_ws/install/my_robot_interfaces/lib/libmy_robot_interfaces__rosidl_typesupport_cpp.so" to ""
[12.021s] -- Up-to-date: /home/beyza/ros2_ws/install/my_robot_interfaces/share/my_robot_interfaces/environment/pythonpath.sh
[12.022s] -- Installing: /home/beyza/ros2_ws/install/my_robot_interfaces/share/my_robot_interfaces/environment/pythonpath.dsv
[12.023s] -- Up-to-date: /home/beyza/ros2_ws/install/my_robot_interfaces/local/lib/python3.10/dist-packages/my_robot_interfaces-0.0.0-py3.10.egg-info
[12.023s] -- Installing: /home/beyza/ros2_ws/install/my_robot_interfaces/local/lib/python3.10/dist-packages/my_robot_interfaces-0.0.0-py3.10.egg-info/top_level.txt
[12.024s] -- Installing: /home/beyza/ros2_ws/install/my_robot_interfaces/local/lib/python3.10/dist-packages/my_robot_interfaces-0.0.0-py3.10.egg-info/dependency_links.txt
[12.024s] -- Installing: /home/beyza/ros2_ws/install/my_robot_interfaces/local/lib/python3.10/dist-packages/my_robot_interfaces-0.0.0-py3.10.egg-info/SOURCES.txt
[12.025s] -- Installing: /home/beyza/ros2_ws/install/my_robot_interfaces/local/lib/python3.10/dist-packages/my_robot_interfaces-0.0.0-py3.10.egg-info/PKG-INFO
[12.026s] -- Up-to-date: /home/beyza/ros2_ws/install/my_robot_interfaces/local/lib/python3.10/dist-packages/my_robot_interfaces
[12.026s] -- Installing: /home/beyza/ros2_ws/install/my_robot_interfaces/local/lib/python3.10/dist-packages/my_robot_interfaces/_my_robot_interfaces_s.ep.rosidl_typesupport_introspection_c.c
[12.027s] -- Installing: /home/beyza/ros2_ws/install/my_robot_interfaces/local/lib/python3.10/dist-packages/my_robot_interfaces/my_robot_interfaces_s__rosidl_typesupport_c.cpython-310-x86_64-linux-gnu.so
[12.028s] -- Installing: /home/beyza/ros2_ws/install/my_robot_interfaces/local/lib/python3.10/dist-packages/my_robot_interfaces/libmy_robot_interfaces__rosidl_generator_py.so
[12.030s] -- Up-to-date: /home/beyza/ros2_ws/install/my_robot_interfaces/local/lib/python3.10/dist-packages/my_robot_interfaces/msg
[12.030s] -- Installing: /home/beyza/ros2_ws/install/my_robot_interfaces/local/lib/python3.10/dist-packages/my_robot_interfaces/msg/_led_state_array_s.c
[12.031s] -- Installing: /home/beyza/ros2_ws/install/my_robot_interfaces/local/lib/python3.10/dist-packages/my_robot_interfaces/msg/_hardware_status_s.c
[12.032s] -- Installing: /home/beyza/ros2_ws/install/my_robot_interfaces/local/lib/python3.10/dist-packages/my_robot_interfaces/msg/_led_state_array.py
[12.032s] -- Installing: /home/beyza/ros2_ws/install/my_robot_interfaces/local/lib/python3.10/dist-packages/my_robot_interfaces/msg/_turtle_array_s.c
[12.033s] -- Installing: /home/beyza/ros2_ws/install/my_robot_interfaces/local/lib/python3.10/dist-packages/my_robot_interfaces/msg/__init__.py
[12.034s] -- Installing: /home/beyza/ros2_ws/install/my_robot_interfaces/local/lib/python3.10/dist-packages/my_robot_interfaces/msg/_turtle_array.py
[12.035s] -- Installing: /home/beyza/ros2_ws/install/my_robot_interfaces/local/lib/python3.10/dist-packages/my_robot_interfaces/msg/_turtle.py
[12.036s] -- Installing: /home/beyza/ros2_ws/install/my_robot_interfaces/local/lib/python3.10/dist-packages/my_robot_interfaces/msg/_turtle_s.c
[12.036s] -- Installing: /home/beyza/ros2_ws/install/my_robot_interfaces/local/lib/python3.10/dist-packages/my_robot_interfaces/msg/_hardware_status.py
[12.037s] -- Installing: /home/beyza/ros2_ws/install/my_robot_interfaces/local/lib/python3.10/dist-packages/my_robot_interfaces/my_robot_interfaces_s__rosidl_typesupport_fastrtps_c.cpython-310-x86_64-linux-gnu.so
[12.038s] -- Installing: /home/beyza/ros2_ws/install/my_robot_interfaces/local/lib/python3.10/dist-packages/my_robot_interfaces/_my_robot_interfaces_s.ep.rosidl_typesupport_fastrtps_c.c
[12.040s] -- Installing: /home/beyza/ros2_ws/install/my_robot_interfaces/local/lib/python3.10/dist-packages/my_robot_interfaces/__init__.py
[12.040s] -- Installing: /home/beyza/ros2_ws/install/my_robot_interfaces/local/lib/python3.10/dist-packages/my_robot_interfaces/_my_robot_interfaces_s.ep.rosidl_typesupport_c.c
[12.042s] -- Installing: /home/beyza/ros2_ws/install/my_robot_interfaces/local/lib/python3.10/dist-packages/my_robot_interfaces/my_robot_interfaces_s__rosidl_typesupport_introspection_c.cpython-310-x86_64-linux-gnu.so
[12.043s] -- Up-to-date: /home/beyza/ros2_ws/install/my_robot_interfaces/local/lib/python3.10/dist-packages/my_robot_interfaces/srv
[12.043s] -- Installing: /home/beyza/ros2_ws/install/my_robot_interfaces/local/lib/python3.10/dist-packages/my_robot_interfaces/srv/_compute_rectangle_area.py
[12.044s] -- Installing: /home/beyza/ros2_ws/install/my_robot_interfaces/local/lib/python3.10/dist-packages/my_robot_interfaces/srv/_set_led_s.c
[12.045s] -- Installing: /home/beyza/ros2_ws/install/my_robot_interfaces/local/lib/python3.10/dist-packages/my_robot_interfaces/srv/_catch_turtle.py
[12.046s] -- Installing: /home/beyza/ros2_ws/install/my_robot_interfaces/local/lib/python3.10/dist-packages/my_robot_interfaces/srv/_catch_turtle_s.c
[12.047s] -- Installing: /home/beyza/ros2_ws/install/my_robot_interfaces/local/lib/python3.10/dist-packages/my_robot_interfaces/srv/_compute_rectangle_area_s.c
[12.047s] -- Installing: /home/beyza/ros2_ws/install/my_robot_interfaces/local/lib/python3.10/dist-packages/my_robot_interfaces/srv/__init__.py
[12.048s] -- Installing: /home/beyza/ros2_ws/install/my_robot_interfaces/local/lib/python3.10/dist-packages/my_robot_interfaces/srv/_set_led.py
[12.233s] Listing '/home/beyza/ros2_ws/install/my_robot_interfaces/local/lib/python3.10/dist-packages/my_robot_interfaces'...
[12.233s] Compiling '/home/beyza/ros2_ws/install/my_robot_interfaces/local/lib/python3.10/dist-packages/my_robot_interfaces/__init__.py'...
[12.234s] Listing '/home/beyza/ros2_ws/install/my_robot_interfaces/local/lib/python3.10/dist-packages/my_robot_interfaces/msg'...
[12.235s] Compiling '/home/beyza/ros2_ws/install/my_robot_interfaces/local/lib/python3.10/dist-packages/my_robot_interfaces/msg/__init__.py'...
[12.235s] Compiling '/home/beyza/ros2_ws/install/my_robot_interfaces/local/lib/python3.10/dist-packages/my_robot_interfaces/msg/_hardware_status.py'...
[12.236s] Compiling '/home/beyza/ros2_ws/install/my_robot_interfaces/local/lib/python3.10/dist-packages/my_robot_interfaces/msg/_led_state_array.py'...
[12.236s] Compiling '/home/beyza/ros2_ws/install/my_robot_interfaces/local/lib/python3.10/dist-packages/my_robot_interfaces/msg/_turtle.py'...
[12.237s] Compiling '/home/beyza/ros2_ws/install/my_robot_interfaces/local/lib/python3.10/dist-packages/my_robot_interfaces/msg/_turtle_array.py'...
[12.237s] Listing '/home/beyza/ros2_ws/install/my_robot_interfaces/local/lib/python3.10/dist-packages/my_robot_interfaces/srv'...
[12.238s] Compiling '/home/beyza/ros2_ws/install/my_robot_interfaces/local/lib/python3.10/dist-packages/my_robot_interfaces/srv/__init__.py'...
[12.238s] Compiling '/home/beyza/ros2_ws/install/my_robot_interfaces/local/lib/python3.10/dist-packages/my_robot_interfaces/srv/_catch_turtle.py'...
[12.239s] Compiling '/home/beyza/ros2_ws/install/my_robot_interfaces/local/lib/python3.10/dist-packages/my_robot_interfaces/srv/_compute_rectangle_area.py'...
[12.239s] Compiling '/home/beyza/ros2_ws/install/my_robot_interfaces/local/lib/python3.10/dist-packages/my_robot_interfaces/srv/_set_led.py'...
[12.259s] -- Installing: /home/beyza/ros2_ws/install/my_robot_interfaces/local/lib/python3.10/dist-packages/my_robot_interfaces/my_robot_interfaces_s__rosidl_typesupport_fastrtps_c.cpython-310-x86_64-linux-gnu.so
[12.262s] -- Set runtime path of "/home/beyza/ros2_ws/install/my_robot_interfaces/local/lib/python3.10/dist-packages/my_robot_interfaces/my_robot_interfaces_s__rosidl_typesupport_fastrtps_c.cpython-310-x86_64-linux-gnu.so" to ""
[12.263s] -- Installing: /home/beyza/ros2_ws/install/my_robot_interfaces/local/lib/python3.10/dist-packages/my_robot_interfaces/my_robot_interfaces_s__rosidl_typesupport_introspection_c.cpython-310-x86_64-linux-gnu.so
[12.266s] -- Set runtime path of "/home/beyza/ros2_ws/install/my_robot_interfaces/local/lib/python3.10/dist-packages/my_robot_interfaces/my_robot_interfaces_s__rosidl_typesupport_introspection_c.cpython-310-x86_64-linux-gnu.so" to ""
[12.268s] -- Installing: /home/beyza/ros2_ws/install/my_robot_interfaces/local/lib/python3.10/dist-packages/my_robot_interfaces/my_robot_interfaces_s__rosidl_typesupport_c.cpython-310-x86_64-linux-gnu.so
[12.271s] -- Set runtime path of "/home/beyza/ros2_ws/install/my_robot_interfaces/local/lib/python3.10/dist-packages/my_robot_interfaces/my_robot_interfaces_s__rosidl_typesupport_c.cpython-310-x86_64-linux-gnu.so" to ""
[12.272s] -- Installing: /home/beyza/ros2_ws/install/my_robot_interfaces/lib/libmy_robot_interfaces__rosidl_generator_py.so
[12.276s] -- Set runtime path of "/home/beyza/ros2_ws/install/my_robot_interfaces/lib/libmy_robot_interfaces__rosidl_generator_py.so" to ""
[12.276s] -- Up-to-date: /home/beyza/ros2_ws/install/my_robot_interfaces/share/my_robot_interfaces/msg/HardwareStatus.idl
[12.277s] -- Up-to-date: /home/beyza/ros2_ws/install/my_robot_interfaces/share/my_robot_interfaces/msg/LedStateArray.idl
[12.278s] -- Up-to-date: /home/beyza/ros2_ws/install/my_robot_interfaces/share/my_robot_interfaces/msg/Turtle.idl
[12.279s] -- Up-to-date: /home/beyza/ros2_ws/install/my_robot_interfaces/share/my_robot_interfaces/msg/TurtleArray.idl
[12.279s] -- Up-to-date: /home/beyza/ros2_ws/install/my_robot_interfaces/share/my_robot_interfaces/srv/ComputeRectangleArea.idl
[12.280s] -- Up-to-date: /home/beyza/ros2_ws/install/my_robot_interfaces/share/my_robot_interfaces/srv/SetLed.idl
[12.281s] -- Installing: /home/beyza/ros2_ws/install/my_robot_interfaces/share/my_robot_interfaces/srv/CatchTurtle.idl
[12.282s] -- Up-to-date: /home/beyza/ros2_ws/install/my_robot_interfaces/share/my_robot_interfaces/msg/HardwareStatus.msg
[12.282s] -- Up-to-date: /home/beyza/ros2_ws/install/my_robot_interfaces/share/my_robot_interfaces/msg/LedStateArray.msg
[12.283s] -- Up-to-date: /home/beyza/ros2_ws/install/my_robot_interfaces/share/my_robot_interfaces/msg/Turtle.msg
[12.284s] -- Up-to-date: /home/beyza/ros2_ws/install/my_robot_interfaces/share/my_robot_interfaces/msg/TurtleArray.msg
[12.284s] -- Up-to-date: /home/beyza/ros2_ws/install/my_robot_interfaces/share/my_robot_interfaces/srv/ComputeRectangleArea.srv
[12.285s] -- Up-to-date: /home/beyza/ros2_ws/install/my_robot_interfaces/share/my_robot_interfaces/srv/ComputeRectangleArea_Request.msg
[12.286s] -- Up-to-date: /home/beyza/ros2_ws/install/my_robot_interfaces/share/my_robot_interfaces/srv/ComputeRectangleArea_Response.msg
[12.286s] -- Up-to-date: /home/beyza/ros2_ws/install/my_robot_interfaces/share/my_robot_interfaces/srv/SetLed.srv
[12.287s] -- Up-to-date: /home/beyza/ros2_ws/install/my_robot_interfaces/share/my_robot_interfaces/srv/SetLed_Request.msg
[12.287s] -- Up-to-date: /home/beyza/ros2_ws/install/my_robot_interfaces/share/my_robot_interfaces/srv/SetLed_Response.msg
[12.288s] -- Installing: /home/beyza/ros2_ws/install/my_robot_interfaces/share/my_robot_interfaces/srv/CatchTurtle.srv
[12.289s] -- Installing: /home/beyza/ros2_ws/install/my_robot_interfaces/share/my_robot_interfaces/srv/CatchTurtle_Request.msg
[12.290s] -- Installing: /home/beyza/ros2_ws/install/my_robot_interfaces/share/my_robot_interfaces/srv/CatchTurtle_Response.msg
[12.290s] -- Up-to-date: /home/beyza/ros2_ws/install/my_robot_interfaces/share/ament_index/resource_index/package_run_dependencies/my_robot_interfaces
[12.291s] -- Up-to-date: /home/beyza/ros2_ws/install/my_robot_interfaces/share/ament_index/resource_index/parent_prefix_path/my_robot_interfaces
[12.292s] -- Up-to-date: /home/beyza/ros2_ws/install/my_robot_interfaces/share/my_robot_interfaces/environment/ament_prefix_path.sh
[12.292s] -- Installing: /home/beyza/ros2_ws/install/my_robot_interfaces/share/my_robot_interfaces/environment/ament_prefix_path.dsv
[12.293s] -- Up-to-date: /home/beyza/ros2_ws/install/my_robot_interfaces/share/my_robot_interfaces/environment/path.sh
[12.294s] -- Installing: /home/beyza/ros2_ws/install/my_robot_interfaces/share/my_robot_interfaces/environment/path.dsv
[12.294s] -- Up-to-date: /home/beyza/ros2_ws/install/my_robot_interfaces/share/my_robot_interfaces/local_setup.bash
[12.295s] -- Up-to-date: /home/beyza/ros2_ws/install/my_robot_interfaces/share/my_robot_interfaces/local_setup.sh
[12.296s] -- Up-to-date: /home/beyza/ros2_ws/install/my_robot_interfaces/share/my_robot_interfaces/local_setup.zsh
[12.296s] -- Installing: /home/beyza/ros2_ws/install/my_robot_interfaces/share/my_robot_interfaces/local_setup.dsv
[12.297s] -- Installing: /home/beyza/ros2_ws/install/my_robot_interfaces/share/my_robot_interfaces/package.dsv
[12.298s] -- Up-to-date: /home/beyza/ros2_ws/install/my_robot_interfaces/share/ament_index/resource_index/packages/my_robot_interfaces
[12.298s] -- Up-to-date: /home/beyza/ros2_ws/install/my_robot_interfaces/share/my_robot_interfaces/cmake/export_my_robot_interfaces__rosidl_generator_cExport.cmake
[12.299s] -- Up-to-date: /home/beyza/ros2_ws/install/my_robot_interfaces/share/my_robot_interfaces/cmake/export_my_robot_interfaces__rosidl_generator_cExport-noconfig.cmake
[12.300s] -- Up-to-date: /home/beyza/ros2_ws/install/my_robot_interfaces/share/my_robot_interfaces/cmake/export_my_robot_interfaces__rosidl_typesupport_fastrtps_cExport.cmake
[12.301s] -- Up-to-date: /home/beyza/ros2_ws/install/my_robot_interfaces/share/my_robot_interfaces/cmake/export_my_robot_interfaces__rosidl_typesupport_fastrtps_cExport-noconfig.cmake
[12.301s] -- Up-to-date: /home/beyza/ros2_ws/install/my_robot_interfaces/share/my_robot_interfaces/cmake/my_robot_interfaces__rosidl_typesupport_introspection_cExport.cmake
[12.302s] -- Up-to-date: /home/beyza/ros2_ws/install/my_robot_interfaces/share/my_robot_interfaces/cmake/my_robot_interfaces__rosidl_typesupport_introspection_cExport-noconfig.cmake
[12.302s] -- Up-to-date: /home/beyza/ros2_ws/install/my_robot_interfaces/share/my_robot_interfaces/cmake/my_robot_interfaces__rosidl_typesupport_cExport.cmake
[12.303s] -- Up-to-date: /home/beyza/ros2_ws/install/my_robot_interfaces/share/my_robot_interfaces/cmake/my_robot_interfaces__rosidl_typesupport_cExport-noconfig.cmake
[12.303s] -- Up-to-date: /home/beyza/ros2_ws/install/my_robot_interfaces/share/my_robot_interfaces/cmake/export_my_robot_interfaces__rosidl_generator_cppExport.cmake
[12.304s] -- Up-to-date: /home/beyza/ros2_ws/install/my_robot_interfaces/share/my_robot_interfaces/cmake/export_my_robot_interfaces__rosidl_typesupport_fastrtps_cppExport.cmake
[12.304s] -- Up-to-date: /home/beyza/ros2_ws/install/my_robot_interfaces/share/my_robot_interfaces/cmake/export_my_robot_interfaces__rosidl_typesupport_fastrtps_cppExport-noconfig.cmake
[12.305s] -- Up-to-date: /home/beyza/ros2_ws/install/my_robot_interfaces/share/my_robot_interfaces/cmake/my_robot_interfaces__rosidl_typesupport_introspection_cppExport.cmake
[12.305s] -- Up-to-date: /home/beyza/ros2_ws/install/my_robot_interfaces/share/my_robot_interfaces/cmake/my_robot_interfaces__rosidl_typesupport_introspection_cppExport-noconfig.cmake
[12.306s] -- Up-to-date: /home/beyza/ros2_ws/install/my_robot_interfaces/share/my_robot_interfaces/cmake/my_robot_interfaces__rosidl_typesupport_cppExport.cmake
[12.307s] -- Up-to-date: /home/beyza/ros2_ws/install/my_robot_interfaces/share/my_robot_interfaces/cmake/my_robot_interfaces__rosidl_typesupport_cppExport-noconfig.cmake
[12.312s] -- Up-to-date: /home/beyza/ros2_ws/install/my_robot_interfaces/share/my_robot_interfaces/cmake/export_my_robot_interfaces__rosidl_generator_pyExport.cmake
[12.317s] -- Up-to-date: /home/beyza/ros2_ws/install/my_robot_interfaces/share/my_robot_interfaces/cmake/export_my_robot_interfaces__rosidl_generator_pyExport-noconfig.cmake
[12.319s] -- Installing: /home/beyza/ros2_ws/install/my_robot_interfaces/share/my_robot_interfaces/cmake/rosidl_cmake-extras.cmake
[12.320s] -- Up-to-date: /home/beyza/ros2_ws/install/my_robot_interfaces/share/my_robot_interfaces/cmake/ament_cmake_export_include_directories-extras.cmake
[12.321s] -- Up-to-date: /home/beyza/ros2_ws/install/my_robot_interfaces/share/my_robot_interfaces/cmake/ament_cmake_export_libraries-extras.cmake
[12.322s] -- Up-to-date: /home/beyza/ros2_ws/install/my_robot_interfaces/share/my_robot_interfaces/cmake/ament_cmake_export_targets-extras.cmake
[12.322s] -- Up-to-date: /home/beyza/ros2_ws/install/my_robot_interfaces/share/my_robot_interfaces/cmake/rosidl_cmake_export_typesupport_targets-extras.cmake
[12.327s] -- Up-to-date: /home/beyza/ros2_ws/install/my_robot_interfaces/share/my_robot_interfaces/cmake/ament_cmake_export_dependencies-extras.cmake
[12.328s] -- Up-to-date: /home/beyza/ros2_ws/install/my_robot_interfaces/share/my_robot_interfaces/cmake/rosidl_cmake_export_typesupport_libraries-extras.cmake
[12.329s] -- Up-to-date: /home/beyza/ros2_ws/install/my_robot_interfaces/share/my_robot_interfaces/cmake/my_robot_interfacesConfig.cmake
[12.330s] -- Up-to-date: /home/beyza/ros2_ws/install/my_robot_interfaces/share/my_robot_interfaces/cmake/my_robot_interfacesConfig-version.cmake
[12.330s] -- Up-to-date: /home/beyza/ros2_ws/install/my_robot_interfaces/share/my_robot_interfaces/package.xml
[12.333s] Invoked command in '/home/beyza/ros2_ws/build/my_robot_interfaces' returned '0': CMAKE_PREFIX_PATH=${CMAKE_PREFIX_PATH}:/home/beyza/ros2_ws/install/turtlesim_catch_them_all:/home/beyza/ros2_ws/install/my_py_pkg:/home/beyza/nav_ws/install/a_star:/opt/ros/humble /usr/bin/cmake --install /home/beyza/ros2_ws/build/my_robot_interfaces
