[0.018s] Invoking command in '/home/beyza/ros2_ws/build/my_robot_bringup': CMAKE_PREFIX_PATH=${CMAKE_PREFIX_PATH}:/home/beyza/ros2_ws/install/my_py_pkg:/home/beyza/nav_ws/install/a_star:/opt/ros/humble /usr/bin/cmake /home/beyza/ros2_ws/src/my_robot_bringup -DCMAKE_INSTALL_PREFIX=/home/beyza/ros2_ws/install/my_robot_bringup
[0.233s] -- The C compiler identification is GNU 11.3.0
[0.311s] -- The CXX compiler identification is GNU 11.3.0
[0.322s] -- Detecting C compiler ABI info
[0.417s] -- Detecting C compiler ABI info - done
[0.427s] -- Check for working C compiler: /usr/bin/cc - skipped
[0.427s] -- Detecting C compile features
[0.428s] -- Detecting C compile features - done
[0.433s] -- Detecting CXX compiler ABI info
[0.550s] -- Detecting CXX compiler ABI info - done
[0.561s] -- Check for working CXX compiler: /usr/bin/c++ - skipped
[0.561s] -- Detecting CXX compile features
[0.562s] -- Detecting CXX compile features - done
[0.568s] -- Found ament_cmake: 1.3.3 (/opt/ros/humble/share/ament_cmake/cmake)
[0.790s] -- Found Python3: /usr/bin/python3.10 (found version "3.10.6") found components: Interpreter 
[1.020s] -- Configuring done
[1.023s] -- Generating done
[1.025s] -- Build files have been written to: /home/beyza/ros2_ws/build/my_robot_bringup
[1.266s] Invoked command in '/home/beyza/ros2_ws/build/my_robot_bringup' returned '0': CMAKE_PREFIX_PATH=${CMAKE_PREFIX_PATH}:/home/beyza/ros2_ws/install/my_py_pkg:/home/beyza/nav_ws/install/a_star:/opt/ros/humble /usr/bin/cmake /home/beyza/ros2_ws/src/my_robot_bringup -DCMAKE_INSTALL_PREFIX=/home/beyza/ros2_ws/install/my_robot_bringup
[1.268s] Invoking command in '/home/beyza/ros2_ws/build/my_robot_bringup': CMAKE_PREFIX_PATH=${CMAKE_PREFIX_PATH}:/home/beyza/ros2_ws/install/my_py_pkg:/home/beyza/nav_ws/install/a_star:/opt/ros/humble /usr/bin/cmake --build /home/beyza/ros2_ws/build/my_robot_bringup -- -j12 -l12
[1.312s] Invoked command in '/home/beyza/ros2_ws/build/my_robot_bringup' returned '0': CMAKE_PREFIX_PATH=${CMAKE_PREFIX_PATH}:/home/beyza/ros2_ws/install/my_py_pkg:/home/beyza/nav_ws/install/a_star:/opt/ros/humble /usr/bin/cmake --build /home/beyza/ros2_ws/build/my_robot_bringup -- -j12 -l12
[1.340s] Invoking command in '/home/beyza/ros2_ws/build/my_robot_bringup': CMAKE_PREFIX_PATH=${CMAKE_PREFIX_PATH}:/home/beyza/ros2_ws/install/my_py_pkg:/home/beyza/nav_ws/install/a_star:/opt/ros/humble /usr/bin/cmake --install /home/beyza/ros2_ws/build/my_robot_bringup
[1.349s] -- Install configuration: ""
[1.349s] -- Installing: /home/beyza/ros2_ws/install/my_robot_bringup/share/my_robot_bringup/launch
[1.350s] -- Installing: /home/beyza/ros2_ws/install/my_robot_bringup/share/my_robot_bringup/launch/number_app.launch.py
[1.350s] -- Installing: /home/beyza/ros2_ws/install/my_robot_bringup/share/ament_index/resource_index/package_run_dependencies/my_robot_bringup
[1.350s] -- Installing: /home/beyza/ros2_ws/install/my_robot_bringup/share/ament_index/resource_index/parent_prefix_path/my_robot_bringup
[1.350s] -- Installing: /home/beyza/ros2_ws/install/my_robot_bringup/share/my_robot_bringup/environment/ament_prefix_path.sh
[1.350s] -- Installing: /home/beyza/ros2_ws/install/my_robot_bringup/share/my_robot_bringup/environment/ament_prefix_path.dsv
[1.351s] -- Installing: /home/beyza/ros2_ws/install/my_robot_bringup/share/my_robot_bringup/environment/path.sh
[1.351s] -- Installing: /home/beyza/ros2_ws/install/my_robot_bringup/share/my_robot_bringup/environment/path.dsv
[1.351s] -- Installing: /home/beyza/ros2_ws/install/my_robot_bringup/share/my_robot_bringup/local_setup.bash
[1.351s] -- Installing: /home/beyza/ros2_ws/install/my_robot_bringup/share/my_robot_bringup/local_setup.sh
[1.351s] -- Installing: /home/beyza/ros2_ws/install/my_robot_bringup/share/my_robot_bringup/local_setup.zsh
[1.352s] -- Installing: /home/beyza/ros2_ws/install/my_robot_bringup/share/my_robot_bringup/local_setup.dsv
[1.352s] -- Installing: /home/beyza/ros2_ws/install/my_robot_bringup/share/my_robot_bringup/package.dsv
[1.352s] -- Installing: /home/beyza/ros2_ws/install/my_robot_bringup/share/ament_index/resource_index/packages/my_robot_bringup
[1.352s] -- Installing: /home/beyza/ros2_ws/install/my_robot_bringup/share/my_robot_bringup/cmake/my_robot_bringupConfig.cmake
[1.352s] -- Installing: /home/beyza/ros2_ws/install/my_robot_bringup/share/my_robot_bringup/cmake/my_robot_bringupConfig-version.cmake
[1.353s] -- Installing: /home/beyza/ros2_ws/install/my_robot_bringup/share/my_robot_bringup/package.xml
[1.354s] Invoked command in '/home/beyza/ros2_ws/build/my_robot_bringup' returned '0': CMAKE_PREFIX_PATH=${CMAKE_PREFIX_PATH}:/home/beyza/ros2_ws/install/my_py_pkg:/home/beyza/nav_ws/install/a_star:/opt/ros/humble /usr/bin/cmake --install /home/beyza/ros2_ws/build/my_robot_bringup
