[0.533s] Invoking command in '/home/beyza/ros2_ws/build/my_py_pkg': PYTHONPATH=/home/beyza/ros2_ws/build/my_py_pkg/prefix_override:/home/beyza/ros2_ws/install/my_py_pkg/lib/python3.10/site-packages:${PYTHONPATH} /usr/bin/python3 setup.py develop --uninstall --editable --build-directory /home/beyza/ros2_ws/build/my_py_pkg/build
[0.767s] running develop
[0.916s] Removing /home/beyza/ros2_ws/install/my_py_pkg/lib/python3.10/site-packages/my-py-pkg.egg-link (link to .)
[0.937s] Invoked command in '/home/beyza/ros2_ws/build/my_py_pkg' returned '0': PYTHONPATH=/home/beyza/ros2_ws/build/my_py_pkg/prefix_override:/home/beyza/ros2_ws/install/my_py_pkg/lib/python3.10/site-packages:${PYTHONPATH} /usr/bin/python3 setup.py develop --uninstall --editable --build-directory /home/beyza/ros2_ws/build/my_py_pkg/build
[0.938s] Invoking command in '/home/beyza/ros2_ws/src/my_py_pkg': PYTHONPATH=/home/beyza/ros2_ws/build/my_py_pkg/prefix_override:/home/beyza/ros2_ws/install/my_py_pkg/lib/python3.10/site-packages:${PYTHONPATH} /usr/bin/python3 setup.py egg_info --egg-base ../../build/my_py_pkg build --build-base /home/beyza/ros2_ws/build/my_py_pkg/build install --record /home/beyza/ros2_ws/build/my_py_pkg/install.log --single-version-externally-managed
[1.151s] running egg_info
[1.151s] writing ../../build/my_py_pkg/my_py_pkg.egg-info/PKG-INFO
[1.151s] writing dependency_links to ../../build/my_py_pkg/my_py_pkg.egg-info/dependency_links.txt
[1.151s] writing entry points to ../../build/my_py_pkg/my_py_pkg.egg-info/entry_points.txt
[1.152s] writing requirements to ../../build/my_py_pkg/my_py_pkg.egg-info/requires.txt
[1.152s] writing top-level names to ../../build/my_py_pkg/my_py_pkg.egg-info/top_level.txt
[1.153s] reading manifest file '../../build/my_py_pkg/my_py_pkg.egg-info/SOURCES.txt'
[1.154s] writing manifest file '../../build/my_py_pkg/my_py_pkg.egg-info/SOURCES.txt'
[1.154s] running build
[1.154s] running build_py
[1.154s] copying my_py_pkg/my_first_node.py -> /home/beyza/ros2_ws/build/my_py_pkg/build/lib/my_py_pkg
[1.154s] copying my_py_pkg/smartphone.py -> /home/beyza/ros2_ws/build/my_py_pkg/build/lib/my_py_pkg
[1.154s] copying my_py_pkg/robot_news_station.py -> /home/beyza/ros2_ws/build/my_py_pkg/build/lib/my_py_pkg
[1.154s] running install
[1.155s] running install_lib
[1.155s] creating /home/beyza/ros2_ws/install/my_py_pkg/lib/python3.10/site-packages/my_py_pkg
[1.155s] copying /home/beyza/ros2_ws/build/my_py_pkg/build/lib/my_py_pkg/my_first_node.py -> /home/beyza/ros2_ws/install/my_py_pkg/lib/python3.10/site-packages/my_py_pkg
[1.156s] copying /home/beyza/ros2_ws/build/my_py_pkg/build/lib/my_py_pkg/smartphone.py -> /home/beyza/ros2_ws/install/my_py_pkg/lib/python3.10/site-packages/my_py_pkg
[1.156s] copying /home/beyza/ros2_ws/build/my_py_pkg/build/lib/my_py_pkg/__init__.py -> /home/beyza/ros2_ws/install/my_py_pkg/lib/python3.10/site-packages/my_py_pkg
[1.156s] copying /home/beyza/ros2_ws/build/my_py_pkg/build/lib/my_py_pkg/robot_news_station.py -> /home/beyza/ros2_ws/install/my_py_pkg/lib/python3.10/site-packages/my_py_pkg
[1.156s] byte-compiling /home/beyza/ros2_ws/install/my_py_pkg/lib/python3.10/site-packages/my_py_pkg/my_first_node.py to my_first_node.cpython-310.pyc
[1.156s] byte-compiling /home/beyza/ros2_ws/install/my_py_pkg/lib/python3.10/site-packages/my_py_pkg/smartphone.py to smartphone.cpython-310.pyc
[1.157s] byte-compiling /home/beyza/ros2_ws/install/my_py_pkg/lib/python3.10/site-packages/my_py_pkg/__init__.py to __init__.cpython-310.pyc
[1.157s] byte-compiling /home/beyza/ros2_ws/install/my_py_pkg/lib/python3.10/site-packages/my_py_pkg/robot_news_station.py to robot_news_station.cpython-310.pyc
[1.157s] running install_data
[1.157s] running install_egg_info
[1.159s] Copying ../../build/my_py_pkg/my_py_pkg.egg-info to /home/beyza/ros2_ws/install/my_py_pkg/lib/python3.10/site-packages/my_py_pkg-0.0.0-py3.10.egg-info
[1.160s] running install_scripts
[1.175s] Installing py_node script to /home/beyza/ros2_ws/install/my_py_pkg/lib/my_py_pkg
[1.175s] Installing robot_news_station script to /home/beyza/ros2_ws/install/my_py_pkg/lib/my_py_pkg
[1.175s] Installing smartphone script to /home/beyza/ros2_ws/install/my_py_pkg/lib/my_py_pkg
[1.175s] writing list of installed files to '/home/beyza/ros2_ws/build/my_py_pkg/install.log'
[1.193s] Invoked command in '/home/beyza/ros2_ws/src/my_py_pkg' returned '0': PYTHONPATH=/home/beyza/ros2_ws/build/my_py_pkg/prefix_override:/home/beyza/ros2_ws/install/my_py_pkg/lib/python3.10/site-packages:${PYTHONPATH} /usr/bin/python3 setup.py egg_info --egg-base ../../build/my_py_pkg build --build-base /home/beyza/ros2_ws/build/my_py_pkg/build install --record /home/beyza/ros2_ws/build/my_py_pkg/install.log --single-version-externally-managed
