[0.524s] Invoking command in '/home/beyza/ros2_ws/build/my_py_pkg': PYTHONPATH=/home/beyza/ros2_ws/build/my_py_pkg/prefix_override:/home/beyza/ros2_ws/install/my_py_pkg/lib/python3.10/site-packages:${PYTHONPATH} /usr/bin/python3 setup.py develop --uninstall --editable --build-directory /home/beyza/ros2_ws/build/my_py_pkg/build
[0.754s] running develop
[0.938s] Invoked command in '/home/beyza/ros2_ws/build/my_py_pkg' returned '0': PYTHONPATH=/home/beyza/ros2_ws/build/my_py_pkg/prefix_override:/home/beyza/ros2_ws/install/my_py_pkg/lib/python3.10/site-packages:${PYTHONPATH} /usr/bin/python3 setup.py develop --uninstall --editable --build-directory /home/beyza/ros2_ws/build/my_py_pkg/build
[0.940s] Invoking command in '/home/beyza/ros2_ws/src/my_py_pkg': PYTHONPATH=/home/beyza/ros2_ws/build/my_py_pkg/prefix_override:/home/beyza/ros2_ws/install/my_py_pkg/lib/python3.10/site-packages:${PYTHONPATH} /usr/bin/python3 setup.py egg_info --egg-base ../../build/my_py_pkg build --build-base /home/beyza/ros2_ws/build/my_py_pkg/build install --record /home/beyza/ros2_ws/build/my_py_pkg/install.log --single-version-externally-managed
[1.150s] running egg_info
[1.151s] writing ../../build/my_py_pkg/my_py_pkg.egg-info/PKG-INFO
[1.151s] writing dependency_links to ../../build/my_py_pkg/my_py_pkg.egg-info/dependency_links.txt
[1.152s] writing entry points to ../../build/my_py_pkg/my_py_pkg.egg-info/entry_points.txt
[1.152s] writing requirements to ../../build/my_py_pkg/my_py_pkg.egg-info/requires.txt
[1.152s] writing top-level names to ../../build/my_py_pkg/my_py_pkg.egg-info/top_level.txt
[1.153s] reading manifest file '../../build/my_py_pkg/my_py_pkg.egg-info/SOURCES.txt'
[1.154s] writing manifest file '../../build/my_py_pkg/my_py_pkg.egg-info/SOURCES.txt'
[1.154s] running build
[1.154s] running build_py
[1.154s] running install
[1.154s] running install_lib
[1.155s] running install_data
[1.156s] copying package.xml -> /home/beyza/ros2_ws/install/my_py_pkg/share/my_py_pkg
[1.156s] running install_egg_info
[1.157s] removing '/home/beyza/ros2_ws/install/my_py_pkg/lib/python3.10/site-packages/my_py_pkg-0.0.0-py3.10.egg-info' (and everything under it)
[1.157s] Copying ../../build/my_py_pkg/my_py_pkg.egg-info to /home/beyza/ros2_ws/install/my_py_pkg/lib/python3.10/site-packages/my_py_pkg-0.0.0-py3.10.egg-info
[1.158s] running install_scripts
[1.173s] Installing py_node script to /home/beyza/ros2_ws/install/my_py_pkg/lib/my_py_pkg
[1.174s] Installing robot_news_station script to /home/beyza/ros2_ws/install/my_py_pkg/lib/my_py_pkg
[1.174s] Installing smartphone script to /home/beyza/ros2_ws/install/my_py_pkg/lib/my_py_pkg
[1.174s] writing list of installed files to '/home/beyza/ros2_ws/build/my_py_pkg/install.log'
[1.192s] Invoked command in '/home/beyza/ros2_ws/src/my_py_pkg' returned '0': PYTHONPATH=/home/beyza/ros2_ws/build/my_py_pkg/prefix_override:/home/beyza/ros2_ws/install/my_py_pkg/lib/python3.10/site-packages:${PYTHONPATH} /usr/bin/python3 setup.py egg_info --egg-base ../../build/my_py_pkg build --build-base /home/beyza/ros2_ws/build/my_py_pkg/build install --record /home/beyza/ros2_ws/build/my_py_pkg/install.log --single-version-externally-managed
