[0.985s] Invoking command in '/home/beyza/ros2_ws/build/my_py_pkg': CMAKE_PREFIX_PATH=/home/beyza/ros2_ws/install/my_robot_interfaces:/home/beyza/ros2_ws/install/my_robot_bringup:/home/beyza/turtlebot3_ws/install/turtlebot3_simulations:/home/beyza/turtlebot3_ws/install/turtlebot3_gazebo:/home/beyza/turtlebot3_ws/install/turtlebot3_fake_node PYTHONPATH=/home/beyza/ros2_ws/build/my_py_pkg/prefix_override:/home/beyza/ros2_ws/install/my_py_pkg/lib/python3.10/site-packages:${PYTHONPATH} /usr/bin/python3 setup.py develop --uninstall --editable --build-directory /home/beyza/ros2_ws/build/my_py_pkg/build
[1.385s] running develop
[1.686s] Invoked command in '/home/beyza/ros2_ws/build/my_py_pkg' returned '0': CMAKE_PREFIX_PATH=/home/beyza/ros2_ws/install/my_robot_interfaces:/home/beyza/ros2_ws/install/my_robot_bringup:/home/beyza/turtlebot3_ws/install/turtlebot3_simulations:/home/beyza/turtlebot3_ws/install/turtlebot3_gazebo:/home/beyza/turtlebot3_ws/install/turtlebot3_fake_node PYTHONPATH=/home/beyza/ros2_ws/build/my_py_pkg/prefix_override:/home/beyza/ros2_ws/install/my_py_pkg/lib/python3.10/site-packages:${PYTHONPATH} /usr/bin/python3 setup.py develop --uninstall --editable --build-directory /home/beyza/ros2_ws/build/my_py_pkg/build
[1.687s] Invoking command in '/home/beyza/ros2_ws/src/my_py_pkg': CMAKE_PREFIX_PATH=/home/beyza/ros2_ws/install/my_robot_interfaces:/home/beyza/ros2_ws/install/my_robot_bringup:/home/beyza/turtlebot3_ws/install/turtlebot3_simulations:/home/beyza/turtlebot3_ws/install/turtlebot3_gazebo:/home/beyza/turtlebot3_ws/install/turtlebot3_fake_node PYTHONPATH=/home/beyza/ros2_ws/build/my_py_pkg/prefix_override:/home/beyza/ros2_ws/install/my_py_pkg/lib/python3.10/site-packages:${PYTHONPATH} /usr/bin/python3 setup.py egg_info --egg-base ../../build/my_py_pkg build --build-base /home/beyza/ros2_ws/build/my_py_pkg/build install --record /home/beyza/ros2_ws/build/my_py_pkg/install.log --single-version-externally-managed
[2.066s] running egg_info
[2.067s] writing ../../build/my_py_pkg/my_py_pkg.egg-info/PKG-INFO
[2.067s] writing dependency_links to ../../build/my_py_pkg/my_py_pkg.egg-info/dependency_links.txt
[2.067s] writing entry points to ../../build/my_py_pkg/my_py_pkg.egg-info/entry_points.txt
[2.068s] writing requirements to ../../build/my_py_pkg/my_py_pkg.egg-info/requires.txt
[2.068s] writing top-level names to ../../build/my_py_pkg/my_py_pkg.egg-info/top_level.txt
[2.070s] reading manifest file '../../build/my_py_pkg/my_py_pkg.egg-info/SOURCES.txt'
[2.072s] writing manifest file '../../build/my_py_pkg/my_py_pkg.egg-info/SOURCES.txt'
[2.072s] running build
[2.072s] running build_py
[2.073s] running install
[2.073s] running install_lib
[2.075s] running install_data
[2.076s] running install_egg_info
[2.078s] removing '/home/beyza/ros2_ws/install/my_py_pkg/lib/python3.10/site-packages/my_py_pkg-0.0.0-py3.10.egg-info' (and everything under it)
[2.078s] Copying ../../build/my_py_pkg/my_py_pkg.egg-info to /home/beyza/ros2_ws/install/my_py_pkg/lib/python3.10/site-packages/my_py_pkg-0.0.0-py3.10.egg-info
[2.080s] running install_scripts
[2.106s] Installing add_two_ints_client script to /home/beyza/ros2_ws/install/my_py_pkg/lib/my_py_pkg
[2.107s] Installing add_two_ints_client_no_oop script to /home/beyza/ros2_ws/install/my_py_pkg/lib/my_py_pkg
[2.107s] Installing add_two_ints_server script to /home/beyza/ros2_ws/install/my_py_pkg/lib/my_py_pkg
[2.107s] Installing battery script to /home/beyza/ros2_ws/install/my_py_pkg/lib/my_py_pkg
[2.107s] Installing hw_status_publisher script to /home/beyza/ros2_ws/install/my_py_pkg/lib/my_py_pkg
[2.108s] Installing led_panel script to /home/beyza/ros2_ws/install/my_py_pkg/lib/my_py_pkg
[2.108s] Installing number_counter script to /home/beyza/ros2_ws/install/my_py_pkg/lib/my_py_pkg
[2.108s] Installing number_publisher script to /home/beyza/ros2_ws/install/my_py_pkg/lib/my_py_pkg
[2.108s] Installing py_node script to /home/beyza/ros2_ws/install/my_py_pkg/lib/my_py_pkg
[2.108s] Installing robot_news_station script to /home/beyza/ros2_ws/install/my_py_pkg/lib/my_py_pkg
[2.109s] Installing smartphone script to /home/beyza/ros2_ws/install/my_py_pkg/lib/my_py_pkg
[2.109s] writing list of installed files to '/home/beyza/ros2_ws/build/my_py_pkg/install.log'
[2.142s] Invoked command in '/home/beyza/ros2_ws/src/my_py_pkg' returned '0': CMAKE_PREFIX_PATH=/home/beyza/ros2_ws/install/my_robot_interfaces:/home/beyza/ros2_ws/install/my_robot_bringup:/home/beyza/turtlebot3_ws/install/turtlebot3_simulations:/home/beyza/turtlebot3_ws/install/turtlebot3_gazebo:/home/beyza/turtlebot3_ws/install/turtlebot3_fake_node PYTHONPATH=/home/beyza/ros2_ws/build/my_py_pkg/prefix_override:/home/beyza/ros2_ws/install/my_py_pkg/lib/python3.10/site-packages:${PYTHONPATH} /usr/bin/python3 setup.py egg_info --egg-base ../../build/my_py_pkg build --build-base /home/beyza/ros2_ws/build/my_py_pkg/build install --record /home/beyza/ros2_ws/build/my_py_pkg/install.log --single-version-externally-managed
