[0.466s] DEBUG:colcon:Command line arguments: ['/usr/bin/colcon', 'build']
[0.466s] DEBUG:colcon:Parsed command line arguments: Namespace(log_base=None, log_level=None, verb_name='build', build_base='build', install_base='install', merge_install=False, symlink_install=False, test_result_base=None, continue_on_error=False, executor='parallel', parallel_workers=12, event_handlers=None, ignore_user_meta=False, metas=['./colcon.meta'], base_paths=['.'], packages_ignore=None, packages_ignore_regex=None, paths=None, packages_up_to=None, packages_up_to_regex=None, packages_above=None, packages_above_and_dependencies=None, packages_above_depth=None, packages_select_by_dep=None, packages_skip_by_dep=None, packages_skip_up_to=None, packages_select_build_failed=False, packages_skip_build_finished=False, packages_select_test_failures=False, packages_skip_test_passed=False, packages_select=None, packages_skip=None, packages_select_regex=None, packages_skip_regex=None, packages_start=None, packages_end=None, allow_overriding=[], cmake_args=None, cmake_target=None, cmake_target_skip_unavailable=False, cmake_clean_cache=False, cmake_clean_first=False, cmake_force_configure=False, ament_cmake_args=None, catkin_cmake_args=None, catkin_skip_building_tests=False, verb_parser=<colcon_defaults.argument_parser.defaults.DefaultArgumentsDecorator object at 0x7f2b1edd1930>, verb_extension=<colcon_core.verb.build.BuildVerb object at 0x7f2b1edd13c0>, main=<bound method BuildVerb.main of <colcon_core.verb.build.BuildVerb object at 0x7f2b1edd13c0>>)
[0.496s] Level 1:colcon.colcon_core.package_discovery:discover_packages(colcon_meta) check parameters
[0.497s] Level 1:colcon.colcon_core.package_discovery:discover_packages(recursive) check parameters
[0.497s] Level 1:colcon.colcon_core.package_discovery:discover_packages(ignore) check parameters
[0.497s] Level 1:colcon.colcon_core.package_discovery:discover_packages(path) check parameters
[0.497s] Level 1:colcon.colcon_core.package_discovery:discover_packages(colcon_meta) discover
[0.497s] Level 1:colcon.colcon_core.package_discovery:discover_packages(recursive) discover
[0.497s] INFO:colcon.colcon_core.package_discovery:Crawling recursively for packages in '/home/beyza/ros2_ws'
[0.497s] Level 1:colcon.colcon_core.package_identification:_identify(.) by extensions ['ignore', 'ignore_ament_install']
[0.497s] Level 1:colcon.colcon_core.package_identification:_identify(.) by extension 'ignore'
[0.497s] Level 1:colcon.colcon_core.package_identification:_identify(.) by extension 'ignore_ament_install'
[0.497s] Level 1:colcon.colcon_core.package_identification:_identify(.) by extensions ['colcon_pkg']
[0.497s] Level 1:colcon.colcon_core.package_identification:_identify(.) by extension 'colcon_pkg'
[0.497s] Level 1:colcon.colcon_core.package_identification:_identify(.) by extensions ['colcon_meta']
[0.497s] Level 1:colcon.colcon_core.package_identification:_identify(.) by extension 'colcon_meta'
[0.497s] Level 1:colcon.colcon_core.package_identification:_identify(.) by extensions ['ros']
[0.497s] Level 1:colcon.colcon_core.package_identification:_identify(.) by extension 'ros'
[0.512s] Level 1:colcon.colcon_core.package_identification:_identify(.) by extensions ['cmake', 'python']
[0.512s] Level 1:colcon.colcon_core.package_identification:_identify(.) by extension 'cmake'
[0.512s] Level 1:colcon.colcon_core.package_identification:_identify(.) by extension 'python'
[0.512s] Level 1:colcon.colcon_core.package_identification:_identify(.) by extensions ['python_setup_py']
[0.512s] Level 1:colcon.colcon_core.package_identification:_identify(.) by extension 'python_setup_py'
[0.513s] Level 1:colcon.colcon_core.package_identification:_identify(build) by extensions ['ignore', 'ignore_ament_install']
[0.513s] Level 1:colcon.colcon_core.package_identification:_identify(build) by extension 'ignore'
[0.513s] Level 1:colcon.colcon_core.package_identification:_identify(build) ignored
[0.513s] Level 1:colcon.colcon_core.package_identification:_identify(install) by extensions ['ignore', 'ignore_ament_install']
[0.513s] Level 1:colcon.colcon_core.package_identification:_identify(install) by extension 'ignore'
[0.513s] Level 1:colcon.colcon_core.package_identification:_identify(install) ignored
[0.513s] Level 1:colcon.colcon_core.package_identification:_identify(log) by extensions ['ignore', 'ignore_ament_install']
[0.513s] Level 1:colcon.colcon_core.package_identification:_identify(log) by extension 'ignore'
[0.513s] Level 1:colcon.colcon_core.package_identification:_identify(log) ignored
[0.514s] Level 1:colcon.colcon_core.package_identification:_identify(src) by extensions ['ignore', 'ignore_ament_install']
[0.514s] Level 1:colcon.colcon_core.package_identification:_identify(src) by extension 'ignore'
[0.514s] Level 1:colcon.colcon_core.package_identification:_identify(src) by extension 'ignore_ament_install'
[0.514s] Level 1:colcon.colcon_core.package_identification:_identify(src) by extensions ['colcon_pkg']
[0.514s] Level 1:colcon.colcon_core.package_identification:_identify(src) by extension 'colcon_pkg'
[0.514s] Level 1:colcon.colcon_core.package_identification:_identify(src) by extensions ['colcon_meta']
[0.514s] Level 1:colcon.colcon_core.package_identification:_identify(src) by extension 'colcon_meta'
[0.514s] Level 1:colcon.colcon_core.package_identification:_identify(src) by extensions ['ros']
[0.514s] Level 1:colcon.colcon_core.package_identification:_identify(src) by extension 'ros'
[0.514s] Level 1:colcon.colcon_core.package_identification:_identify(src) by extensions ['cmake', 'python']
[0.514s] Level 1:colcon.colcon_core.package_identification:_identify(src) by extension 'cmake'
[0.514s] Level 1:colcon.colcon_core.package_identification:_identify(src) by extension 'python'
[0.514s] Level 1:colcon.colcon_core.package_identification:_identify(src) by extensions ['python_setup_py']
[0.514s] Level 1:colcon.colcon_core.package_identification:_identify(src) by extension 'python_setup_py'
[0.515s] Level 1:colcon.colcon_core.package_identification:_identify(src/my_py_pkg) by extensions ['ignore', 'ignore_ament_install']
[0.515s] Level 1:colcon.colcon_core.package_identification:_identify(src/my_py_pkg) by extension 'ignore'
[0.515s] Level 1:colcon.colcon_core.package_identification:_identify(src/my_py_pkg) by extension 'ignore_ament_install'
[0.515s] Level 1:colcon.colcon_core.package_identification:_identify(src/my_py_pkg) by extensions ['colcon_pkg']
[0.515s] Level 1:colcon.colcon_core.package_identification:_identify(src/my_py_pkg) by extension 'colcon_pkg'
[0.515s] Level 1:colcon.colcon_core.package_identification:_identify(src/my_py_pkg) by extensions ['colcon_meta']
[0.515s] Level 1:colcon.colcon_core.package_identification:_identify(src/my_py_pkg) by extension 'colcon_meta'
[0.515s] Level 1:colcon.colcon_core.package_identification:_identify(src/my_py_pkg) by extensions ['ros']
[0.515s] Level 1:colcon.colcon_core.package_identification:_identify(src/my_py_pkg) by extension 'ros'
[0.518s] DEBUG:colcon.colcon_core.package_identification:Package 'src/my_py_pkg' with type 'ros.ament_python' and name 'my_py_pkg'
[0.518s] Level 1:colcon.colcon_core.package_identification:_identify(src/my_robot_bringup) by extensions ['ignore', 'ignore_ament_install']
[0.519s] Level 1:colcon.colcon_core.package_identification:_identify(src/my_robot_bringup) by extension 'ignore'
[0.519s] Level 1:colcon.colcon_core.package_identification:_identify(src/my_robot_bringup) by extension 'ignore_ament_install'
[0.519s] Level 1:colcon.colcon_core.package_identification:_identify(src/my_robot_bringup) by extensions ['colcon_pkg']
[0.519s] Level 1:colcon.colcon_core.package_identification:_identify(src/my_robot_bringup) by extension 'colcon_pkg'
[0.519s] Level 1:colcon.colcon_core.package_identification:_identify(src/my_robot_bringup) by extensions ['colcon_meta']
[0.519s] Level 1:colcon.colcon_core.package_identification:_identify(src/my_robot_bringup) by extension 'colcon_meta'
[0.519s] Level 1:colcon.colcon_core.package_identification:_identify(src/my_robot_bringup) by extensions ['ros']
[0.519s] Level 1:colcon.colcon_core.package_identification:_identify(src/my_robot_bringup) by extension 'ros'
[0.520s] DEBUG:colcon.colcon_core.package_identification:Package 'src/my_robot_bringup' with type 'ros.ament_cmake' and name 'my_robot_bringup'
[0.520s] Level 1:colcon.colcon_core.package_identification:_identify(src/my_robot_interfaces) by extensions ['ignore', 'ignore_ament_install']
[0.520s] Level 1:colcon.colcon_core.package_identification:_identify(src/my_robot_interfaces) by extension 'ignore'
[0.520s] Level 1:colcon.colcon_core.package_identification:_identify(src/my_robot_interfaces) by extension 'ignore_ament_install'
[0.520s] Level 1:colcon.colcon_core.package_identification:_identify(src/my_robot_interfaces) by extensions ['colcon_pkg']
[0.520s] Level 1:colcon.colcon_core.package_identification:_identify(src/my_robot_interfaces) by extension 'colcon_pkg'
[0.520s] Level 1:colcon.colcon_core.package_identification:_identify(src/my_robot_interfaces) by extensions ['colcon_meta']
[0.520s] Level 1:colcon.colcon_core.package_identification:_identify(src/my_robot_interfaces) by extension 'colcon_meta'
[0.520s] Level 1:colcon.colcon_core.package_identification:_identify(src/my_robot_interfaces) by extensions ['ros']
[0.520s] Level 1:colcon.colcon_core.package_identification:_identify(src/my_robot_interfaces) by extension 'ros'
[0.521s] DEBUG:colcon.colcon_core.package_identification:Package 'src/my_robot_interfaces' with type 'ros.ament_cmake' and name 'my_robot_interfaces'
[0.521s] Level 1:colcon.colcon_core.package_discovery:discover_packages(recursive) using defaults
[0.521s] Level 1:colcon.colcon_core.package_discovery:discover_packages(ignore) discover
[0.522s] Level 1:colcon.colcon_core.package_discovery:discover_packages(ignore) using defaults
[0.522s] Level 1:colcon.colcon_core.package_discovery:discover_packages(path) discover
[0.522s] Level 1:colcon.colcon_core.package_discovery:discover_packages(path) using defaults
[0.552s] Level 1:colcon.colcon_core.package_discovery:discover_packages(prefix_path) check parameters
[0.552s] Level 1:colcon.colcon_core.package_discovery:discover_packages(prefix_path) discover
[0.554s] DEBUG:colcon.colcon_installed_package_information.package_discovery:Found 1 installed packages in /home/beyza/nav_ws/install
[0.554s] DEBUG:colcon.colcon_installed_package_information.package_discovery:Found 3 installed packages in /home/beyza/turtlebot3_ws/install
[0.555s] DEBUG:colcon.colcon_installed_package_information.package_discovery:Found 3 installed packages in /home/beyza/ros2_ws/install
[0.557s] DEBUG:colcon.colcon_installed_package_information.package_discovery:Found 342 installed packages in /opt/ros/humble
[0.559s] Level 1:colcon.colcon_core.package_discovery:discover_packages(prefix_path) using defaults
[0.645s] Level 5:colcon.colcon_core.verb:set package 'my_robot_interfaces' build argument 'cmake_args' from command line to 'None'
[0.645s] Level 5:colcon.colcon_core.verb:set package 'my_robot_interfaces' build argument 'cmake_target' from command line to 'None'
[0.645s] Level 5:colcon.colcon_core.verb:set package 'my_robot_interfaces' build argument 'cmake_target_skip_unavailable' from command line to 'False'
[0.645s] Level 5:colcon.colcon_core.verb:set package 'my_robot_interfaces' build argument 'cmake_clean_cache' from command line to 'False'
[0.645s] Level 5:colcon.colcon_core.verb:set package 'my_robot_interfaces' build argument 'cmake_clean_first' from command line to 'False'
[0.645s] Level 5:colcon.colcon_core.verb:set package 'my_robot_interfaces' build argument 'cmake_force_configure' from command line to 'False'
[0.645s] Level 5:colcon.colcon_core.verb:set package 'my_robot_interfaces' build argument 'ament_cmake_args' from command line to 'None'
[0.645s] Level 5:colcon.colcon_core.verb:set package 'my_robot_interfaces' build argument 'catkin_cmake_args' from command line to 'None'
[0.645s] Level 5:colcon.colcon_core.verb:set package 'my_robot_interfaces' build argument 'catkin_skip_building_tests' from command line to 'False'
[0.645s] DEBUG:colcon.colcon_core.verb:Building package 'my_robot_interfaces' with the following arguments: {'ament_cmake_args': None, 'build_base': '/home/beyza/ros2_ws/build/my_robot_interfaces', 'catkin_cmake_args': None, 'catkin_skip_building_tests': False, 'cmake_args': None, 'cmake_clean_cache': False, 'cmake_clean_first': False, 'cmake_force_configure': False, 'cmake_target': None, 'cmake_target_skip_unavailable': False, 'install_base': '/home/beyza/ros2_ws/install/my_robot_interfaces', 'merge_install': False, 'path': '/home/beyza/ros2_ws/src/my_robot_interfaces', 'symlink_install': False, 'test_result_base': None}
[0.646s] Level 5:colcon.colcon_core.verb:set package 'my_py_pkg' build argument 'cmake_args' from command line to 'None'
[0.646s] Level 5:colcon.colcon_core.verb:set package 'my_py_pkg' build argument 'cmake_target' from command line to 'None'
[0.646s] Level 5:colcon.colcon_core.verb:set package 'my_py_pkg' build argument 'cmake_target_skip_unavailable' from command line to 'False'
[0.646s] Level 5:colcon.colcon_core.verb:set package 'my_py_pkg' build argument 'cmake_clean_cache' from command line to 'False'
[0.646s] Level 5:colcon.colcon_core.verb:set package 'my_py_pkg' build argument 'cmake_clean_first' from command line to 'False'
[0.646s] Level 5:colcon.colcon_core.verb:set package 'my_py_pkg' build argument 'cmake_force_configure' from command line to 'False'
[0.647s] Level 5:colcon.colcon_core.verb:set package 'my_py_pkg' build argument 'ament_cmake_args' from command line to 'None'
[0.647s] Level 5:colcon.colcon_core.verb:set package 'my_py_pkg' build argument 'catkin_cmake_args' from command line to 'None'
[0.647s] Level 5:colcon.colcon_core.verb:set package 'my_py_pkg' build argument 'catkin_skip_building_tests' from command line to 'False'
[0.647s] DEBUG:colcon.colcon_core.verb:Building package 'my_py_pkg' with the following arguments: {'ament_cmake_args': None, 'build_base': '/home/beyza/ros2_ws/build/my_py_pkg', 'catkin_cmake_args': None, 'catkin_skip_building_tests': False, 'cmake_args': None, 'cmake_clean_cache': False, 'cmake_clean_first': False, 'cmake_force_configure': False, 'cmake_target': None, 'cmake_target_skip_unavailable': False, 'install_base': '/home/beyza/ros2_ws/install/my_py_pkg', 'merge_install': False, 'path': '/home/beyza/ros2_ws/src/my_py_pkg', 'symlink_install': False, 'test_result_base': None}
[0.648s] Level 5:colcon.colcon_core.verb:set package 'my_robot_bringup' build argument 'cmake_args' from command line to 'None'
[0.648s] Level 5:colcon.colcon_core.verb:set package 'my_robot_bringup' build argument 'cmake_target' from command line to 'None'
[0.648s] Level 5:colcon.colcon_core.verb:set package 'my_robot_bringup' build argument 'cmake_target_skip_unavailable' from command line to 'False'
[0.648s] Level 5:colcon.colcon_core.verb:set package 'my_robot_bringup' build argument 'cmake_clean_cache' from command line to 'False'
[0.648s] Level 5:colcon.colcon_core.verb:set package 'my_robot_bringup' build argument 'cmake_clean_first' from command line to 'False'
[0.648s] Level 5:colcon.colcon_core.verb:set package 'my_robot_bringup' build argument 'cmake_force_configure' from command line to 'False'
[0.648s] Level 5:colcon.colcon_core.verb:set package 'my_robot_bringup' build argument 'ament_cmake_args' from command line to 'None'
[0.648s] Level 5:colcon.colcon_core.verb:set package 'my_robot_bringup' build argument 'catkin_cmake_args' from command line to 'None'
[0.648s] Level 5:colcon.colcon_core.verb:set package 'my_robot_bringup' build argument 'catkin_skip_building_tests' from command line to 'False'
[0.648s] DEBUG:colcon.colcon_core.verb:Building package 'my_robot_bringup' with the following arguments: {'ament_cmake_args': None, 'build_base': '/home/beyza/ros2_ws/build/my_robot_bringup', 'catkin_cmake_args': None, 'catkin_skip_building_tests': False, 'cmake_args': None, 'cmake_clean_cache': False, 'cmake_clean_first': False, 'cmake_force_configure': False, 'cmake_target': None, 'cmake_target_skip_unavailable': False, 'install_base': '/home/beyza/ros2_ws/install/my_robot_bringup', 'merge_install': False, 'path': '/home/beyza/ros2_ws/src/my_robot_bringup', 'symlink_install': False, 'test_result_base': None}
[0.649s] INFO:colcon.colcon_core.executor:Executing jobs using 'parallel' executor
[0.653s] DEBUG:colcon.colcon_parallel_executor.executor.parallel:run_until_complete
[0.653s] INFO:colcon.colcon_ros.task.ament_cmake.build:Building ROS package in '/home/beyza/ros2_ws/src/my_robot_interfaces' with build type 'ament_cmake'
[0.653s] INFO:colcon.colcon_cmake.task.cmake.build:Building CMake package in '/home/beyza/ros2_ws/src/my_robot_interfaces'
[0.659s] INFO:colcon.colcon_core.plugin_system:Skipping extension 'colcon_core.shell.bat': Not used on non-Windows systems
[0.659s] INFO:colcon.colcon_core.shell:Skip shell extension 'powershell' for command environment: Not usable outside of PowerShell
[0.659s] DEBUG:colcon.colcon_core.shell:Skip shell extension 'dsv' for command environment
[0.674s] DEBUG:colcon.colcon_core.event_handler.log_command:Invoking command in '/home/beyza/ros2_ws/build/my_robot_interfaces': CMAKE_PREFIX_PATH=${CMAKE_PREFIX_PATH}:/home/beyza/ros2_ws/install/my_py_pkg:/home/beyza/nav_ws/install/a_star:/opt/ros/humble /usr/bin/cmake --build /home/beyza/ros2_ws/build/my_robot_interfaces -- -j12 -l12
[1.167s] DEBUG:colcon.colcon_core.event_handler.log_command:Invoked command in '/home/beyza/ros2_ws/build/my_robot_interfaces' returned '0': CMAKE_PREFIX_PATH=${CMAKE_PREFIX_PATH}:/home/beyza/ros2_ws/install/my_py_pkg:/home/beyza/nav_ws/install/a_star:/opt/ros/humble /usr/bin/cmake --build /home/beyza/ros2_ws/build/my_robot_interfaces -- -j12 -l12
[1.331s] DEBUG:colcon.colcon_core.event_handler.log_command:Invoking command in '/home/beyza/ros2_ws/build/my_robot_interfaces': CMAKE_PREFIX_PATH=${CMAKE_PREFIX_PATH}:/home/beyza/ros2_ws/install/my_py_pkg:/home/beyza/nav_ws/install/a_star:/opt/ros/humble /usr/bin/cmake --install /home/beyza/ros2_ws/build/my_robot_interfaces
[1.395s] Level 1:colcon.colcon_core.environment:create_environment_scripts_only(my_robot_interfaces)
[1.401s] DEBUG:colcon.colcon_core.event_handler.log_command:Invoked command in '/home/beyza/ros2_ws/build/my_robot_interfaces' returned '0': CMAKE_PREFIX_PATH=${CMAKE_PREFIX_PATH}:/home/beyza/ros2_ws/install/my_py_pkg:/home/beyza/nav_ws/install/a_star:/opt/ros/humble /usr/bin/cmake --install /home/beyza/ros2_ws/build/my_robot_interfaces
[1.402s] Level 1:colcon.colcon_core.environment:checking '/home/beyza/ros2_ws/install/my_robot_interfaces' for CMake module files
[1.402s] Level 1:colcon.colcon_core.environment:checking '/home/beyza/ros2_ws/install/my_robot_interfaces' for CMake config files
[1.403s] Level 1:colcon.colcon_core.shell:create_environment_hook('my_robot_interfaces', 'cmake_prefix_path')
[1.404s] INFO:colcon.colcon_core.shell:Creating environment hook '/home/beyza/ros2_ws/install/my_robot_interfaces/share/my_robot_interfaces/hook/cmake_prefix_path.ps1'
[1.405s] INFO:colcon.colcon_core.shell:Creating environment descriptor '/home/beyza/ros2_ws/install/my_robot_interfaces/share/my_robot_interfaces/hook/cmake_prefix_path.dsv'
[1.405s] INFO:colcon.colcon_core.shell:Creating environment hook '/home/beyza/ros2_ws/install/my_robot_interfaces/share/my_robot_interfaces/hook/cmake_prefix_path.sh'
[1.406s] Level 1:colcon.colcon_core.environment:checking '/home/beyza/ros2_ws/install/my_robot_interfaces/lib'
[1.406s] Level 1:colcon.colcon_core.shell:create_environment_hook('my_robot_interfaces', 'ld_library_path_lib')
[1.407s] INFO:colcon.colcon_core.shell:Creating environment hook '/home/beyza/ros2_ws/install/my_robot_interfaces/share/my_robot_interfaces/hook/ld_library_path_lib.ps1'
[1.407s] INFO:colcon.colcon_core.shell:Creating environment descriptor '/home/beyza/ros2_ws/install/my_robot_interfaces/share/my_robot_interfaces/hook/ld_library_path_lib.dsv'
[1.407s] INFO:colcon.colcon_core.shell:Creating environment hook '/home/beyza/ros2_ws/install/my_robot_interfaces/share/my_robot_interfaces/hook/ld_library_path_lib.sh'
[1.408s] Level 1:colcon.colcon_core.environment:checking '/home/beyza/ros2_ws/install/my_robot_interfaces/bin'
[1.408s] Level 1:colcon.colcon_core.environment:checking '/home/beyza/ros2_ws/install/my_robot_interfaces/lib/pkgconfig/my_robot_interfaces.pc'
[1.408s] Level 1:colcon.colcon_core.environment:checking '/home/beyza/ros2_ws/install/my_robot_interfaces/lib/python3.10/site-packages'
[1.408s] Level 1:colcon.colcon_core.environment:checking '/home/beyza/ros2_ws/install/my_robot_interfaces/bin'
[1.409s] INFO:colcon.colcon_core.shell:Creating package script '/home/beyza/ros2_ws/install/my_robot_interfaces/share/my_robot_interfaces/package.ps1'
[1.410s] INFO:colcon.colcon_core.shell:Creating package descriptor '/home/beyza/ros2_ws/install/my_robot_interfaces/share/my_robot_interfaces/package.dsv'
[1.410s] INFO:colcon.colcon_core.shell:Creating package script '/home/beyza/ros2_ws/install/my_robot_interfaces/share/my_robot_interfaces/package.sh'
[1.411s] INFO:colcon.colcon_core.shell:Creating package script '/home/beyza/ros2_ws/install/my_robot_interfaces/share/my_robot_interfaces/package.bash'
[1.411s] INFO:colcon.colcon_core.shell:Creating package script '/home/beyza/ros2_ws/install/my_robot_interfaces/share/my_robot_interfaces/package.zsh'
[1.412s] Level 1:colcon.colcon_core.environment:create_file_with_runtime_dependencies(/home/beyza/ros2_ws/install/my_robot_interfaces/share/colcon-core/packages/my_robot_interfaces)
[1.510s] Level 1:colcon.colcon_core.environment:create_environment_scripts_only(my_robot_interfaces)
[1.512s] Level 1:colcon.colcon_core.environment:checking '/home/beyza/ros2_ws/install/my_robot_interfaces' for CMake module files
[1.512s] Level 1:colcon.colcon_core.environment:checking '/home/beyza/ros2_ws/install/my_robot_interfaces' for CMake config files
[1.513s] Level 1:colcon.colcon_core.shell:create_environment_hook('my_robot_interfaces', 'cmake_prefix_path')
[1.514s] INFO:colcon.colcon_core.shell:Creating environment hook '/home/beyza/ros2_ws/install/my_robot_interfaces/share/my_robot_interfaces/hook/cmake_prefix_path.ps1'
[1.514s] INFO:colcon.colcon_core.shell:Creating environment descriptor '/home/beyza/ros2_ws/install/my_robot_interfaces/share/my_robot_interfaces/hook/cmake_prefix_path.dsv'
[1.515s] INFO:colcon.colcon_core.shell:Creating environment hook '/home/beyza/ros2_ws/install/my_robot_interfaces/share/my_robot_interfaces/hook/cmake_prefix_path.sh'
[1.515s] Level 1:colcon.colcon_core.environment:checking '/home/beyza/ros2_ws/install/my_robot_interfaces/lib'
[1.515s] Level 1:colcon.colcon_core.shell:create_environment_hook('my_robot_interfaces', 'ld_library_path_lib')
[1.516s] INFO:colcon.colcon_core.shell:Creating environment hook '/home/beyza/ros2_ws/install/my_robot_interfaces/share/my_robot_interfaces/hook/ld_library_path_lib.ps1'
[1.516s] INFO:colcon.colcon_core.shell:Creating environment descriptor '/home/beyza/ros2_ws/install/my_robot_interfaces/share/my_robot_interfaces/hook/ld_library_path_lib.dsv'
[1.517s] INFO:colcon.colcon_core.shell:Creating environment hook '/home/beyza/ros2_ws/install/my_robot_interfaces/share/my_robot_interfaces/hook/ld_library_path_lib.sh'
[1.517s] Level 1:colcon.colcon_core.environment:checking '/home/beyza/ros2_ws/install/my_robot_interfaces/bin'
[1.517s] Level 1:colcon.colcon_core.environment:checking '/home/beyza/ros2_ws/install/my_robot_interfaces/lib/pkgconfig/my_robot_interfaces.pc'
[1.517s] Level 1:colcon.colcon_core.environment:checking '/home/beyza/ros2_ws/install/my_robot_interfaces/lib/python3.10/site-packages'
[1.517s] Level 1:colcon.colcon_core.environment:checking '/home/beyza/ros2_ws/install/my_robot_interfaces/bin'
[1.519s] INFO:colcon.colcon_core.shell:Creating package script '/home/beyza/ros2_ws/install/my_robot_interfaces/share/my_robot_interfaces/package.ps1'
[1.519s] INFO:colcon.colcon_core.shell:Creating package descriptor '/home/beyza/ros2_ws/install/my_robot_interfaces/share/my_robot_interfaces/package.dsv'
[1.519s] INFO:colcon.colcon_core.shell:Creating package script '/home/beyza/ros2_ws/install/my_robot_interfaces/share/my_robot_interfaces/package.sh'
[1.520s] INFO:colcon.colcon_core.shell:Creating package script '/home/beyza/ros2_ws/install/my_robot_interfaces/share/my_robot_interfaces/package.bash'
[1.520s] INFO:colcon.colcon_core.shell:Creating package script '/home/beyza/ros2_ws/install/my_robot_interfaces/share/my_robot_interfaces/package.zsh'
[1.521s] Level 1:colcon.colcon_core.environment:create_file_with_runtime_dependencies(/home/beyza/ros2_ws/install/my_robot_interfaces/share/colcon-core/packages/my_robot_interfaces)
[1.521s] INFO:colcon.colcon_ros.task.ament_python.build:Building ROS package in '/home/beyza/ros2_ws/src/my_py_pkg' with build type 'ament_python'
[1.521s] Level 1:colcon.colcon_core.shell:create_environment_hook('my_py_pkg', 'ament_prefix_path')
[1.523s] INFO:colcon.colcon_core.shell:Creating environment hook '/home/beyza/ros2_ws/install/my_py_pkg/share/my_py_pkg/hook/ament_prefix_path.ps1'
[1.523s] INFO:colcon.colcon_core.shell:Creating environment descriptor '/home/beyza/ros2_ws/install/my_py_pkg/share/my_py_pkg/hook/ament_prefix_path.dsv'
[1.523s] INFO:colcon.colcon_core.shell:Creating environment hook '/home/beyza/ros2_ws/install/my_py_pkg/share/my_py_pkg/hook/ament_prefix_path.sh'
[1.525s] INFO:colcon.colcon_core.shell:Skip shell extension 'powershell' for command environment: Not usable outside of PowerShell
[1.525s] DEBUG:colcon.colcon_core.shell:Skip shell extension 'dsv' for command environment
[1.914s] INFO:colcon.colcon_core.task.python.build:Building Python package in '/home/beyza/ros2_ws/src/my_py_pkg'
[1.916s] INFO:colcon.colcon_core.shell:Skip shell extension 'powershell' for command environment: Not usable outside of PowerShell
[1.916s] DEBUG:colcon.colcon_core.shell:Skip shell extension 'dsv' for command environment
[2.258s] DEBUG:colcon.colcon_core.event_handler.log_command:Invoking command in '/home/beyza/ros2_ws/build/my_py_pkg': CMAKE_PREFIX_PATH=/home/beyza/ros2_ws/install/my_robot_interfaces:/home/beyza/ros2_ws/install/my_robot_bringup:/home/beyza/turtlebot3_ws/install/turtlebot3_simulations:/home/beyza/turtlebot3_ws/install/turtlebot3_gazebo:/home/beyza/turtlebot3_ws/install/turtlebot3_fake_node PYTHONPATH=/home/beyza/ros2_ws/build/my_py_pkg/prefix_override:/home/beyza/ros2_ws/install/my_py_pkg/lib/python3.10/site-packages:${PYTHONPATH} /usr/bin/python3 setup.py develop --uninstall --editable --build-directory /home/beyza/ros2_ws/build/my_py_pkg/build
[2.884s] DEBUG:colcon.colcon_core.event_handler.log_command:Invoked command in '/home/beyza/ros2_ws/build/my_py_pkg' returned '0': CMAKE_PREFIX_PATH=/home/beyza/ros2_ws/install/my_robot_interfaces:/home/beyza/ros2_ws/install/my_robot_bringup:/home/beyza/turtlebot3_ws/install/turtlebot3_simulations:/home/beyza/turtlebot3_ws/install/turtlebot3_gazebo:/home/beyza/turtlebot3_ws/install/turtlebot3_fake_node PYTHONPATH=/home/beyza/ros2_ws/build/my_py_pkg/prefix_override:/home/beyza/ros2_ws/install/my_py_pkg/lib/python3.10/site-packages:${PYTHONPATH} /usr/bin/python3 setup.py develop --uninstall --editable --build-directory /home/beyza/ros2_ws/build/my_py_pkg/build
[2.886s] DEBUG:colcon.colcon_core.event_handler.log_command:Invoking command in '/home/beyza/ros2_ws/src/my_py_pkg': CMAKE_PREFIX_PATH=/home/beyza/ros2_ws/install/my_robot_interfaces:/home/beyza/ros2_ws/install/my_robot_bringup:/home/beyza/turtlebot3_ws/install/turtlebot3_simulations:/home/beyza/turtlebot3_ws/install/turtlebot3_gazebo:/home/beyza/turtlebot3_ws/install/turtlebot3_fake_node PYTHONPATH=/home/beyza/ros2_ws/build/my_py_pkg/prefix_override:/home/beyza/ros2_ws/install/my_py_pkg/lib/python3.10/site-packages:${PYTHONPATH} /usr/bin/python3 setup.py egg_info --egg-base ../../build/my_py_pkg build --build-base /home/beyza/ros2_ws/build/my_py_pkg/build install --record /home/beyza/ros2_ws/build/my_py_pkg/install.log --single-version-externally-managed
[3.302s] Level 1:colcon.colcon_core.environment:checking '/home/beyza/ros2_ws/install/my_py_pkg' for CMake module files
[3.303s] DEBUG:colcon.colcon_core.event_handler.log_command:Invoked command in '/home/beyza/ros2_ws/src/my_py_pkg' returned '0': CMAKE_PREFIX_PATH=/home/beyza/ros2_ws/install/my_robot_interfaces:/home/beyza/ros2_ws/install/my_robot_bringup:/home/beyza/turtlebot3_ws/install/turtlebot3_simulations:/home/beyza/turtlebot3_ws/install/turtlebot3_gazebo:/home/beyza/turtlebot3_ws/install/turtlebot3_fake_node PYTHONPATH=/home/beyza/ros2_ws/build/my_py_pkg/prefix_override:/home/beyza/ros2_ws/install/my_py_pkg/lib/python3.10/site-packages:${PYTHONPATH} /usr/bin/python3 setup.py egg_info --egg-base ../../build/my_py_pkg build --build-base /home/beyza/ros2_ws/build/my_py_pkg/build install --record /home/beyza/ros2_ws/build/my_py_pkg/install.log --single-version-externally-managed
[3.303s] Level 1:colcon.colcon_core.environment:checking '/home/beyza/ros2_ws/install/my_py_pkg' for CMake config files
[3.304s] Level 1:colcon.colcon_core.environment:checking '/home/beyza/ros2_ws/install/my_py_pkg/lib'
[3.304s] Level 1:colcon.colcon_core.environment:checking '/home/beyza/ros2_ws/install/my_py_pkg/bin'
[3.304s] Level 1:colcon.colcon_core.environment:checking '/home/beyza/ros2_ws/install/my_py_pkg/lib/pkgconfig/my_py_pkg.pc'
[3.304s] Level 1:colcon.colcon_core.environment:checking '/home/beyza/ros2_ws/install/my_py_pkg/lib/python3.10/site-packages'
[3.304s] Level 1:colcon.colcon_core.shell:create_environment_hook('my_py_pkg', 'pythonpath')
[3.306s] INFO:colcon.colcon_core.shell:Creating environment hook '/home/beyza/ros2_ws/install/my_py_pkg/share/my_py_pkg/hook/pythonpath.ps1'
[3.307s] INFO:colcon.colcon_core.shell:Creating environment descriptor '/home/beyza/ros2_ws/install/my_py_pkg/share/my_py_pkg/hook/pythonpath.dsv'
[3.307s] INFO:colcon.colcon_core.shell:Creating environment hook '/home/beyza/ros2_ws/install/my_py_pkg/share/my_py_pkg/hook/pythonpath.sh'
[3.308s] Level 1:colcon.colcon_core.environment:checking '/home/beyza/ros2_ws/install/my_py_pkg/bin'
[3.308s] Level 1:colcon.colcon_core.environment:create_environment_scripts_only(my_py_pkg)
[3.309s] INFO:colcon.colcon_core.shell:Creating package script '/home/beyza/ros2_ws/install/my_py_pkg/share/my_py_pkg/package.ps1'
[3.310s] INFO:colcon.colcon_core.shell:Creating package descriptor '/home/beyza/ros2_ws/install/my_py_pkg/share/my_py_pkg/package.dsv'
[3.310s] INFO:colcon.colcon_core.shell:Creating package script '/home/beyza/ros2_ws/install/my_py_pkg/share/my_py_pkg/package.sh'
[3.311s] INFO:colcon.colcon_core.shell:Creating package script '/home/beyza/ros2_ws/install/my_py_pkg/share/my_py_pkg/package.bash'
[3.311s] INFO:colcon.colcon_core.shell:Creating package script '/home/beyza/ros2_ws/install/my_py_pkg/share/my_py_pkg/package.zsh'
[3.312s] Level 1:colcon.colcon_core.environment:create_file_with_runtime_dependencies(/home/beyza/ros2_ws/install/my_py_pkg/share/colcon-core/packages/my_py_pkg)
[3.312s] INFO:colcon.colcon_ros.task.ament_cmake.build:Building ROS package in '/home/beyza/ros2_ws/src/my_robot_bringup' with build type 'ament_cmake'
[3.312s] INFO:colcon.colcon_cmake.task.cmake.build:Building CMake package in '/home/beyza/ros2_ws/src/my_robot_bringup'
[3.314s] INFO:colcon.colcon_core.shell:Skip shell extension 'powershell' for command environment: Not usable outside of PowerShell
[3.314s] DEBUG:colcon.colcon_core.shell:Skip shell extension 'dsv' for command environment
[3.332s] DEBUG:colcon.colcon_core.event_handler.log_command:Invoking command in '/home/beyza/ros2_ws/build/my_robot_bringup': AMENT_PREFIX_PATH=/home/beyza/ros2_ws/install/my_py_pkg:/home/beyza/ros2_ws/install/my_robot_bringup:/home/beyza/ros2_ws/install/my_robot_interfaces:/home/beyza/nav_ws/install/a_star:/home/beyza/turtlebot3_ws/install/turtlebot3_simulations:/home/beyza/turtlebot3_ws/install/turtlebot3_gazebo:/home/beyza/turtlebot3_ws/install/turtlebot3_fake_node:/opt/ros/humble CMAKE_PREFIX_PATH=/home/beyza/ros2_ws/install/my_robot_interfaces:/home/beyza/ros2_ws/install/my_robot_bringup:/home/beyza/turtlebot3_ws/install/turtlebot3_simulations:/home/beyza/turtlebot3_ws/install/turtlebot3_gazebo:/home/beyza/turtlebot3_ws/install/turtlebot3_fake_node:/home/beyza/ros2_ws/install/my_py_pkg:/home/beyza/nav_ws/install/a_star:/opt/ros/humble /usr/bin/cmake --build /home/beyza/ros2_ws/build/my_robot_bringup -- -j12 -l12
[3.376s] DEBUG:colcon.colcon_core.event_handler.log_command:Invoked command in '/home/beyza/ros2_ws/build/my_robot_bringup' returned '0': AMENT_PREFIX_PATH=/home/beyza/ros2_ws/install/my_py_pkg:/home/beyza/ros2_ws/install/my_robot_bringup:/home/beyza/ros2_ws/install/my_robot_interfaces:/home/beyza/nav_ws/install/a_star:/home/beyza/turtlebot3_ws/install/turtlebot3_simulations:/home/beyza/turtlebot3_ws/install/turtlebot3_gazebo:/home/beyza/turtlebot3_ws/install/turtlebot3_fake_node:/opt/ros/humble CMAKE_PREFIX_PATH=/home/beyza/ros2_ws/install/my_robot_interfaces:/home/beyza/ros2_ws/install/my_robot_bringup:/home/beyza/turtlebot3_ws/install/turtlebot3_simulations:/home/beyza/turtlebot3_ws/install/turtlebot3_gazebo:/home/beyza/turtlebot3_ws/install/turtlebot3_fake_node:/home/beyza/ros2_ws/install/my_py_pkg:/home/beyza/nav_ws/install/a_star:/opt/ros/humble /usr/bin/cmake --build /home/beyza/ros2_ws/build/my_robot_bringup -- -j12 -l12
[3.404s] DEBUG:colcon.colcon_core.event_handler.log_command:Invoking command in '/home/beyza/ros2_ws/build/my_robot_bringup': AMENT_PREFIX_PATH=/home/beyza/ros2_ws/install/my_py_pkg:/home/beyza/ros2_ws/install/my_robot_bringup:/home/beyza/ros2_ws/install/my_robot_interfaces:/home/beyza/nav_ws/install/a_star:/home/beyza/turtlebot3_ws/install/turtlebot3_simulations:/home/beyza/turtlebot3_ws/install/turtlebot3_gazebo:/home/beyza/turtlebot3_ws/install/turtlebot3_fake_node:/opt/ros/humble CMAKE_PREFIX_PATH=/home/beyza/ros2_ws/install/my_robot_interfaces:/home/beyza/ros2_ws/install/my_robot_bringup:/home/beyza/turtlebot3_ws/install/turtlebot3_simulations:/home/beyza/turtlebot3_ws/install/turtlebot3_gazebo:/home/beyza/turtlebot3_ws/install/turtlebot3_fake_node:/home/beyza/ros2_ws/install/my_py_pkg:/home/beyza/nav_ws/install/a_star:/opt/ros/humble /usr/bin/cmake --install /home/beyza/ros2_ws/build/my_robot_bringup
[3.414s] Level 1:colcon.colcon_core.environment:create_environment_scripts_only(my_robot_bringup)
[3.417s] Level 1:colcon.colcon_core.environment:checking '/home/beyza/ros2_ws/install/my_robot_bringup' for CMake module files
[3.418s] DEBUG:colcon.colcon_core.event_handler.log_command:Invoked command in '/home/beyza/ros2_ws/build/my_robot_bringup' returned '0': AMENT_PREFIX_PATH=/home/beyza/ros2_ws/install/my_py_pkg:/home/beyza/ros2_ws/install/my_robot_bringup:/home/beyza/ros2_ws/install/my_robot_interfaces:/home/beyza/nav_ws/install/a_star:/home/beyza/turtlebot3_ws/install/turtlebot3_simulations:/home/beyza/turtlebot3_ws/install/turtlebot3_gazebo:/home/beyza/turtlebot3_ws/install/turtlebot3_fake_node:/opt/ros/humble CMAKE_PREFIX_PATH=/home/beyza/ros2_ws/install/my_robot_interfaces:/home/beyza/ros2_ws/install/my_robot_bringup:/home/beyza/turtlebot3_ws/install/turtlebot3_simulations:/home/beyza/turtlebot3_ws/install/turtlebot3_gazebo:/home/beyza/turtlebot3_ws/install/turtlebot3_fake_node:/home/beyza/ros2_ws/install/my_py_pkg:/home/beyza/nav_ws/install/a_star:/opt/ros/humble /usr/bin/cmake --install /home/beyza/ros2_ws/build/my_robot_bringup
[3.418s] Level 1:colcon.colcon_core.environment:checking '/home/beyza/ros2_ws/install/my_robot_bringup' for CMake config files
[3.418s] Level 1:colcon.colcon_core.shell:create_environment_hook('my_robot_bringup', 'cmake_prefix_path')
[3.420s] INFO:colcon.colcon_core.shell:Creating environment hook '/home/beyza/ros2_ws/install/my_robot_bringup/share/my_robot_bringup/hook/cmake_prefix_path.ps1'
[3.421s] INFO:colcon.colcon_core.shell:Creating environment descriptor '/home/beyza/ros2_ws/install/my_robot_bringup/share/my_robot_bringup/hook/cmake_prefix_path.dsv'
[3.421s] INFO:colcon.colcon_core.shell:Creating environment hook '/home/beyza/ros2_ws/install/my_robot_bringup/share/my_robot_bringup/hook/cmake_prefix_path.sh'
[3.421s] Level 1:colcon.colcon_core.environment:checking '/home/beyza/ros2_ws/install/my_robot_bringup/bin'
[3.422s] Level 1:colcon.colcon_core.environment:checking '/home/beyza/ros2_ws/install/my_robot_bringup/lib/pkgconfig/my_robot_bringup.pc'
[3.422s] Level 1:colcon.colcon_core.environment:checking '/home/beyza/ros2_ws/install/my_robot_bringup/lib/python3.10/site-packages'
[3.422s] Level 1:colcon.colcon_core.environment:checking '/home/beyza/ros2_ws/install/my_robot_bringup/bin'
[3.424s] INFO:colcon.colcon_core.shell:Creating package script '/home/beyza/ros2_ws/install/my_robot_bringup/share/my_robot_bringup/package.ps1'
[3.424s] INFO:colcon.colcon_core.shell:Creating package descriptor '/home/beyza/ros2_ws/install/my_robot_bringup/share/my_robot_bringup/package.dsv'
[3.425s] INFO:colcon.colcon_core.shell:Creating package script '/home/beyza/ros2_ws/install/my_robot_bringup/share/my_robot_bringup/package.sh'
[3.425s] INFO:colcon.colcon_core.shell:Creating package script '/home/beyza/ros2_ws/install/my_robot_bringup/share/my_robot_bringup/package.bash'
[3.425s] INFO:colcon.colcon_core.shell:Creating package script '/home/beyza/ros2_ws/install/my_robot_bringup/share/my_robot_bringup/package.zsh'
[3.426s] Level 1:colcon.colcon_core.environment:create_file_with_runtime_dependencies(/home/beyza/ros2_ws/install/my_robot_bringup/share/colcon-core/packages/my_robot_bringup)
[3.449s] Level 1:colcon.colcon_core.environment:create_environment_scripts_only(my_robot_bringup)
[3.451s] Level 1:colcon.colcon_core.environment:checking '/home/beyza/ros2_ws/install/my_robot_bringup' for CMake module files
[3.452s] Level 1:colcon.colcon_core.environment:checking '/home/beyza/ros2_ws/install/my_robot_bringup' for CMake config files
[3.452s] Level 1:colcon.colcon_core.shell:create_environment_hook('my_robot_bringup', 'cmake_prefix_path')
[3.454s] INFO:colcon.colcon_core.shell:Creating environment hook '/home/beyza/ros2_ws/install/my_robot_bringup/share/my_robot_bringup/hook/cmake_prefix_path.ps1'
[3.454s] INFO:colcon.colcon_core.shell:Creating environment descriptor '/home/beyza/ros2_ws/install/my_robot_bringup/share/my_robot_bringup/hook/cmake_prefix_path.dsv'
[3.454s] INFO:colcon.colcon_core.shell:Creating environment hook '/home/beyza/ros2_ws/install/my_robot_bringup/share/my_robot_bringup/hook/cmake_prefix_path.sh'
[3.455s] Level 1:colcon.colcon_core.environment:checking '/home/beyza/ros2_ws/install/my_robot_bringup/bin'
[3.455s] Level 1:colcon.colcon_core.environment:checking '/home/beyza/ros2_ws/install/my_robot_bringup/lib/pkgconfig/my_robot_bringup.pc'
[3.455s] Level 1:colcon.colcon_core.environment:checking '/home/beyza/ros2_ws/install/my_robot_bringup/lib/python3.10/site-packages'
[3.456s] Level 1:colcon.colcon_core.environment:checking '/home/beyza/ros2_ws/install/my_robot_bringup/bin'
[3.457s] INFO:colcon.colcon_core.shell:Creating package script '/home/beyza/ros2_ws/install/my_robot_bringup/share/my_robot_bringup/package.ps1'
[3.458s] INFO:colcon.colcon_core.shell:Creating package descriptor '/home/beyza/ros2_ws/install/my_robot_bringup/share/my_robot_bringup/package.dsv'
[3.459s] INFO:colcon.colcon_core.shell:Creating package script '/home/beyza/ros2_ws/install/my_robot_bringup/share/my_robot_bringup/package.sh'
[3.459s] INFO:colcon.colcon_core.shell:Creating package script '/home/beyza/ros2_ws/install/my_robot_bringup/share/my_robot_bringup/package.bash'
[3.460s] INFO:colcon.colcon_core.shell:Creating package script '/home/beyza/ros2_ws/install/my_robot_bringup/share/my_robot_bringup/package.zsh'
[3.460s] Level 1:colcon.colcon_core.environment:create_file_with_runtime_dependencies(/home/beyza/ros2_ws/install/my_robot_bringup/share/colcon-core/packages/my_robot_bringup)
[3.460s] DEBUG:colcon.colcon_parallel_executor.executor.parallel:closing loop
[3.461s] DEBUG:colcon.colcon_parallel_executor.executor.parallel:loop closed
[3.461s] DEBUG:colcon.colcon_parallel_executor.executor.parallel:run_until_complete finished with '0'
[3.461s] DEBUG:colcon.colcon_core.event_reactor:joining thread
[3.470s] INFO:colcon.colcon_core.plugin_system:Skipping extension 'colcon_notification.desktop_notification.terminal_notifier': Not used on non-Darwin systems
[3.471s] INFO:colcon.colcon_core.plugin_system:Skipping extension 'colcon_notification.desktop_notification.win32': Not used on non-Windows systems
[3.471s] INFO:colcon.colcon_notification.desktop_notification:Sending desktop notification using 'notify2'
[3.489s] DEBUG:colcon.colcon_core.event_reactor:joined thread
[3.491s] INFO:colcon.colcon_core.shell:Creating prefix script '/home/beyza/ros2_ws/install/local_setup.ps1'
[3.492s] INFO:colcon.colcon_core.shell:Creating prefix util module '/home/beyza/ros2_ws/install/_local_setup_util_ps1.py'
[3.494s] INFO:colcon.colcon_core.shell:Creating prefix chain script '/home/beyza/ros2_ws/install/setup.ps1'
[3.496s] INFO:colcon.colcon_core.shell:Creating prefix script '/home/beyza/ros2_ws/install/local_setup.sh'
[3.496s] INFO:colcon.colcon_core.shell:Creating prefix util module '/home/beyza/ros2_ws/install/_local_setup_util_sh.py'
[3.497s] INFO:colcon.colcon_core.shell:Creating prefix chain script '/home/beyza/ros2_ws/install/setup.sh'
[3.499s] INFO:colcon.colcon_core.shell:Creating prefix script '/home/beyza/ros2_ws/install/local_setup.bash'
[3.500s] INFO:colcon.colcon_core.shell:Creating prefix chain script '/home/beyza/ros2_ws/install/setup.bash'
[3.502s] INFO:colcon.colcon_core.shell:Creating prefix script '/home/beyza/ros2_ws/install/local_setup.zsh'
[3.502s] INFO:colcon.colcon_core.shell:Creating prefix chain script '/home/beyza/ros2_ws/install/setup.zsh'
