[0.394s] Invoking command in '/home/beyza/ros2_ws/build/my_robot_interfaces': CMAKE_PREFIX_PATH=${CMAKE_PREFIX_PATH}:/home/beyza/ros2_ws/install/my_py_pkg:/home/beyza/nav_ws/install/a_star:/opt/ros/humble /usr/bin/cmake /home/beyza/ros2_ws/src/my_robot_interfaces -DCMAKE_INSTALL_PREFIX=/home/beyza/ros2_ws/install/my_robot_interfaces
[0.518s] -- The C compiler identification is GNU 11.3.0
[0.622s] -- The CXX compiler identification is GNU 11.3.0
[0.635s] -- Detecting C compiler ABI info
[0.723s] -- Detecting C compiler ABI info - done
[0.733s] -- Check for working C compiler: /usr/bin/cc - skipped
[0.734s] -- Detecting C compile features
[0.735s] -- Detecting C compile features - done
[0.739s] -- Detecting CXX compiler ABI info
[0.841s] -- Detecting CXX compiler ABI info - done
[0.851s] -- Check for working CXX compiler: /usr/bin/c++ - skipped
[0.852s] -- Detecting CXX compile features
[0.852s] -- Detecting CXX compile features - done
[0.860s] -- Found ament_cmake: 1.3.3 (/opt/ros/humble/share/ament_cmake/cmake)
[1.094s] -- Found Python3: /usr/bin/python3.10 (found version "3.10.6") found components: Interpreter 
[1.235s] -- Found rosidl_default_generators: 1.2.0 (/opt/ros/humble/share/rosidl_default_generators/cmake)
[1.243s] -- Using all available rosidl_typesupport_c: rosidl_typesupport_fastrtps_c;rosidl_typesupport_introspection_c
[1.257s] -- Found rosidl_adapter: 3.1.4 (/opt/ros/humble/share/rosidl_adapter/cmake)
[1.336s] -- Using all available rosidl_typesupport_cpp: rosidl_typesupport_fastrtps_cpp;rosidl_typesupport_introspection_cpp
[1.401s] [31mCMake Error at /opt/ros/humble/share/rosidl_cmake/cmake/rosidl_generate_interfaces.cmake:93 (message):
[1.401s]   rosidl_generate_interfaces() the passed file 'msg/LedStateArray.msg'
[1.401s]   doesn't exist relative to the CMAKE_CURRENT_SOURCE_DIR
[1.401s]   '/home/beyza/ros2_ws/src/my_robot_interfaces'
[1.401s] Call Stack (most recent call first):
[1.401s]   CMakeLists.txt:12 (rosidl_generate_interfaces)
[1.402s] 
[1.402s] [0m
[1.402s] -- Configuring incomplete, errors occurred!
[1.402s] See also "/home/beyza/ros2_ws/build/my_robot_interfaces/CMakeFiles/CMakeOutput.log".
[1.408s] Invoked command in '/home/beyza/ros2_ws/build/my_robot_interfaces' returned '1': CMAKE_PREFIX_PATH=${CMAKE_PREFIX_PATH}:/home/beyza/ros2_ws/install/my_py_pkg:/home/beyza/nav_ws/install/a_star:/opt/ros/humble /usr/bin/cmake /home/beyza/ros2_ws/src/my_robot_interfaces -DCMAKE_INSTALL_PREFIX=/home/beyza/ros2_ws/install/my_robot_interfaces
